-- Found ament_cmake: 1.3.11 (/opt/ros/humble/share/ament_cmake/cmake)
-- Override CMake install command with custom implementation using symlinks instead of copying resources
-- Found ament_lint_auto: 0.12.12 (/opt/ros/humble/share/ament_lint_auto/cmake)
Error parsing '/home/louise/Development/rover_project/wave_rover_gazebo_ws/src/wave_rover_description/package.xml':
Traceback (most recent call last):
  File "/opt/ros/humble/share/ament_cmake_core/cmake/core/package_xml_2_cmake.py", line 150, in <module>
    main()
  File "/opt/ros/humble/share/ament_cmake_core/cmake/core/package_xml_2_cmake.py", line 53, in main
    raise e
  File "/opt/ros/humble/share/ament_cmake_core/cmake/core/package_xml_2_cmake.py", line 49, in main
    package = parse_package_string(
  File "/usr/lib/python3/dist-packages/catkin_pkg/package.py", line 719, in parse_package_string
    export_node = _get_optional_node(root, 'export', filename)
  File "/usr/lib/python3/dist-packages/catkin_pkg/package.py", line 807, in _get_optional_node
    raise InvalidPackage('The manifest must not contain more than one "%s" tags' % tagname, filename)
catkin_pkg.package.InvalidPackage: Error(s) in package '/home/louise/Development/rover_project/wave_rover_gazebo_ws/src/wave_rover_description/package.xml':
The manifest must not contain more than one "export" tags
[31mCMake Error at /opt/ros/humble/share/ament_cmake_core/cmake/core/ament_package_xml.cmake:95 (message):
  execute_process(/usr/bin/python3
  /opt/ros/humble/share/ament_cmake_core/cmake/core/package_xml_2_cmake.py
  /home/louise/Development/rover_project/wave_rover_gazebo_ws/src/wave_rover_description/package.xml
  /home/louise/Development/rover_project/wave_rover_gazebo_ws/build/wave_rover_description/ament_cmake_core/package.cmake)
  returned error code 1
Call Stack (most recent call first):
  /opt/ros/humble/share/ament_cmake_core/cmake/core/ament_package_xml.cmake:49 (_ament_package_xml)
  /opt/ros/humble/share/ament_lint_auto/cmake/ament_lint_auto_find_test_dependencies.cmake:31 (ament_package_xml)
  CMakeLists.txt:32 (ament_lint_auto_find_test_dependencies)

[0m
-- Configuring incomplete, errors occurred!
See also "/home/louise/Development/rover_project/wave_rover_gazebo_ws/build/wave_rover_description/CMakeFiles/CMakeOutput.log".
