[0.367s] Invoking command in '/home/louise/Development/rover_project/wave_rover_gazebo_ws/build/wave_rover_description': /usr/bin/cmake /home/louise/Development/rover_project/wave_rover_gazebo_ws/src/wave_rover_description -DCMAKE_INSTALL_PREFIX=/home/louise/Development/rover_project/wave_rover_gazebo_ws/install/wave_rover_description
[0.376s] -- Found ament_cmake: 1.3.11 (/opt/ros/humble/share/ament_cmake/cmake)
[0.478s] -- Override CMake install command with custom implementation using symlinks instead of copying resources
[0.486s] -- Found ament_lint_auto: 0.12.12 (/opt/ros/humble/share/ament_lint_auto/cmake)
[0.528s] Error parsing '/home/louise/Development/rover_project/wave_rover_gazebo_ws/src/wave_rover_description/package.xml':
[0.563s] Traceback (most recent call last):
[0.563s]   File "/opt/ros/humble/share/ament_cmake_core/cmake/core/package_xml_2_cmake.py", line 150, in <module>
[0.563s]     main()
[0.563s]   File "/opt/ros/humble/share/ament_cmake_core/cmake/core/package_xml_2_cmake.py", line 53, in main
[0.563s]     raise e
[0.563s]   File "/opt/ros/humble/share/ament_cmake_core/cmake/core/package_xml_2_cmake.py", line 49, in main
[0.563s]     package = parse_package_string(
[0.563s]   File "/usr/lib/python3/dist-packages/catkin_pkg/package.py", line 719, in parse_package_string
[0.563s]     export_node = _get_optional_node(root, 'export', filename)
[0.563s]   File "/usr/lib/python3/dist-packages/catkin_pkg/package.py", line 807, in _get_optional_node
[0.563s]     raise InvalidPackage('The manifest must not contain more than one "%s" tags' % tagname, filename)
[0.563s] catkin_pkg.package.InvalidPackage: Error(s) in package '/home/louise/Development/rover_project/wave_rover_gazebo_ws/src/wave_rover_description/package.xml':
[0.563s] The manifest must not contain more than one "export" tags
[0.576s] [31mCMake Error at /opt/ros/humble/share/ament_cmake_core/cmake/core/ament_package_xml.cmake:95 (message):
[0.576s]   execute_process(/usr/bin/python3
[0.576s]   /opt/ros/humble/share/ament_cmake_core/cmake/core/package_xml_2_cmake.py
[0.576s]   /home/louise/Development/rover_project/wave_rover_gazebo_ws/src/wave_rover_description/package.xml
[0.576s]   /home/louise/Development/rover_project/wave_rover_gazebo_ws/build/wave_rover_description/ament_cmake_core/package.cmake)
[0.576s]   returned error code 1
[0.576s] Call Stack (most recent call first):
[0.576s]   /opt/ros/humble/share/ament_cmake_core/cmake/core/ament_package_xml.cmake:49 (_ament_package_xml)
[0.576s]   /opt/ros/humble/share/ament_lint_auto/cmake/ament_lint_auto_find_test_dependencies.cmake:31 (ament_package_xml)
[0.576s]   CMakeLists.txt:32 (ament_lint_auto_find_test_dependencies)
[0.576s] 
[0.576s] [0m
[0.576s] -- Configuring incomplete, errors occurred!
[0.576s] See also "/home/louise/Development/rover_project/wave_rover_gazebo_ws/build/wave_rover_description/CMakeFiles/CMakeOutput.log".
[0.579s] Invoked command in '/home/louise/Development/rover_project/wave_rover_gazebo_ws/build/wave_rover_description' returned '1': /usr/bin/cmake /home/louise/Development/rover_project/wave_rover_gazebo_ws/src/wave_rover_description -DCMAKE_INSTALL_PREFIX=/home/louise/Development/rover_project/wave_rover_gazebo_ws/install/wave_rover_description
