[0.630s] Invoking command in '/home/louise/Development/rover_project/wave_rover_gazebo_ws/build/launch_sim': PYTHONPATH=/home/louise/Development/rover_project/wave_rover_gazebo_ws/build/launch_sim/prefix_override:/usr/lib/python3/dist-packages/colcon_core/task/python/colcon_distutils_commands:/home/louise/Development/rover_project/wave_rover_gazebo_ws/install/launch_sim/lib/python3.10/site-packages:${PYTHONPATH} /usr/bin/python3 -W ignore:setup.py install is deprecated -W ignore:easy_install command is deprecated setup.py develop --editable --build-directory /home/louise/Development/rover_project/wave_rover_gazebo_ws/build/launch_sim/build --no-deps symlink_data
[0.830s] running develop
[0.971s] running egg_info
[0.971s] creating launch_sim.egg-info
[0.971s] writing launch_sim.egg-info/PKG-INFO
[0.971s] writing dependency_links to launch_sim.egg-info/dependency_links.txt
[0.971s] writing entry points to launch_sim.egg-info/entry_points.txt
[0.972s] writing requirements to launch_sim.egg-info/requires.txt
[0.972s] writing top-level names to launch_sim.egg-info/top_level.txt
[0.972s] writing manifest file 'launch_sim.egg-info/SOURCES.txt'
[0.973s] reading manifest file 'launch_sim.egg-info/SOURCES.txt'
[0.973s] writing manifest file 'launch_sim.egg-info/SOURCES.txt'
[0.975s] running build_ext
[0.975s] Creating /home/louise/Development/rover_project/wave_rover_gazebo_ws/install/launch_sim/lib/python3.10/site-packages/launch-sim.egg-link (link to .)
[0.975s] 
[0.975s] Installed /home/louise/Development/rover_project/wave_rover_gazebo_ws/build/launch_sim
[0.975s] running symlink_data
[0.976s] creating /home/louise/Development/rover_project/wave_rover_gazebo_ws/install/launch_sim/share/ament_index
[0.976s] creating /home/louise/Development/rover_project/wave_rover_gazebo_ws/install/launch_sim/share/ament_index/resource_index
[0.976s] creating /home/louise/Development/rover_project/wave_rover_gazebo_ws/install/launch_sim/share/ament_index/resource_index/packages
[0.976s] symbolically linking /home/louise/Development/rover_project/wave_rover_gazebo_ws/build/launch_sim/resource/launch_sim -> /home/louise/Development/rover_project/wave_rover_gazebo_ws/install/launch_sim/share/ament_index/resource_index/packages
[0.976s] symbolically linking /home/louise/Development/rover_project/wave_rover_gazebo_ws/build/launch_sim/package.xml -> /home/louise/Development/rover_project/wave_rover_gazebo_ws/install/launch_sim/share/launch_sim
[0.976s] creating /home/louise/Development/rover_project/wave_rover_gazebo_ws/install/launch_sim/share/launch_sim/launch
[0.976s] symbolically linking /home/louise/Development/rover_project/wave_rover_gazebo_ws/build/launch_sim/launch/sim.launch.py -> /home/louise/Development/rover_project/wave_rover_gazebo_ws/install/launch_sim/share/launch_sim/launch
[1.009s] Invoked command in '/home/louise/Development/rover_project/wave_rover_gazebo_ws/build/launch_sim' returned '0': PYTHONPATH=/home/louise/Development/rover_project/wave_rover_gazebo_ws/build/launch_sim/prefix_override:/usr/lib/python3/dist-packages/colcon_core/task/python/colcon_distutils_commands:/home/louise/Development/rover_project/wave_rover_gazebo_ws/install/launch_sim/lib/python3.10/site-packages:${PYTHONPATH} /usr/bin/python3 -W ignore:setup.py install is deprecated -W ignore:easy_install command is deprecated setup.py develop --editable --build-directory /home/louise/Development/rover_project/wave_rover_gazebo_ws/build/launch_sim/build --no-deps symlink_data
