[0.069s] DEBUG:colcon:Command line arguments: ['/usr/bin/colcon', 'build', '--symlink-install']
[0.069s] DEBUG:colcon:Parsed command line arguments: Namespace(log_base=None, log_level=None, verb_name='build', build_base='build', install_base='install', merge_install=False, symlink_install=True, test_result_base=None, continue_on_error=False, executor='parallel', parallel_workers=8, event_handlers=None, ignore_user_meta=False, metas=['./colcon.meta'], base_paths=['.'], packages_ignore=None, packages_ignore_regex=None, paths=None, packages_up_to=None, packages_up_to_regex=None, packages_above=None, packages_above_and_dependencies=None, packages_above_depth=None, packages_select_by_dep=None, packages_skip_by_dep=None, packages_skip_up_to=None, packages_select_build_failed=False, packages_skip_build_finished=False, packages_select_test_failures=False, packages_skip_test_passed=False, packages_select=None, packages_skip=None, packages_select_regex=None, packages_skip_regex=None, packages_start=None, packages_end=None, allow_overriding=[], cmake_args=None, cmake_target=None, cmake_target_skip_unavailable=False, cmake_clean_cache=False, cmake_clean_first=False, cmake_force_configure=False, ament_cmake_args=None, catkin_cmake_args=None, catkin_skip_building_tests=False, verb_parser=<colcon_defaults.argument_parser.defaults.DefaultArgumentsDecorator object at 0x7a40005d5000>, verb_extension=<colcon_core.verb.build.BuildVerb object at 0x7a40007da620>, main=<bound method BuildVerb.main of <colcon_core.verb.build.BuildVerb object at 0x7a40007da620>>)
[0.183s] Level 1:colcon.colcon_core.package_discovery:discover_packages(colcon_meta) check parameters
[0.183s] Level 1:colcon.colcon_core.package_discovery:discover_packages(recursive) check parameters
[0.183s] Level 1:colcon.colcon_core.package_discovery:discover_packages(ignore) check parameters
[0.183s] Level 1:colcon.colcon_core.package_discovery:discover_packages(path) check parameters
[0.183s] Level 1:colcon.colcon_core.package_discovery:discover_packages(colcon_meta) discover
[0.183s] Level 1:colcon.colcon_core.package_discovery:discover_packages(recursive) discover
[0.183s] INFO:colcon.colcon_core.package_discovery:Crawling recursively for packages in '/home/louise/Development/rover_project/wave_rover_gazebo_ws'
[0.183s] Level 1:colcon.colcon_core.package_identification:_identify(.) by extensions ['ignore', 'ignore_ament_install']
[0.183s] Level 1:colcon.colcon_core.package_identification:_identify(.) by extension 'ignore'
[0.184s] Level 1:colcon.colcon_core.package_identification:_identify(.) by extension 'ignore_ament_install'
[0.184s] Level 1:colcon.colcon_core.package_identification:_identify(.) by extensions ['colcon_pkg']
[0.184s] Level 1:colcon.colcon_core.package_identification:_identify(.) by extension 'colcon_pkg'
[0.184s] Level 1:colcon.colcon_core.package_identification:_identify(.) by extensions ['colcon_meta']
[0.184s] Level 1:colcon.colcon_core.package_identification:_identify(.) by extension 'colcon_meta'
[0.184s] Level 1:colcon.colcon_core.package_identification:_identify(.) by extensions ['ros']
[0.184s] Level 1:colcon.colcon_core.package_identification:_identify(.) by extension 'ros'
[0.191s] Level 1:colcon.colcon_core.package_identification:_identify(.) by extensions ['cmake', 'python']
[0.191s] Level 1:colcon.colcon_core.package_identification:_identify(.) by extension 'cmake'
[0.191s] Level 1:colcon.colcon_core.package_identification:_identify(.) by extension 'python'
[0.191s] Level 1:colcon.colcon_core.package_identification:_identify(.) by extensions ['python_setup_py']
[0.191s] Level 1:colcon.colcon_core.package_identification:_identify(.) by extension 'python_setup_py'
[0.191s] Level 1:colcon.colcon_core.package_identification:_identify(build) by extensions ['ignore', 'ignore_ament_install']
[0.191s] Level 1:colcon.colcon_core.package_identification:_identify(build) by extension 'ignore'
[0.192s] Level 1:colcon.colcon_core.package_identification:_identify(build) ignored
[0.192s] Level 1:colcon.colcon_core.package_identification:_identify(install) by extensions ['ignore', 'ignore_ament_install']
[0.192s] Level 1:colcon.colcon_core.package_identification:_identify(install) by extension 'ignore'
[0.192s] Level 1:colcon.colcon_core.package_identification:_identify(install) ignored
[0.192s] Level 1:colcon.colcon_core.package_identification:_identify(log) by extensions ['ignore', 'ignore_ament_install']
[0.192s] Level 1:colcon.colcon_core.package_identification:_identify(log) by extension 'ignore'
[0.192s] Level 1:colcon.colcon_core.package_identification:_identify(log) ignored
[0.192s] Level 1:colcon.colcon_core.package_identification:_identify(src) by extensions ['ignore', 'ignore_ament_install']
[0.192s] Level 1:colcon.colcon_core.package_identification:_identify(src) by extension 'ignore'
[0.192s] Level 1:colcon.colcon_core.package_identification:_identify(src) by extension 'ignore_ament_install'
[0.192s] Level 1:colcon.colcon_core.package_identification:_identify(src) by extensions ['colcon_pkg']
[0.192s] Level 1:colcon.colcon_core.package_identification:_identify(src) by extension 'colcon_pkg'
[0.192s] Level 1:colcon.colcon_core.package_identification:_identify(src) by extensions ['colcon_meta']
[0.192s] Level 1:colcon.colcon_core.package_identification:_identify(src) by extension 'colcon_meta'
[0.192s] Level 1:colcon.colcon_core.package_identification:_identify(src) by extensions ['ros']
[0.192s] Level 1:colcon.colcon_core.package_identification:_identify(src) by extension 'ros'
[0.192s] Level 1:colcon.colcon_core.package_identification:_identify(src) by extensions ['cmake', 'python']
[0.192s] Level 1:colcon.colcon_core.package_identification:_identify(src) by extension 'cmake'
[0.192s] Level 1:colcon.colcon_core.package_identification:_identify(src) by extension 'python'
[0.192s] Level 1:colcon.colcon_core.package_identification:_identify(src) by extensions ['python_setup_py']
[0.192s] Level 1:colcon.colcon_core.package_identification:_identify(src) by extension 'python_setup_py'
[0.192s] Level 1:colcon.colcon_core.package_identification:_identify(src/launch_sim) by extensions ['ignore', 'ignore_ament_install']
[0.192s] Level 1:colcon.colcon_core.package_identification:_identify(src/launch_sim) by extension 'ignore'
[0.192s] Level 1:colcon.colcon_core.package_identification:_identify(src/launch_sim) by extension 'ignore_ament_install'
[0.192s] Level 1:colcon.colcon_core.package_identification:_identify(src/launch_sim) by extensions ['colcon_pkg']
[0.192s] Level 1:colcon.colcon_core.package_identification:_identify(src/launch_sim) by extension 'colcon_pkg'
[0.193s] Level 1:colcon.colcon_core.package_identification:_identify(src/launch_sim) by extensions ['colcon_meta']
[0.193s] Level 1:colcon.colcon_core.package_identification:_identify(src/launch_sim) by extension 'colcon_meta'
[0.193s] Level 1:colcon.colcon_core.package_identification:_identify(src/launch_sim) by extensions ['ros']
[0.193s] Level 1:colcon.colcon_core.package_identification:_identify(src/launch_sim) by extension 'ros'
[0.194s] DEBUG:colcon.colcon_core.package_identification:Package 'src/launch_sim' with type 'ros.ament_python' and name 'launch_sim'
[0.194s] Level 1:colcon.colcon_core.package_identification:_identify(src/test_box_launch) by extensions ['ignore', 'ignore_ament_install']
[0.194s] Level 1:colcon.colcon_core.package_identification:_identify(src/test_box_launch) by extension 'ignore'
[0.194s] Level 1:colcon.colcon_core.package_identification:_identify(src/test_box_launch) by extension 'ignore_ament_install'
[0.194s] Level 1:colcon.colcon_core.package_identification:_identify(src/test_box_launch) by extensions ['colcon_pkg']
[0.194s] Level 1:colcon.colcon_core.package_identification:_identify(src/test_box_launch) by extension 'colcon_pkg'
[0.194s] Level 1:colcon.colcon_core.package_identification:_identify(src/test_box_launch) by extensions ['colcon_meta']
[0.195s] Level 1:colcon.colcon_core.package_identification:_identify(src/test_box_launch) by extension 'colcon_meta'
[0.195s] Level 1:colcon.colcon_core.package_identification:_identify(src/test_box_launch) by extensions ['ros']
[0.195s] Level 1:colcon.colcon_core.package_identification:_identify(src/test_box_launch) by extension 'ros'
[0.195s] DEBUG:colcon.colcon_core.package_identification:Package 'src/test_box_launch' with type 'ros.ament_python' and name 'test_box_launch'
[0.195s] Level 1:colcon.colcon_core.package_identification:_identify(src/wave_rover_description) by extensions ['ignore', 'ignore_ament_install']
[0.195s] Level 1:colcon.colcon_core.package_identification:_identify(src/wave_rover_description) by extension 'ignore'
[0.195s] Level 1:colcon.colcon_core.package_identification:_identify(src/wave_rover_description) by extension 'ignore_ament_install'
[0.195s] Level 1:colcon.colcon_core.package_identification:_identify(src/wave_rover_description) by extensions ['colcon_pkg']
[0.195s] Level 1:colcon.colcon_core.package_identification:_identify(src/wave_rover_description) by extension 'colcon_pkg'
[0.195s] Level 1:colcon.colcon_core.package_identification:_identify(src/wave_rover_description) by extensions ['colcon_meta']
[0.195s] Level 1:colcon.colcon_core.package_identification:_identify(src/wave_rover_description) by extension 'colcon_meta'
[0.195s] Level 1:colcon.colcon_core.package_identification:_identify(src/wave_rover_description) by extensions ['ros']
[0.195s] Level 1:colcon.colcon_core.package_identification:_identify(src/wave_rover_description) by extension 'ros'
[0.196s] DEBUG:colcon.colcon_core.package_identification:Package 'src/wave_rover_description' with type 'ros.ament_cmake' and name 'wave_rover_description'
[0.196s] Level 1:colcon.colcon_core.package_identification:_identify(src/wave_rover_gazebo) by extensions ['ignore', 'ignore_ament_install']
[0.196s] Level 1:colcon.colcon_core.package_identification:_identify(src/wave_rover_gazebo) by extension 'ignore'
[0.196s] Level 1:colcon.colcon_core.package_identification:_identify(src/wave_rover_gazebo) by extension 'ignore_ament_install'
[0.196s] Level 1:colcon.colcon_core.package_identification:_identify(src/wave_rover_gazebo) by extensions ['colcon_pkg']
[0.196s] Level 1:colcon.colcon_core.package_identification:_identify(src/wave_rover_gazebo) by extension 'colcon_pkg'
[0.196s] Level 1:colcon.colcon_core.package_identification:_identify(src/wave_rover_gazebo) by extensions ['colcon_meta']
[0.196s] Level 1:colcon.colcon_core.package_identification:_identify(src/wave_rover_gazebo) by extension 'colcon_meta'
[0.196s] Level 1:colcon.colcon_core.package_identification:_identify(src/wave_rover_gazebo) by extensions ['ros']
[0.196s] Level 1:colcon.colcon_core.package_identification:_identify(src/wave_rover_gazebo) by extension 'ros'
[0.196s] DEBUG:colcon.colcon_core.package_identification:Package 'src/wave_rover_gazebo' with type 'ros.ament_cmake' and name 'wave_rover_gazebo'
[0.196s] Level 1:colcon.colcon_core.package_discovery:discover_packages(recursive) using defaults
[0.196s] Level 1:colcon.colcon_core.package_discovery:discover_packages(ignore) discover
[0.196s] Level 1:colcon.colcon_core.package_discovery:discover_packages(ignore) using defaults
[0.196s] Level 1:colcon.colcon_core.package_discovery:discover_packages(path) discover
[0.196s] Level 1:colcon.colcon_core.package_discovery:discover_packages(path) using defaults
[0.218s] Level 1:colcon.colcon_core.package_discovery:discover_packages(prefix_path) check parameters
[0.218s] Level 1:colcon.colcon_core.package_discovery:discover_packages(prefix_path) discover
[0.220s] DEBUG:colcon.colcon_installed_package_information.package_discovery:Found 326 installed packages in /opt/ros/humble
[0.221s] Level 1:colcon.colcon_core.package_discovery:discover_packages(prefix_path) using defaults
[0.247s] Level 5:colcon.colcon_core.verb:set package 'launch_sim' build argument 'cmake_args' from command line to 'None'
[0.247s] Level 5:colcon.colcon_core.verb:set package 'launch_sim' build argument 'cmake_target' from command line to 'None'
[0.247s] Level 5:colcon.colcon_core.verb:set package 'launch_sim' build argument 'cmake_target_skip_unavailable' from command line to 'False'
[0.247s] Level 5:colcon.colcon_core.verb:set package 'launch_sim' build argument 'cmake_clean_cache' from command line to 'False'
[0.247s] Level 5:colcon.colcon_core.verb:set package 'launch_sim' build argument 'cmake_clean_first' from command line to 'False'
[0.247s] Level 5:colcon.colcon_core.verb:set package 'launch_sim' build argument 'cmake_force_configure' from command line to 'False'
[0.247s] Level 5:colcon.colcon_core.verb:set package 'launch_sim' build argument 'ament_cmake_args' from command line to 'None'
[0.247s] Level 5:colcon.colcon_core.verb:set package 'launch_sim' build argument 'catkin_cmake_args' from command line to 'None'
[0.247s] Level 5:colcon.colcon_core.verb:set package 'launch_sim' build argument 'catkin_skip_building_tests' from command line to 'False'
[0.247s] DEBUG:colcon.colcon_core.verb:Building package 'launch_sim' with the following arguments: {'ament_cmake_args': None, 'build_base': '/home/louise/Development/rover_project/wave_rover_gazebo_ws/build/launch_sim', 'catkin_cmake_args': None, 'catkin_skip_building_tests': False, 'cmake_args': None, 'cmake_clean_cache': False, 'cmake_clean_first': False, 'cmake_force_configure': False, 'cmake_target': None, 'cmake_target_skip_unavailable': False, 'install_base': '/home/louise/Development/rover_project/wave_rover_gazebo_ws/install/launch_sim', 'merge_install': False, 'path': '/home/louise/Development/rover_project/wave_rover_gazebo_ws/src/launch_sim', 'symlink_install': True, 'test_result_base': None}
[0.248s] Level 5:colcon.colcon_core.verb:set package 'test_box_launch' build argument 'cmake_args' from command line to 'None'
[0.248s] Level 5:colcon.colcon_core.verb:set package 'test_box_launch' build argument 'cmake_target' from command line to 'None'
[0.248s] Level 5:colcon.colcon_core.verb:set package 'test_box_launch' build argument 'cmake_target_skip_unavailable' from command line to 'False'
[0.248s] Level 5:colcon.colcon_core.verb:set package 'test_box_launch' build argument 'cmake_clean_cache' from command line to 'False'
[0.248s] Level 5:colcon.colcon_core.verb:set package 'test_box_launch' build argument 'cmake_clean_first' from command line to 'False'
[0.248s] Level 5:colcon.colcon_core.verb:set package 'test_box_launch' build argument 'cmake_force_configure' from command line to 'False'
[0.248s] Level 5:colcon.colcon_core.verb:set package 'test_box_launch' build argument 'ament_cmake_args' from command line to 'None'
[0.248s] Level 5:colcon.colcon_core.verb:set package 'test_box_launch' build argument 'catkin_cmake_args' from command line to 'None'
[0.248s] Level 5:colcon.colcon_core.verb:set package 'test_box_launch' build argument 'catkin_skip_building_tests' from command line to 'False'
[0.248s] DEBUG:colcon.colcon_core.verb:Building package 'test_box_launch' with the following arguments: {'ament_cmake_args': None, 'build_base': '/home/louise/Development/rover_project/wave_rover_gazebo_ws/build/test_box_launch', 'catkin_cmake_args': None, 'catkin_skip_building_tests': False, 'cmake_args': None, 'cmake_clean_cache': False, 'cmake_clean_first': False, 'cmake_force_configure': False, 'cmake_target': None, 'cmake_target_skip_unavailable': False, 'install_base': '/home/louise/Development/rover_project/wave_rover_gazebo_ws/install/test_box_launch', 'merge_install': False, 'path': '/home/louise/Development/rover_project/wave_rover_gazebo_ws/src/test_box_launch', 'symlink_install': True, 'test_result_base': None}
[0.248s] Level 5:colcon.colcon_core.verb:set package 'wave_rover_description' build argument 'cmake_args' from command line to 'None'
[0.248s] Level 5:colcon.colcon_core.verb:set package 'wave_rover_description' build argument 'cmake_target' from command line to 'None'
[0.248s] Level 5:colcon.colcon_core.verb:set package 'wave_rover_description' build argument 'cmake_target_skip_unavailable' from command line to 'False'
[0.248s] Level 5:colcon.colcon_core.verb:set package 'wave_rover_description' build argument 'cmake_clean_cache' from command line to 'False'
[0.248s] Level 5:colcon.colcon_core.verb:set package 'wave_rover_description' build argument 'cmake_clean_first' from command line to 'False'
[0.248s] Level 5:colcon.colcon_core.verb:set package 'wave_rover_description' build argument 'cmake_force_configure' from command line to 'False'
[0.248s] Level 5:colcon.colcon_core.verb:set package 'wave_rover_description' build argument 'ament_cmake_args' from command line to 'None'
[0.248s] Level 5:colcon.colcon_core.verb:set package 'wave_rover_description' build argument 'catkin_cmake_args' from command line to 'None'
[0.248s] Level 5:colcon.colcon_core.verb:set package 'wave_rover_description' build argument 'catkin_skip_building_tests' from command line to 'False'
[0.248s] DEBUG:colcon.colcon_core.verb:Building package 'wave_rover_description' with the following arguments: {'ament_cmake_args': None, 'build_base': '/home/louise/Development/rover_project/wave_rover_gazebo_ws/build/wave_rover_description', 'catkin_cmake_args': None, 'catkin_skip_building_tests': False, 'cmake_args': None, 'cmake_clean_cache': False, 'cmake_clean_first': False, 'cmake_force_configure': False, 'cmake_target': None, 'cmake_target_skip_unavailable': False, 'install_base': '/home/louise/Development/rover_project/wave_rover_gazebo_ws/install/wave_rover_description', 'merge_install': False, 'path': '/home/louise/Development/rover_project/wave_rover_gazebo_ws/src/wave_rover_description', 'symlink_install': True, 'test_result_base': None}
[0.248s] Level 5:colcon.colcon_core.verb:set package 'wave_rover_gazebo' build argument 'cmake_args' from command line to 'None'
[0.248s] Level 5:colcon.colcon_core.verb:set package 'wave_rover_gazebo' build argument 'cmake_target' from command line to 'None'
[0.248s] Level 5:colcon.colcon_core.verb:set package 'wave_rover_gazebo' build argument 'cmake_target_skip_unavailable' from command line to 'False'
[0.248s] Level 5:colcon.colcon_core.verb:set package 'wave_rover_gazebo' build argument 'cmake_clean_cache' from command line to 'False'
[0.248s] Level 5:colcon.colcon_core.verb:set package 'wave_rover_gazebo' build argument 'cmake_clean_first' from command line to 'False'
[0.248s] Level 5:colcon.colcon_core.verb:set package 'wave_rover_gazebo' build argument 'cmake_force_configure' from command line to 'False'
[0.248s] Level 5:colcon.colcon_core.verb:set package 'wave_rover_gazebo' build argument 'ament_cmake_args' from command line to 'None'
[0.249s] Level 5:colcon.colcon_core.verb:set package 'wave_rover_gazebo' build argument 'catkin_cmake_args' from command line to 'None'
[0.249s] Level 5:colcon.colcon_core.verb:set package 'wave_rover_gazebo' build argument 'catkin_skip_building_tests' from command line to 'False'
[0.249s] DEBUG:colcon.colcon_core.verb:Building package 'wave_rover_gazebo' with the following arguments: {'ament_cmake_args': None, 'build_base': '/home/louise/Development/rover_project/wave_rover_gazebo_ws/build/wave_rover_gazebo', 'catkin_cmake_args': None, 'catkin_skip_building_tests': False, 'cmake_args': None, 'cmake_clean_cache': False, 'cmake_clean_first': False, 'cmake_force_configure': False, 'cmake_target': None, 'cmake_target_skip_unavailable': False, 'install_base': '/home/louise/Development/rover_project/wave_rover_gazebo_ws/install/wave_rover_gazebo', 'merge_install': False, 'path': '/home/louise/Development/rover_project/wave_rover_gazebo_ws/src/wave_rover_gazebo', 'symlink_install': True, 'test_result_base': None}
[0.249s] INFO:colcon.colcon_core.executor:Executing jobs using 'parallel' executor
[0.249s] DEBUG:colcon.colcon_parallel_executor.executor.parallel:run_until_complete
[0.250s] INFO:colcon.colcon_ros.task.ament_python.build:Building ROS package in '/home/louise/Development/rover_project/wave_rover_gazebo_ws/src/launch_sim' with build type 'ament_python'
[0.250s] Level 1:colcon.colcon_core.shell:create_environment_hook('launch_sim', 'ament_prefix_path')
[0.251s] INFO:colcon.colcon_core.plugin_system:Skipping extension 'colcon_core.shell.bat': Not used on non-Windows systems
[0.251s] INFO:colcon.colcon_core.shell:Creating environment hook '/home/louise/Development/rover_project/wave_rover_gazebo_ws/install/launch_sim/share/launch_sim/hook/ament_prefix_path.ps1'
[0.252s] INFO:colcon.colcon_core.shell:Creating environment descriptor '/home/louise/Development/rover_project/wave_rover_gazebo_ws/install/launch_sim/share/launch_sim/hook/ament_prefix_path.dsv'
[0.252s] INFO:colcon.colcon_core.shell:Creating environment hook '/home/louise/Development/rover_project/wave_rover_gazebo_ws/install/launch_sim/share/launch_sim/hook/ament_prefix_path.sh'
[0.253s] INFO:colcon.colcon_core.shell:Skip shell extension 'powershell' for command environment: Not usable outside of PowerShell
[0.253s] DEBUG:colcon.colcon_core.shell:Skip shell extension 'dsv' for command environment
[0.255s] INFO:colcon.colcon_ros.task.ament_python.build:Building ROS package in '/home/louise/Development/rover_project/wave_rover_gazebo_ws/src/test_box_launch' with build type 'ament_python'
[0.255s] Level 1:colcon.colcon_core.shell:create_environment_hook('test_box_launch', 'ament_prefix_path')
[0.255s] INFO:colcon.colcon_core.shell:Creating environment hook '/home/louise/Development/rover_project/wave_rover_gazebo_ws/install/test_box_launch/share/test_box_launch/hook/ament_prefix_path.ps1'
[0.255s] INFO:colcon.colcon_core.shell:Creating environment descriptor '/home/louise/Development/rover_project/wave_rover_gazebo_ws/install/test_box_launch/share/test_box_launch/hook/ament_prefix_path.dsv'
[0.256s] INFO:colcon.colcon_core.shell:Creating environment hook '/home/louise/Development/rover_project/wave_rover_gazebo_ws/install/test_box_launch/share/test_box_launch/hook/ament_prefix_path.sh'
[0.256s] INFO:colcon.colcon_core.shell:Skip shell extension 'powershell' for command environment: Not usable outside of PowerShell
[0.256s] DEBUG:colcon.colcon_core.shell:Skip shell extension 'dsv' for command environment
[0.258s] INFO:colcon.colcon_ros.task.ament_cmake.build:Building ROS package in '/home/louise/Development/rover_project/wave_rover_gazebo_ws/src/wave_rover_description' with build type 'ament_cmake'
[0.258s] INFO:colcon.colcon_cmake.task.cmake.build:Building CMake package in '/home/louise/Development/rover_project/wave_rover_gazebo_ws/src/wave_rover_description'
[0.258s] INFO:colcon.colcon_core.shell:Skip shell extension 'powershell' for command environment: Not usable outside of PowerShell
[0.258s] DEBUG:colcon.colcon_core.shell:Skip shell extension 'dsv' for command environment
[0.260s] INFO:colcon.colcon_ros.task.ament_cmake.build:Building ROS package in '/home/louise/Development/rover_project/wave_rover_gazebo_ws/src/wave_rover_gazebo' with build type 'ament_cmake'
[0.260s] INFO:colcon.colcon_cmake.task.cmake.build:Building CMake package in '/home/louise/Development/rover_project/wave_rover_gazebo_ws/src/wave_rover_gazebo'
[0.260s] INFO:colcon.colcon_core.shell:Skip shell extension 'powershell' for command environment: Not usable outside of PowerShell
[0.260s] DEBUG:colcon.colcon_core.shell:Skip shell extension 'dsv' for command environment
[0.440s] INFO:colcon.colcon_core.task.python.build:Building Python package in '/home/louise/Development/rover_project/wave_rover_gazebo_ws/src/launch_sim'
[0.440s] INFO:colcon.colcon_core.shell:Skip shell extension 'powershell' for command environment: Not usable outside of PowerShell
[0.440s] DEBUG:colcon.colcon_core.shell:Skip shell extension 'dsv' for command environment
[0.613s] INFO:colcon.colcon_core.task.python.build:Building Python package in '/home/louise/Development/rover_project/wave_rover_gazebo_ws/src/test_box_launch'
[0.613s] INFO:colcon.colcon_core.shell:Skip shell extension 'powershell' for command environment: Not usable outside of PowerShell
[0.613s] DEBUG:colcon.colcon_core.shell:Skip shell extension 'dsv' for command environment
[0.618s] DEBUG:colcon.colcon_core.event_handler.log_command:Invoking command in '/home/louise/Development/rover_project/wave_rover_gazebo_ws/build/wave_rover_description': CMAKE_PREFIX_PATH=/opt/ros/humble /usr/bin/cmake --build /home/louise/Development/rover_project/wave_rover_gazebo_ws/build/wave_rover_description -- -j8 -l8
[0.622s] DEBUG:colcon.colcon_core.event_handler.log_command:Invoking command in '/home/louise/Development/rover_project/wave_rover_gazebo_ws/build/wave_rover_gazebo': CMAKE_PREFIX_PATH=/opt/ros/humble /usr/bin/cmake --build /home/louise/Development/rover_project/wave_rover_gazebo_ws/build/wave_rover_gazebo -- -j8 -l8
[0.645s] DEBUG:colcon.colcon_core.event_handler.log_command:Invoked command in '/home/louise/Development/rover_project/wave_rover_gazebo_ws/build/wave_rover_description' returned '0': CMAKE_PREFIX_PATH=/opt/ros/humble /usr/bin/cmake --build /home/louise/Development/rover_project/wave_rover_gazebo_ws/build/wave_rover_description -- -j8 -l8
[0.653s] DEBUG:colcon.colcon_core.event_handler.log_command:Invoking command in '/home/louise/Development/rover_project/wave_rover_gazebo_ws/build/wave_rover_description': CMAKE_PREFIX_PATH=/opt/ros/humble /usr/bin/cmake --install /home/louise/Development/rover_project/wave_rover_gazebo_ws/build/wave_rover_description
[0.655s] DEBUG:colcon.colcon_core.event_handler.log_command:Invoked command in '/home/louise/Development/rover_project/wave_rover_gazebo_ws/build/wave_rover_gazebo' returned '0': CMAKE_PREFIX_PATH=/opt/ros/humble /usr/bin/cmake --build /home/louise/Development/rover_project/wave_rover_gazebo_ws/build/wave_rover_gazebo -- -j8 -l8
[0.656s] DEBUG:colcon.colcon_core.event_handler.log_command:Invoking command in '/home/louise/Development/rover_project/wave_rover_gazebo_ws/build/wave_rover_gazebo': CMAKE_PREFIX_PATH=/opt/ros/humble /usr/bin/cmake --install /home/louise/Development/rover_project/wave_rover_gazebo_ws/build/wave_rover_gazebo
[0.672s] Level 1:colcon.colcon_core.environment:create_environment_scripts_only(wave_rover_description)
[0.673s] DEBUG:colcon.colcon_core.event_handler.log_command:Invoked command in '/home/louise/Development/rover_project/wave_rover_gazebo_ws/build/wave_rover_description' returned '0': CMAKE_PREFIX_PATH=/opt/ros/humble /usr/bin/cmake --install /home/louise/Development/rover_project/wave_rover_gazebo_ws/build/wave_rover_description
[0.674s] Level 1:colcon.colcon_core.environment:checking '/home/louise/Development/rover_project/wave_rover_gazebo_ws/install/wave_rover_description' for CMake module files
[0.674s] Level 1:colcon.colcon_core.environment:checking '/home/louise/Development/rover_project/wave_rover_gazebo_ws/install/wave_rover_description' for CMake config files
[0.675s] Level 1:colcon.colcon_core.shell:create_environment_hook('wave_rover_description', 'cmake_prefix_path')
[0.675s] INFO:colcon.colcon_core.shell:Creating environment hook '/home/louise/Development/rover_project/wave_rover_gazebo_ws/install/wave_rover_description/share/wave_rover_description/hook/cmake_prefix_path.ps1'
[0.676s] INFO:colcon.colcon_core.shell:Creating environment descriptor '/home/louise/Development/rover_project/wave_rover_gazebo_ws/install/wave_rover_description/share/wave_rover_description/hook/cmake_prefix_path.dsv'
[0.676s] INFO:colcon.colcon_core.shell:Creating environment hook '/home/louise/Development/rover_project/wave_rover_gazebo_ws/install/wave_rover_description/share/wave_rover_description/hook/cmake_prefix_path.sh'
[0.676s] Level 1:colcon.colcon_core.environment:checking '/home/louise/Development/rover_project/wave_rover_gazebo_ws/install/wave_rover_description/bin'
[0.677s] Level 1:colcon.colcon_core.environment:checking '/home/louise/Development/rover_project/wave_rover_gazebo_ws/install/wave_rover_description/lib/pkgconfig/wave_rover_description.pc'
[0.677s] Level 1:colcon.colcon_core.environment:checking '/home/louise/Development/rover_project/wave_rover_gazebo_ws/install/wave_rover_description/lib/python3.10/site-packages'
[0.677s] Level 1:colcon.colcon_core.environment:checking '/home/louise/Development/rover_project/wave_rover_gazebo_ws/install/wave_rover_description/bin'
[0.677s] INFO:colcon.colcon_core.shell:Creating package script '/home/louise/Development/rover_project/wave_rover_gazebo_ws/install/wave_rover_description/share/wave_rover_description/package.ps1'
[0.678s] INFO:colcon.colcon_core.shell:Creating package descriptor '/home/louise/Development/rover_project/wave_rover_gazebo_ws/install/wave_rover_description/share/wave_rover_description/package.dsv'
[0.678s] INFO:colcon.colcon_core.shell:Creating package script '/home/louise/Development/rover_project/wave_rover_gazebo_ws/install/wave_rover_description/share/wave_rover_description/package.sh'
[0.679s] INFO:colcon.colcon_core.shell:Creating package script '/home/louise/Development/rover_project/wave_rover_gazebo_ws/install/wave_rover_description/share/wave_rover_description/package.bash'
[0.679s] INFO:colcon.colcon_core.shell:Creating package script '/home/louise/Development/rover_project/wave_rover_gazebo_ws/install/wave_rover_description/share/wave_rover_description/package.zsh'
[0.680s] Level 1:colcon.colcon_core.environment:create_file_with_runtime_dependencies(/home/louise/Development/rover_project/wave_rover_gazebo_ws/install/wave_rover_description/share/colcon-core/packages/wave_rover_description)
[0.680s] Level 1:colcon.colcon_core.environment:create_environment_scripts_only(wave_rover_description)
[0.680s] Level 1:colcon.colcon_core.environment:checking '/home/louise/Development/rover_project/wave_rover_gazebo_ws/install/wave_rover_description' for CMake module files
[0.681s] Level 1:colcon.colcon_core.environment:checking '/home/louise/Development/rover_project/wave_rover_gazebo_ws/install/wave_rover_description' for CMake config files
[0.681s] Level 1:colcon.colcon_core.shell:create_environment_hook('wave_rover_description', 'cmake_prefix_path')
[0.681s] INFO:colcon.colcon_core.shell:Creating environment hook '/home/louise/Development/rover_project/wave_rover_gazebo_ws/install/wave_rover_description/share/wave_rover_description/hook/cmake_prefix_path.ps1'
[0.681s] INFO:colcon.colcon_core.shell:Creating environment descriptor '/home/louise/Development/rover_project/wave_rover_gazebo_ws/install/wave_rover_description/share/wave_rover_description/hook/cmake_prefix_path.dsv'
[0.682s] INFO:colcon.colcon_core.shell:Creating environment hook '/home/louise/Development/rover_project/wave_rover_gazebo_ws/install/wave_rover_description/share/wave_rover_description/hook/cmake_prefix_path.sh'
[0.682s] Level 1:colcon.colcon_core.environment:checking '/home/louise/Development/rover_project/wave_rover_gazebo_ws/install/wave_rover_description/bin'
[0.682s] Level 1:colcon.colcon_core.environment:checking '/home/louise/Development/rover_project/wave_rover_gazebo_ws/install/wave_rover_description/lib/pkgconfig/wave_rover_description.pc'
[0.682s] Level 1:colcon.colcon_core.environment:checking '/home/louise/Development/rover_project/wave_rover_gazebo_ws/install/wave_rover_description/lib/python3.10/site-packages'
[0.682s] Level 1:colcon.colcon_core.environment:checking '/home/louise/Development/rover_project/wave_rover_gazebo_ws/install/wave_rover_description/bin'
[0.683s] INFO:colcon.colcon_core.shell:Creating package script '/home/louise/Development/rover_project/wave_rover_gazebo_ws/install/wave_rover_description/share/wave_rover_description/package.ps1'
[0.683s] INFO:colcon.colcon_core.shell:Creating package descriptor '/home/louise/Development/rover_project/wave_rover_gazebo_ws/install/wave_rover_description/share/wave_rover_description/package.dsv'
[0.683s] INFO:colcon.colcon_core.shell:Creating package script '/home/louise/Development/rover_project/wave_rover_gazebo_ws/install/wave_rover_description/share/wave_rover_description/package.sh'
[0.684s] INFO:colcon.colcon_core.shell:Creating package script '/home/louise/Development/rover_project/wave_rover_gazebo_ws/install/wave_rover_description/share/wave_rover_description/package.bash'
[0.684s] INFO:colcon.colcon_core.shell:Creating package script '/home/louise/Development/rover_project/wave_rover_gazebo_ws/install/wave_rover_description/share/wave_rover_description/package.zsh'
[0.684s] Level 1:colcon.colcon_core.environment:create_file_with_runtime_dependencies(/home/louise/Development/rover_project/wave_rover_gazebo_ws/install/wave_rover_description/share/colcon-core/packages/wave_rover_description)
[0.684s] Level 1:colcon.colcon_core.environment:create_environment_scripts_only(wave_rover_gazebo)
[0.684s] Level 1:colcon.colcon_core.environment:checking '/home/louise/Development/rover_project/wave_rover_gazebo_ws/install/wave_rover_gazebo' for CMake module files
[0.685s] DEBUG:colcon.colcon_core.event_handler.log_command:Invoked command in '/home/louise/Development/rover_project/wave_rover_gazebo_ws/build/wave_rover_gazebo' returned '0': CMAKE_PREFIX_PATH=/opt/ros/humble /usr/bin/cmake --install /home/louise/Development/rover_project/wave_rover_gazebo_ws/build/wave_rover_gazebo
[0.685s] Level 1:colcon.colcon_core.environment:checking '/home/louise/Development/rover_project/wave_rover_gazebo_ws/install/wave_rover_gazebo' for CMake config files
[0.686s] Level 1:colcon.colcon_core.shell:create_environment_hook('wave_rover_gazebo', 'cmake_prefix_path')
[0.686s] INFO:colcon.colcon_core.shell:Creating environment hook '/home/louise/Development/rover_project/wave_rover_gazebo_ws/install/wave_rover_gazebo/share/wave_rover_gazebo/hook/cmake_prefix_path.ps1'
[0.686s] INFO:colcon.colcon_core.shell:Creating environment descriptor '/home/louise/Development/rover_project/wave_rover_gazebo_ws/install/wave_rover_gazebo/share/wave_rover_gazebo/hook/cmake_prefix_path.dsv'
[0.686s] INFO:colcon.colcon_core.shell:Creating environment hook '/home/louise/Development/rover_project/wave_rover_gazebo_ws/install/wave_rover_gazebo/share/wave_rover_gazebo/hook/cmake_prefix_path.sh'
[0.687s] Level 1:colcon.colcon_core.environment:checking '/home/louise/Development/rover_project/wave_rover_gazebo_ws/install/wave_rover_gazebo/bin'
[0.687s] Level 1:colcon.colcon_core.environment:checking '/home/louise/Development/rover_project/wave_rover_gazebo_ws/install/wave_rover_gazebo/lib/pkgconfig/wave_rover_gazebo.pc'
[0.687s] Level 1:colcon.colcon_core.environment:checking '/home/louise/Development/rover_project/wave_rover_gazebo_ws/install/wave_rover_gazebo/lib/python3.10/site-packages'
[0.687s] Level 1:colcon.colcon_core.environment:checking '/home/louise/Development/rover_project/wave_rover_gazebo_ws/install/wave_rover_gazebo/bin'
[0.687s] INFO:colcon.colcon_core.shell:Creating package script '/home/louise/Development/rover_project/wave_rover_gazebo_ws/install/wave_rover_gazebo/share/wave_rover_gazebo/package.ps1'
[0.687s] INFO:colcon.colcon_core.shell:Creating package descriptor '/home/louise/Development/rover_project/wave_rover_gazebo_ws/install/wave_rover_gazebo/share/wave_rover_gazebo/package.dsv'
[0.688s] INFO:colcon.colcon_core.shell:Creating package script '/home/louise/Development/rover_project/wave_rover_gazebo_ws/install/wave_rover_gazebo/share/wave_rover_gazebo/package.sh'
[0.688s] INFO:colcon.colcon_core.shell:Creating package script '/home/louise/Development/rover_project/wave_rover_gazebo_ws/install/wave_rover_gazebo/share/wave_rover_gazebo/package.bash'
[0.688s] INFO:colcon.colcon_core.shell:Creating package script '/home/louise/Development/rover_project/wave_rover_gazebo_ws/install/wave_rover_gazebo/share/wave_rover_gazebo/package.zsh'
[0.688s] Level 1:colcon.colcon_core.environment:create_file_with_runtime_dependencies(/home/louise/Development/rover_project/wave_rover_gazebo_ws/install/wave_rover_gazebo/share/colcon-core/packages/wave_rover_gazebo)
[0.689s] Level 1:colcon.colcon_core.environment:create_environment_scripts_only(wave_rover_gazebo)
[0.689s] Level 1:colcon.colcon_core.environment:checking '/home/louise/Development/rover_project/wave_rover_gazebo_ws/install/wave_rover_gazebo' for CMake module files
[0.689s] Level 1:colcon.colcon_core.environment:checking '/home/louise/Development/rover_project/wave_rover_gazebo_ws/install/wave_rover_gazebo' for CMake config files
[0.689s] Level 1:colcon.colcon_core.shell:create_environment_hook('wave_rover_gazebo', 'cmake_prefix_path')
[0.689s] INFO:colcon.colcon_core.shell:Creating environment hook '/home/louise/Development/rover_project/wave_rover_gazebo_ws/install/wave_rover_gazebo/share/wave_rover_gazebo/hook/cmake_prefix_path.ps1'
[0.690s] INFO:colcon.colcon_core.shell:Creating environment descriptor '/home/louise/Development/rover_project/wave_rover_gazebo_ws/install/wave_rover_gazebo/share/wave_rover_gazebo/hook/cmake_prefix_path.dsv'
[0.690s] INFO:colcon.colcon_core.shell:Creating environment hook '/home/louise/Development/rover_project/wave_rover_gazebo_ws/install/wave_rover_gazebo/share/wave_rover_gazebo/hook/cmake_prefix_path.sh'
[0.690s] Level 1:colcon.colcon_core.environment:checking '/home/louise/Development/rover_project/wave_rover_gazebo_ws/install/wave_rover_gazebo/bin'
[0.690s] Level 1:colcon.colcon_core.environment:checking '/home/louise/Development/rover_project/wave_rover_gazebo_ws/install/wave_rover_gazebo/lib/pkgconfig/wave_rover_gazebo.pc'
[0.690s] Level 1:colcon.colcon_core.environment:checking '/home/louise/Development/rover_project/wave_rover_gazebo_ws/install/wave_rover_gazebo/lib/python3.10/site-packages'
[0.691s] Level 1:colcon.colcon_core.environment:checking '/home/louise/Development/rover_project/wave_rover_gazebo_ws/install/wave_rover_gazebo/bin'
[0.691s] INFO:colcon.colcon_core.shell:Creating package script '/home/louise/Development/rover_project/wave_rover_gazebo_ws/install/wave_rover_gazebo/share/wave_rover_gazebo/package.ps1'
[0.691s] INFO:colcon.colcon_core.shell:Creating package descriptor '/home/louise/Development/rover_project/wave_rover_gazebo_ws/install/wave_rover_gazebo/share/wave_rover_gazebo/package.dsv'
[0.691s] INFO:colcon.colcon_core.shell:Creating package script '/home/louise/Development/rover_project/wave_rover_gazebo_ws/install/wave_rover_gazebo/share/wave_rover_gazebo/package.sh'
[0.692s] INFO:colcon.colcon_core.shell:Creating package script '/home/louise/Development/rover_project/wave_rover_gazebo_ws/install/wave_rover_gazebo/share/wave_rover_gazebo/package.bash'
[0.692s] INFO:colcon.colcon_core.shell:Creating package script '/home/louise/Development/rover_project/wave_rover_gazebo_ws/install/wave_rover_gazebo/share/wave_rover_gazebo/package.zsh'
[0.692s] Level 1:colcon.colcon_core.environment:create_file_with_runtime_dependencies(/home/louise/Development/rover_project/wave_rover_gazebo_ws/install/wave_rover_gazebo/share/colcon-core/packages/wave_rover_gazebo)
[0.890s] DEBUG:colcon.colcon_core.event_handler.log_command:Invoking command in '/home/louise/Development/rover_project/wave_rover_gazebo_ws/build/test_box_launch': PYTHONPATH=/home/louise/Development/rover_project/wave_rover_gazebo_ws/build/test_box_launch/prefix_override:/usr/lib/python3/dist-packages/colcon_core/task/python/colcon_distutils_commands:/home/louise/Development/rover_project/wave_rover_gazebo_ws/install/test_box_launch/lib/python3.10/site-packages:${PYTHONPATH} /usr/bin/python3 -W ignore:setup.py install is deprecated -W ignore:easy_install command is deprecated setup.py develop --editable --build-directory /home/louise/Development/rover_project/wave_rover_gazebo_ws/build/test_box_launch/build --no-deps symlink_data
[0.903s] DEBUG:colcon.colcon_core.event_handler.log_command:Invoking command in '/home/louise/Development/rover_project/wave_rover_gazebo_ws/build/launch_sim': PYTHONPATH=/home/louise/Development/rover_project/wave_rover_gazebo_ws/build/launch_sim/prefix_override:/usr/lib/python3/dist-packages/colcon_core/task/python/colcon_distutils_commands:/home/louise/Development/rover_project/wave_rover_gazebo_ws/install/launch_sim/lib/python3.10/site-packages:${PYTHONPATH} /usr/bin/python3 -W ignore:setup.py install is deprecated -W ignore:easy_install command is deprecated setup.py develop --editable --build-directory /home/louise/Development/rover_project/wave_rover_gazebo_ws/build/launch_sim/build --no-deps symlink_data
[1.210s] Level 1:colcon.colcon_core.shell:create_environment_hook('test_box_launch', 'pythonpath_develop')
[1.210s] INFO:colcon.colcon_core.shell:Creating environment hook '/home/louise/Development/rover_project/wave_rover_gazebo_ws/build/test_box_launch/share/test_box_launch/hook/pythonpath_develop.ps1'
[1.210s] DEBUG:colcon.colcon_core.event_handler.log_command:Invoked command in '/home/louise/Development/rover_project/wave_rover_gazebo_ws/build/test_box_launch' returned '0': PYTHONPATH=/home/louise/Development/rover_project/wave_rover_gazebo_ws/build/test_box_launch/prefix_override:/usr/lib/python3/dist-packages/colcon_core/task/python/colcon_distutils_commands:/home/louise/Development/rover_project/wave_rover_gazebo_ws/install/test_box_launch/lib/python3.10/site-packages:${PYTHONPATH} /usr/bin/python3 -W ignore:setup.py install is deprecated -W ignore:easy_install command is deprecated setup.py develop --editable --build-directory /home/louise/Development/rover_project/wave_rover_gazebo_ws/build/test_box_launch/build --no-deps symlink_data
[1.211s] INFO:colcon.colcon_core.shell:Creating environment descriptor '/home/louise/Development/rover_project/wave_rover_gazebo_ws/build/test_box_launch/share/test_box_launch/hook/pythonpath_develop.dsv'
[1.211s] INFO:colcon.colcon_core.shell:Creating environment hook '/home/louise/Development/rover_project/wave_rover_gazebo_ws/build/test_box_launch/share/test_box_launch/hook/pythonpath_develop.sh'
[1.212s] Level 1:colcon.colcon_core.environment:checking '/home/louise/Development/rover_project/wave_rover_gazebo_ws/install/test_box_launch' for CMake module files
[1.212s] Level 1:colcon.colcon_core.environment:checking '/home/louise/Development/rover_project/wave_rover_gazebo_ws/install/test_box_launch' for CMake config files
[1.212s] Level 1:colcon.colcon_core.environment:checking '/home/louise/Development/rover_project/wave_rover_gazebo_ws/install/test_box_launch/lib'
[1.212s] Level 1:colcon.colcon_core.environment:checking '/home/louise/Development/rover_project/wave_rover_gazebo_ws/install/test_box_launch/bin'
[1.212s] Level 1:colcon.colcon_core.environment:checking '/home/louise/Development/rover_project/wave_rover_gazebo_ws/install/test_box_launch/lib/pkgconfig/test_box_launch.pc'
[1.213s] Level 1:colcon.colcon_core.environment:checking '/home/louise/Development/rover_project/wave_rover_gazebo_ws/install/test_box_launch/lib/python3.10/site-packages'
[1.213s] Level 1:colcon.colcon_core.shell:create_environment_hook('test_box_launch', 'pythonpath')
[1.213s] INFO:colcon.colcon_core.shell:Creating environment hook '/home/louise/Development/rover_project/wave_rover_gazebo_ws/install/test_box_launch/share/test_box_launch/hook/pythonpath.ps1'
[1.213s] INFO:colcon.colcon_core.shell:Creating environment descriptor '/home/louise/Development/rover_project/wave_rover_gazebo_ws/install/test_box_launch/share/test_box_launch/hook/pythonpath.dsv'
[1.213s] INFO:colcon.colcon_core.shell:Creating environment hook '/home/louise/Development/rover_project/wave_rover_gazebo_ws/install/test_box_launch/share/test_box_launch/hook/pythonpath.sh'
[1.214s] Level 1:colcon.colcon_core.environment:checking '/home/louise/Development/rover_project/wave_rover_gazebo_ws/install/test_box_launch/bin'
[1.214s] Level 1:colcon.colcon_core.environment:create_environment_scripts_only(test_box_launch)
[1.214s] INFO:colcon.colcon_core.shell:Creating package script '/home/louise/Development/rover_project/wave_rover_gazebo_ws/install/test_box_launch/share/test_box_launch/package.ps1'
[1.214s] INFO:colcon.colcon_core.shell:Creating package descriptor '/home/louise/Development/rover_project/wave_rover_gazebo_ws/install/test_box_launch/share/test_box_launch/package.dsv'
[1.215s] INFO:colcon.colcon_core.shell:Creating package script '/home/louise/Development/rover_project/wave_rover_gazebo_ws/install/test_box_launch/share/test_box_launch/package.sh'
[1.215s] INFO:colcon.colcon_core.shell:Creating package script '/home/louise/Development/rover_project/wave_rover_gazebo_ws/install/test_box_launch/share/test_box_launch/package.bash'
[1.215s] INFO:colcon.colcon_core.shell:Creating package script '/home/louise/Development/rover_project/wave_rover_gazebo_ws/install/test_box_launch/share/test_box_launch/package.zsh'
[1.215s] Level 1:colcon.colcon_core.environment:create_file_with_runtime_dependencies(/home/louise/Development/rover_project/wave_rover_gazebo_ws/install/test_box_launch/share/colcon-core/packages/test_box_launch)
[1.223s] Level 1:colcon.colcon_core.shell:create_environment_hook('launch_sim', 'pythonpath_develop')
[1.223s] INFO:colcon.colcon_core.shell:Creating environment hook '/home/louise/Development/rover_project/wave_rover_gazebo_ws/build/launch_sim/share/launch_sim/hook/pythonpath_develop.ps1'
[1.224s] DEBUG:colcon.colcon_core.event_handler.log_command:Invoked command in '/home/louise/Development/rover_project/wave_rover_gazebo_ws/build/launch_sim' returned '0': PYTHONPATH=/home/louise/Development/rover_project/wave_rover_gazebo_ws/build/launch_sim/prefix_override:/usr/lib/python3/dist-packages/colcon_core/task/python/colcon_distutils_commands:/home/louise/Development/rover_project/wave_rover_gazebo_ws/install/launch_sim/lib/python3.10/site-packages:${PYTHONPATH} /usr/bin/python3 -W ignore:setup.py install is deprecated -W ignore:easy_install command is deprecated setup.py develop --editable --build-directory /home/louise/Development/rover_project/wave_rover_gazebo_ws/build/launch_sim/build --no-deps symlink_data
[1.224s] INFO:colcon.colcon_core.shell:Creating environment descriptor '/home/louise/Development/rover_project/wave_rover_gazebo_ws/build/launch_sim/share/launch_sim/hook/pythonpath_develop.dsv'
[1.224s] INFO:colcon.colcon_core.shell:Creating environment hook '/home/louise/Development/rover_project/wave_rover_gazebo_ws/build/launch_sim/share/launch_sim/hook/pythonpath_develop.sh'
[1.225s] Level 1:colcon.colcon_core.environment:checking '/home/louise/Development/rover_project/wave_rover_gazebo_ws/install/launch_sim' for CMake module files
[1.225s] Level 1:colcon.colcon_core.environment:checking '/home/louise/Development/rover_project/wave_rover_gazebo_ws/install/launch_sim' for CMake config files
[1.225s] Level 1:colcon.colcon_core.environment:checking '/home/louise/Development/rover_project/wave_rover_gazebo_ws/install/launch_sim/lib'
[1.225s] Level 1:colcon.colcon_core.environment:checking '/home/louise/Development/rover_project/wave_rover_gazebo_ws/install/launch_sim/bin'
[1.225s] Level 1:colcon.colcon_core.environment:checking '/home/louise/Development/rover_project/wave_rover_gazebo_ws/install/launch_sim/lib/pkgconfig/launch_sim.pc'
[1.226s] Level 1:colcon.colcon_core.environment:checking '/home/louise/Development/rover_project/wave_rover_gazebo_ws/install/launch_sim/lib/python3.10/site-packages'
[1.226s] Level 1:colcon.colcon_core.shell:create_environment_hook('launch_sim', 'pythonpath')
[1.226s] INFO:colcon.colcon_core.shell:Creating environment hook '/home/louise/Development/rover_project/wave_rover_gazebo_ws/install/launch_sim/share/launch_sim/hook/pythonpath.ps1'
[1.226s] INFO:colcon.colcon_core.shell:Creating environment descriptor '/home/louise/Development/rover_project/wave_rover_gazebo_ws/install/launch_sim/share/launch_sim/hook/pythonpath.dsv'
[1.226s] INFO:colcon.colcon_core.shell:Creating environment hook '/home/louise/Development/rover_project/wave_rover_gazebo_ws/install/launch_sim/share/launch_sim/hook/pythonpath.sh'
[1.227s] Level 1:colcon.colcon_core.environment:checking '/home/louise/Development/rover_project/wave_rover_gazebo_ws/install/launch_sim/bin'
[1.227s] Level 1:colcon.colcon_core.environment:create_environment_scripts_only(launch_sim)
[1.227s] INFO:colcon.colcon_core.shell:Creating package script '/home/louise/Development/rover_project/wave_rover_gazebo_ws/install/launch_sim/share/launch_sim/package.ps1'
[1.227s] INFO:colcon.colcon_core.shell:Creating package descriptor '/home/louise/Development/rover_project/wave_rover_gazebo_ws/install/launch_sim/share/launch_sim/package.dsv'
[1.228s] INFO:colcon.colcon_core.shell:Creating package script '/home/louise/Development/rover_project/wave_rover_gazebo_ws/install/launch_sim/share/launch_sim/package.sh'
[1.228s] INFO:colcon.colcon_core.shell:Creating package script '/home/louise/Development/rover_project/wave_rover_gazebo_ws/install/launch_sim/share/launch_sim/package.bash'
[1.228s] INFO:colcon.colcon_core.shell:Creating package script '/home/louise/Development/rover_project/wave_rover_gazebo_ws/install/launch_sim/share/launch_sim/package.zsh'
[1.228s] Level 1:colcon.colcon_core.environment:create_file_with_runtime_dependencies(/home/louise/Development/rover_project/wave_rover_gazebo_ws/install/launch_sim/share/colcon-core/packages/launch_sim)
[1.228s] DEBUG:colcon.colcon_parallel_executor.executor.parallel:closing loop
[1.229s] DEBUG:colcon.colcon_parallel_executor.executor.parallel:loop closed
[1.229s] DEBUG:colcon.colcon_parallel_executor.executor.parallel:run_until_complete finished with '0'
[1.229s] DEBUG:colcon.colcon_core.event_reactor:joining thread
[1.232s] INFO:colcon.colcon_core.plugin_system:Skipping extension 'colcon_notification.desktop_notification.terminal_notifier': Not used on non-Darwin systems
[1.232s] INFO:colcon.colcon_core.plugin_system:Skipping extension 'colcon_notification.desktop_notification.win32': Not used on non-Windows systems
[1.232s] INFO:colcon.colcon_notification.desktop_notification:Sending desktop notification using 'notify2'
[1.239s] DEBUG:colcon.colcon_core.event_reactor:joined thread
[1.240s] INFO:colcon.colcon_core.shell:Creating prefix script '/home/louise/Development/rover_project/wave_rover_gazebo_ws/install/local_setup.ps1'
[1.241s] INFO:colcon.colcon_core.shell:Creating prefix util module '/home/louise/Development/rover_project/wave_rover_gazebo_ws/install/_local_setup_util_ps1.py'
[1.242s] INFO:colcon.colcon_core.shell:Creating prefix chain script '/home/louise/Development/rover_project/wave_rover_gazebo_ws/install/setup.ps1'
[1.242s] INFO:colcon.colcon_core.shell:Creating prefix script '/home/louise/Development/rover_project/wave_rover_gazebo_ws/install/local_setup.sh'
[1.243s] INFO:colcon.colcon_core.shell:Creating prefix util module '/home/louise/Development/rover_project/wave_rover_gazebo_ws/install/_local_setup_util_sh.py'
[1.243s] INFO:colcon.colcon_core.shell:Creating prefix chain script '/home/louise/Development/rover_project/wave_rover_gazebo_ws/install/setup.sh'
[1.244s] INFO:colcon.colcon_core.shell:Creating prefix script '/home/louise/Development/rover_project/wave_rover_gazebo_ws/install/local_setup.bash'
[1.244s] INFO:colcon.colcon_core.shell:Creating prefix chain script '/home/louise/Development/rover_project/wave_rover_gazebo_ws/install/setup.bash'
[1.245s] INFO:colcon.colcon_core.shell:Creating prefix script '/home/louise/Development/rover_project/wave_rover_gazebo_ws/install/local_setup.zsh'
[1.245s] INFO:colcon.colcon_core.shell:Creating prefix chain script '/home/louise/Development/rover_project/wave_rover_gazebo_ws/install/setup.zsh'
