[0.067s] DEBUG:colcon:Command line arguments: ['/usr/bin/colcon', 'build', '--symlink-install']
[0.067s] DEBUG:colcon:Parsed command line arguments: Namespace(log_base=None, log_level=None, verb_name='build', build_base='build', install_base='install', merge_install=False, symlink_install=True, test_result_base=None, continue_on_error=False, executor='parallel', parallel_workers=8, event_handlers=None, ignore_user_meta=False, metas=['./colcon.meta'], base_paths=['.'], packages_ignore=None, packages_ignore_regex=None, paths=None, packages_up_to=None, packages_up_to_regex=None, packages_above=None, packages_above_and_dependencies=None, packages_above_depth=None, packages_select_by_dep=None, packages_skip_by_dep=None, packages_skip_up_to=None, packages_select_build_failed=False, packages_skip_build_finished=False, packages_select_test_failures=False, packages_skip_test_passed=False, packages_select=None, packages_skip=None, packages_select_regex=None, packages_skip_regex=None, packages_start=None, packages_end=None, allow_overriding=[], cmake_args=None, cmake_target=None, cmake_target_skip_unavailable=False, cmake_clean_cache=False, cmake_clean_first=False, cmake_force_configure=False, ament_cmake_args=None, catkin_cmake_args=None, catkin_skip_building_tests=False, verb_parser=<colcon_defaults.argument_parser.defaults.DefaultArgumentsDecorator object at 0x74a64b221480>, verb_extension=<colcon_core.verb.build.BuildVerb object at 0x74a64b3d6aa0>, main=<bound method BuildVerb.main of <colcon_core.verb.build.BuildVerb object at 0x74a64b3d6aa0>>)
[0.180s] Level 1:colcon.colcon_core.package_discovery:discover_packages(colcon_meta) check parameters
[0.180s] Level 1:colcon.colcon_core.package_discovery:discover_packages(recursive) check parameters
[0.180s] Level 1:colcon.colcon_core.package_discovery:discover_packages(ignore) check parameters
[0.180s] Level 1:colcon.colcon_core.package_discovery:discover_packages(path) check parameters
[0.180s] Level 1:colcon.colcon_core.package_discovery:discover_packages(colcon_meta) discover
[0.180s] Level 1:colcon.colcon_core.package_discovery:discover_packages(recursive) discover
[0.180s] INFO:colcon.colcon_core.package_discovery:Crawling recursively for packages in '/home/louise/Development/rover_project/rover_project_gazebo_ws'
[0.180s] Level 1:colcon.colcon_core.package_identification:_identify(.) by extensions ['ignore', 'ignore_ament_install']
[0.180s] Level 1:colcon.colcon_core.package_identification:_identify(.) by extension 'ignore'
[0.180s] Level 1:colcon.colcon_core.package_identification:_identify(.) by extension 'ignore_ament_install'
[0.180s] Level 1:colcon.colcon_core.package_identification:_identify(.) by extensions ['colcon_pkg']
[0.180s] Level 1:colcon.colcon_core.package_identification:_identify(.) by extension 'colcon_pkg'
[0.180s] Level 1:colcon.colcon_core.package_identification:_identify(.) by extensions ['colcon_meta']
[0.180s] Level 1:colcon.colcon_core.package_identification:_identify(.) by extension 'colcon_meta'
[0.180s] Level 1:colcon.colcon_core.package_identification:_identify(.) by extensions ['ros']
[0.180s] Level 1:colcon.colcon_core.package_identification:_identify(.) by extension 'ros'
[0.187s] Level 1:colcon.colcon_core.package_identification:_identify(.) by extensions ['cmake', 'python']
[0.187s] Level 1:colcon.colcon_core.package_identification:_identify(.) by extension 'cmake'
[0.187s] Level 1:colcon.colcon_core.package_identification:_identify(.) by extension 'python'
[0.187s] Level 1:colcon.colcon_core.package_identification:_identify(.) by extensions ['python_setup_py']
[0.187s] Level 1:colcon.colcon_core.package_identification:_identify(.) by extension 'python_setup_py'
[0.187s] Level 1:colcon.colcon_core.package_identification:_identify(build) by extensions ['ignore', 'ignore_ament_install']
[0.187s] Level 1:colcon.colcon_core.package_identification:_identify(build) by extension 'ignore'
[0.187s] Level 1:colcon.colcon_core.package_identification:_identify(build) ignored
[0.187s] Level 1:colcon.colcon_core.package_identification:_identify(install) by extensions ['ignore', 'ignore_ament_install']
[0.187s] Level 1:colcon.colcon_core.package_identification:_identify(install) by extension 'ignore'
[0.187s] Level 1:colcon.colcon_core.package_identification:_identify(install) ignored
[0.187s] Level 1:colcon.colcon_core.package_identification:_identify(log) by extensions ['ignore', 'ignore_ament_install']
[0.188s] Level 1:colcon.colcon_core.package_identification:_identify(log) by extension 'ignore'
[0.188s] Level 1:colcon.colcon_core.package_identification:_identify(log) ignored
[0.188s] Level 1:colcon.colcon_core.package_identification:_identify(meshes) by extensions ['ignore', 'ignore_ament_install']
[0.188s] Level 1:colcon.colcon_core.package_identification:_identify(meshes) by extension 'ignore'
[0.188s] Level 1:colcon.colcon_core.package_identification:_identify(meshes) by extension 'ignore_ament_install'
[0.188s] Level 1:colcon.colcon_core.package_identification:_identify(meshes) by extensions ['colcon_pkg']
[0.188s] Level 1:colcon.colcon_core.package_identification:_identify(meshes) by extension 'colcon_pkg'
[0.188s] Level 1:colcon.colcon_core.package_identification:_identify(meshes) by extensions ['colcon_meta']
[0.188s] Level 1:colcon.colcon_core.package_identification:_identify(meshes) by extension 'colcon_meta'
[0.188s] Level 1:colcon.colcon_core.package_identification:_identify(meshes) by extensions ['ros']
[0.188s] Level 1:colcon.colcon_core.package_identification:_identify(meshes) by extension 'ros'
[0.188s] Level 1:colcon.colcon_core.package_identification:_identify(meshes) by extensions ['cmake', 'python']
[0.188s] Level 1:colcon.colcon_core.package_identification:_identify(meshes) by extension 'cmake'
[0.188s] Level 1:colcon.colcon_core.package_identification:_identify(meshes) by extension 'python'
[0.188s] Level 1:colcon.colcon_core.package_identification:_identify(meshes) by extensions ['python_setup_py']
[0.188s] Level 1:colcon.colcon_core.package_identification:_identify(meshes) by extension 'python_setup_py'
[0.188s] Level 1:colcon.colcon_core.package_identification:_identify(src) by extensions ['ignore', 'ignore_ament_install']
[0.188s] Level 1:colcon.colcon_core.package_identification:_identify(src) by extension 'ignore'
[0.188s] Level 1:colcon.colcon_core.package_identification:_identify(src) by extension 'ignore_ament_install'
[0.188s] Level 1:colcon.colcon_core.package_identification:_identify(src) by extensions ['colcon_pkg']
[0.188s] Level 1:colcon.colcon_core.package_identification:_identify(src) by extension 'colcon_pkg'
[0.188s] Level 1:colcon.colcon_core.package_identification:_identify(src) by extensions ['colcon_meta']
[0.188s] Level 1:colcon.colcon_core.package_identification:_identify(src) by extension 'colcon_meta'
[0.188s] Level 1:colcon.colcon_core.package_identification:_identify(src) by extensions ['ros']
[0.188s] Level 1:colcon.colcon_core.package_identification:_identify(src) by extension 'ros'
[0.188s] Level 1:colcon.colcon_core.package_identification:_identify(src) by extensions ['cmake', 'python']
[0.188s] Level 1:colcon.colcon_core.package_identification:_identify(src) by extension 'cmake'
[0.188s] Level 1:colcon.colcon_core.package_identification:_identify(src) by extension 'python'
[0.188s] Level 1:colcon.colcon_core.package_identification:_identify(src) by extensions ['python_setup_py']
[0.188s] Level 1:colcon.colcon_core.package_identification:_identify(src) by extension 'python_setup_py'
[0.188s] Level 1:colcon.colcon_core.package_identification:_identify(src/test_box_launch) by extensions ['ignore', 'ignore_ament_install']
[0.188s] Level 1:colcon.colcon_core.package_identification:_identify(src/test_box_launch) by extension 'ignore'
[0.188s] Level 1:colcon.colcon_core.package_identification:_identify(src/test_box_launch) by extension 'ignore_ament_install'
[0.189s] Level 1:colcon.colcon_core.package_identification:_identify(src/test_box_launch) by extensions ['colcon_pkg']
[0.189s] Level 1:colcon.colcon_core.package_identification:_identify(src/test_box_launch) by extension 'colcon_pkg'
[0.189s] Level 1:colcon.colcon_core.package_identification:_identify(src/test_box_launch) by extensions ['colcon_meta']
[0.189s] Level 1:colcon.colcon_core.package_identification:_identify(src/test_box_launch) by extension 'colcon_meta'
[0.189s] Level 1:colcon.colcon_core.package_identification:_identify(src/test_box_launch) by extensions ['ros']
[0.189s] Level 1:colcon.colcon_core.package_identification:_identify(src/test_box_launch) by extension 'ros'
[0.190s] DEBUG:colcon.colcon_core.package_identification:Package 'src/test_box_launch' with type 'ros.ament_python' and name 'test_box_launch'
[0.190s] Level 1:colcon.colcon_core.package_identification:_identify(src/wave_rover_description) by extensions ['ignore', 'ignore_ament_install']
[0.190s] Level 1:colcon.colcon_core.package_identification:_identify(src/wave_rover_description) by extension 'ignore'
[0.190s] Level 1:colcon.colcon_core.package_identification:_identify(src/wave_rover_description) by extension 'ignore_ament_install'
[0.190s] Level 1:colcon.colcon_core.package_identification:_identify(src/wave_rover_description) by extensions ['colcon_pkg']
[0.190s] Level 1:colcon.colcon_core.package_identification:_identify(src/wave_rover_description) by extension 'colcon_pkg'
[0.190s] Level 1:colcon.colcon_core.package_identification:_identify(src/wave_rover_description) by extensions ['colcon_meta']
[0.190s] Level 1:colcon.colcon_core.package_identification:_identify(src/wave_rover_description) by extension 'colcon_meta'
[0.190s] Level 1:colcon.colcon_core.package_identification:_identify(src/wave_rover_description) by extensions ['ros']
[0.190s] Level 1:colcon.colcon_core.package_identification:_identify(src/wave_rover_description) by extension 'ros'
[0.191s] DEBUG:colcon.colcon_core.package_identification:Package 'src/wave_rover_description' with type 'ros.ament_cmake' and name 'wave_rover_description'
[0.191s] Level 1:colcon.colcon_core.package_identification:_identify(src/wave_rover_gazebo) by extensions ['ignore', 'ignore_ament_install']
[0.191s] Level 1:colcon.colcon_core.package_identification:_identify(src/wave_rover_gazebo) by extension 'ignore'
[0.191s] Level 1:colcon.colcon_core.package_identification:_identify(src/wave_rover_gazebo) by extension 'ignore_ament_install'
[0.191s] Level 1:colcon.colcon_core.package_identification:_identify(src/wave_rover_gazebo) by extensions ['colcon_pkg']
[0.191s] Level 1:colcon.colcon_core.package_identification:_identify(src/wave_rover_gazebo) by extension 'colcon_pkg'
[0.191s] Level 1:colcon.colcon_core.package_identification:_identify(src/wave_rover_gazebo) by extensions ['colcon_meta']
[0.191s] Level 1:colcon.colcon_core.package_identification:_identify(src/wave_rover_gazebo) by extension 'colcon_meta'
[0.191s] Level 1:colcon.colcon_core.package_identification:_identify(src/wave_rover_gazebo) by extensions ['ros']
[0.191s] Level 1:colcon.colcon_core.package_identification:_identify(src/wave_rover_gazebo) by extension 'ros'
[0.191s] DEBUG:colcon.colcon_core.package_identification:Package 'src/wave_rover_gazebo' with type 'ros.ament_cmake' and name 'wave_rover_gazebo'
[0.191s] Level 1:colcon.colcon_core.package_identification:_identify(tmp) by extensions ['ignore', 'ignore_ament_install']
[0.191s] Level 1:colcon.colcon_core.package_identification:_identify(tmp) by extension 'ignore'
[0.191s] Level 1:colcon.colcon_core.package_identification:_identify(tmp) by extension 'ignore_ament_install'
[0.192s] Level 1:colcon.colcon_core.package_identification:_identify(tmp) by extensions ['colcon_pkg']
[0.192s] Level 1:colcon.colcon_core.package_identification:_identify(tmp) by extension 'colcon_pkg'
[0.192s] Level 1:colcon.colcon_core.package_identification:_identify(tmp) by extensions ['colcon_meta']
[0.192s] Level 1:colcon.colcon_core.package_identification:_identify(tmp) by extension 'colcon_meta'
[0.192s] Level 1:colcon.colcon_core.package_identification:_identify(tmp) by extensions ['ros']
[0.192s] Level 1:colcon.colcon_core.package_identification:_identify(tmp) by extension 'ros'
[0.192s] Level 1:colcon.colcon_core.package_identification:_identify(tmp) by extensions ['cmake', 'python']
[0.192s] Level 1:colcon.colcon_core.package_identification:_identify(tmp) by extension 'cmake'
[0.192s] Level 1:colcon.colcon_core.package_identification:_identify(tmp) by extension 'python'
[0.192s] Level 1:colcon.colcon_core.package_identification:_identify(tmp) by extensions ['python_setup_py']
[0.192s] Level 1:colcon.colcon_core.package_identification:_identify(tmp) by extension 'python_setup_py'
[0.192s] Level 1:colcon.colcon_core.package_identification:_identify(worlds) by extensions ['ignore', 'ignore_ament_install']
[0.192s] Level 1:colcon.colcon_core.package_identification:_identify(worlds) by extension 'ignore'
[0.192s] Level 1:colcon.colcon_core.package_identification:_identify(worlds) by extension 'ignore_ament_install'
[0.192s] Level 1:colcon.colcon_core.package_identification:_identify(worlds) by extensions ['colcon_pkg']
[0.192s] Level 1:colcon.colcon_core.package_identification:_identify(worlds) by extension 'colcon_pkg'
[0.192s] Level 1:colcon.colcon_core.package_identification:_identify(worlds) by extensions ['colcon_meta']
[0.192s] Level 1:colcon.colcon_core.package_identification:_identify(worlds) by extension 'colcon_meta'
[0.192s] Level 1:colcon.colcon_core.package_identification:_identify(worlds) by extensions ['ros']
[0.192s] Level 1:colcon.colcon_core.package_identification:_identify(worlds) by extension 'ros'
[0.192s] Level 1:colcon.colcon_core.package_identification:_identify(worlds) by extensions ['cmake', 'python']
[0.192s] Level 1:colcon.colcon_core.package_identification:_identify(worlds) by extension 'cmake'
[0.192s] Level 1:colcon.colcon_core.package_identification:_identify(worlds) by extension 'python'
[0.192s] Level 1:colcon.colcon_core.package_identification:_identify(worlds) by extensions ['python_setup_py']
[0.192s] Level 1:colcon.colcon_core.package_identification:_identify(worlds) by extension 'python_setup_py'
[0.192s] Level 1:colcon.colcon_core.package_discovery:discover_packages(recursive) using defaults
[0.192s] Level 1:colcon.colcon_core.package_discovery:discover_packages(ignore) discover
[0.192s] Level 1:colcon.colcon_core.package_discovery:discover_packages(ignore) using defaults
[0.192s] Level 1:colcon.colcon_core.package_discovery:discover_packages(path) discover
[0.192s] Level 1:colcon.colcon_core.package_discovery:discover_packages(path) using defaults
[0.213s] Level 1:colcon.colcon_core.package_discovery:discover_packages(prefix_path) check parameters
[0.213s] Level 1:colcon.colcon_core.package_discovery:discover_packages(prefix_path) discover
[0.214s] DEBUG:colcon.colcon_installed_package_information.package_discovery:Found 3 installed packages in /home/louise/Development/rover_project/rover_project_gazebo_ws/install
[0.215s] DEBUG:colcon.colcon_installed_package_information.package_discovery:Found 326 installed packages in /opt/ros/humble
[0.216s] Level 1:colcon.colcon_core.package_discovery:discover_packages(prefix_path) using defaults
[0.242s] Level 5:colcon.colcon_core.verb:set package 'test_box_launch' build argument 'cmake_args' from command line to 'None'
[0.242s] Level 5:colcon.colcon_core.verb:set package 'test_box_launch' build argument 'cmake_target' from command line to 'None'
[0.242s] Level 5:colcon.colcon_core.verb:set package 'test_box_launch' build argument 'cmake_target_skip_unavailable' from command line to 'False'
[0.242s] Level 5:colcon.colcon_core.verb:set package 'test_box_launch' build argument 'cmake_clean_cache' from command line to 'False'
[0.242s] Level 5:colcon.colcon_core.verb:set package 'test_box_launch' build argument 'cmake_clean_first' from command line to 'False'
[0.242s] Level 5:colcon.colcon_core.verb:set package 'test_box_launch' build argument 'cmake_force_configure' from command line to 'False'
[0.242s] Level 5:colcon.colcon_core.verb:set package 'test_box_launch' build argument 'ament_cmake_args' from command line to 'None'
[0.242s] Level 5:colcon.colcon_core.verb:set package 'test_box_launch' build argument 'catkin_cmake_args' from command line to 'None'
[0.242s] Level 5:colcon.colcon_core.verb:set package 'test_box_launch' build argument 'catkin_skip_building_tests' from command line to 'False'
[0.242s] DEBUG:colcon.colcon_core.verb:Building package 'test_box_launch' with the following arguments: {'ament_cmake_args': None, 'build_base': '/home/louise/Development/rover_project/rover_project_gazebo_ws/build/test_box_launch', 'catkin_cmake_args': None, 'catkin_skip_building_tests': False, 'cmake_args': None, 'cmake_clean_cache': False, 'cmake_clean_first': False, 'cmake_force_configure': False, 'cmake_target': None, 'cmake_target_skip_unavailable': False, 'install_base': '/home/louise/Development/rover_project/rover_project_gazebo_ws/install/test_box_launch', 'merge_install': False, 'path': '/home/louise/Development/rover_project/rover_project_gazebo_ws/src/test_box_launch', 'symlink_install': True, 'test_result_base': None}
[0.242s] Level 5:colcon.colcon_core.verb:set package 'wave_rover_description' build argument 'cmake_args' from command line to 'None'
[0.242s] Level 5:colcon.colcon_core.verb:set package 'wave_rover_description' build argument 'cmake_target' from command line to 'None'
[0.242s] Level 5:colcon.colcon_core.verb:set package 'wave_rover_description' build argument 'cmake_target_skip_unavailable' from command line to 'False'
[0.242s] Level 5:colcon.colcon_core.verb:set package 'wave_rover_description' build argument 'cmake_clean_cache' from command line to 'False'
[0.242s] Level 5:colcon.colcon_core.verb:set package 'wave_rover_description' build argument 'cmake_clean_first' from command line to 'False'
[0.242s] Level 5:colcon.colcon_core.verb:set package 'wave_rover_description' build argument 'cmake_force_configure' from command line to 'False'
[0.242s] Level 5:colcon.colcon_core.verb:set package 'wave_rover_description' build argument 'ament_cmake_args' from command line to 'None'
[0.242s] Level 5:colcon.colcon_core.verb:set package 'wave_rover_description' build argument 'catkin_cmake_args' from command line to 'None'
[0.242s] Level 5:colcon.colcon_core.verb:set package 'wave_rover_description' build argument 'catkin_skip_building_tests' from command line to 'False'
[0.242s] DEBUG:colcon.colcon_core.verb:Building package 'wave_rover_description' with the following arguments: {'ament_cmake_args': None, 'build_base': '/home/louise/Development/rover_project/rover_project_gazebo_ws/build/wave_rover_description', 'catkin_cmake_args': None, 'catkin_skip_building_tests': False, 'cmake_args': None, 'cmake_clean_cache': False, 'cmake_clean_first': False, 'cmake_force_configure': False, 'cmake_target': None, 'cmake_target_skip_unavailable': False, 'install_base': '/home/louise/Development/rover_project/rover_project_gazebo_ws/install/wave_rover_description', 'merge_install': False, 'path': '/home/louise/Development/rover_project/rover_project_gazebo_ws/src/wave_rover_description', 'symlink_install': True, 'test_result_base': None}
[0.242s] Level 5:colcon.colcon_core.verb:set package 'wave_rover_gazebo' build argument 'cmake_args' from command line to 'None'
[0.242s] Level 5:colcon.colcon_core.verb:set package 'wave_rover_gazebo' build argument 'cmake_target' from command line to 'None'
[0.242s] Level 5:colcon.colcon_core.verb:set package 'wave_rover_gazebo' build argument 'cmake_target_skip_unavailable' from command line to 'False'
[0.242s] Level 5:colcon.colcon_core.verb:set package 'wave_rover_gazebo' build argument 'cmake_clean_cache' from command line to 'False'
[0.242s] Level 5:colcon.colcon_core.verb:set package 'wave_rover_gazebo' build argument 'cmake_clean_first' from command line to 'False'
[0.242s] Level 5:colcon.colcon_core.verb:set package 'wave_rover_gazebo' build argument 'cmake_force_configure' from command line to 'False'
[0.242s] Level 5:colcon.colcon_core.verb:set package 'wave_rover_gazebo' build argument 'ament_cmake_args' from command line to 'None'
[0.242s] Level 5:colcon.colcon_core.verb:set package 'wave_rover_gazebo' build argument 'catkin_cmake_args' from command line to 'None'
[0.242s] Level 5:colcon.colcon_core.verb:set package 'wave_rover_gazebo' build argument 'catkin_skip_building_tests' from command line to 'False'
[0.242s] DEBUG:colcon.colcon_core.verb:Building package 'wave_rover_gazebo' with the following arguments: {'ament_cmake_args': None, 'build_base': '/home/louise/Development/rover_project/rover_project_gazebo_ws/build/wave_rover_gazebo', 'catkin_cmake_args': None, 'catkin_skip_building_tests': False, 'cmake_args': None, 'cmake_clean_cache': False, 'cmake_clean_first': False, 'cmake_force_configure': False, 'cmake_target': None, 'cmake_target_skip_unavailable': False, 'install_base': '/home/louise/Development/rover_project/rover_project_gazebo_ws/install/wave_rover_gazebo', 'merge_install': False, 'path': '/home/louise/Development/rover_project/rover_project_gazebo_ws/src/wave_rover_gazebo', 'symlink_install': True, 'test_result_base': None}
[0.243s] INFO:colcon.colcon_core.executor:Executing jobs using 'parallel' executor
[0.243s] DEBUG:colcon.colcon_parallel_executor.executor.parallel:run_until_complete
[0.243s] INFO:colcon.colcon_ros.task.ament_python.build:Building ROS package in '/home/louise/Development/rover_project/rover_project_gazebo_ws/src/test_box_launch' with build type 'ament_python'
[0.243s] Level 1:colcon.colcon_core.shell:create_environment_hook('test_box_launch', 'ament_prefix_path')
[0.245s] INFO:colcon.colcon_core.plugin_system:Skipping extension 'colcon_core.shell.bat': Not used on non-Windows systems
[0.245s] INFO:colcon.colcon_core.shell:Creating environment hook '/home/louise/Development/rover_project/rover_project_gazebo_ws/install/test_box_launch/share/test_box_launch/hook/ament_prefix_path.ps1'
[0.245s] INFO:colcon.colcon_core.shell:Creating environment descriptor '/home/louise/Development/rover_project/rover_project_gazebo_ws/install/test_box_launch/share/test_box_launch/hook/ament_prefix_path.dsv'
[0.246s] INFO:colcon.colcon_core.shell:Creating environment hook '/home/louise/Development/rover_project/rover_project_gazebo_ws/install/test_box_launch/share/test_box_launch/hook/ament_prefix_path.sh'
[0.246s] INFO:colcon.colcon_core.shell:Skip shell extension 'powershell' for command environment: Not usable outside of PowerShell
[0.246s] DEBUG:colcon.colcon_core.shell:Skip shell extension 'dsv' for command environment
[0.248s] INFO:colcon.colcon_ros.task.ament_cmake.build:Building ROS package in '/home/louise/Development/rover_project/rover_project_gazebo_ws/src/wave_rover_description' with build type 'ament_cmake'
[0.249s] INFO:colcon.colcon_cmake.task.cmake.build:Building CMake package in '/home/louise/Development/rover_project/rover_project_gazebo_ws/src/wave_rover_description'
[0.249s] INFO:colcon.colcon_core.shell:Skip shell extension 'powershell' for command environment: Not usable outside of PowerShell
[0.249s] DEBUG:colcon.colcon_core.shell:Skip shell extension 'dsv' for command environment
[0.251s] INFO:colcon.colcon_ros.task.ament_cmake.build:Building ROS package in '/home/louise/Development/rover_project/rover_project_gazebo_ws/src/wave_rover_gazebo' with build type 'ament_cmake'
[0.251s] INFO:colcon.colcon_cmake.task.cmake.build:Building CMake package in '/home/louise/Development/rover_project/rover_project_gazebo_ws/src/wave_rover_gazebo'
[0.251s] INFO:colcon.colcon_core.shell:Skip shell extension 'powershell' for command environment: Not usable outside of PowerShell
[0.251s] DEBUG:colcon.colcon_core.shell:Skip shell extension 'dsv' for command environment
[0.430s] INFO:colcon.colcon_core.task.python.build:Building Python package in '/home/louise/Development/rover_project/rover_project_gazebo_ws/src/test_box_launch'
[0.430s] INFO:colcon.colcon_core.shell:Skip shell extension 'powershell' for command environment: Not usable outside of PowerShell
[0.430s] DEBUG:colcon.colcon_core.shell:Skip shell extension 'dsv' for command environment
[0.435s] DEBUG:colcon.colcon_core.event_handler.log_command:Invoking command in '/home/louise/Development/rover_project/rover_project_gazebo_ws/build/wave_rover_description': CMAKE_PREFIX_PATH=${CMAKE_PREFIX_PATH}:/home/louise/Development/rover_project/rover_project_gazebo_ws/install/test_box_launch:/opt/ros/humble /usr/bin/cmake --build /home/louise/Development/rover_project/rover_project_gazebo_ws/build/wave_rover_description -- -j8 -l8
[0.438s] DEBUG:colcon.colcon_core.event_handler.log_command:Invoking command in '/home/louise/Development/rover_project/rover_project_gazebo_ws/build/wave_rover_gazebo': CMAKE_PREFIX_PATH=${CMAKE_PREFIX_PATH}:/home/louise/Development/rover_project/rover_project_gazebo_ws/install/test_box_launch:/opt/ros/humble /usr/bin/cmake --build /home/louise/Development/rover_project/rover_project_gazebo_ws/build/wave_rover_gazebo -- -j8 -l8
[0.459s] DEBUG:colcon.colcon_core.event_handler.log_command:Invoked command in '/home/louise/Development/rover_project/rover_project_gazebo_ws/build/wave_rover_description' returned '0': CMAKE_PREFIX_PATH=${CMAKE_PREFIX_PATH}:/home/louise/Development/rover_project/rover_project_gazebo_ws/install/test_box_launch:/opt/ros/humble /usr/bin/cmake --build /home/louise/Development/rover_project/rover_project_gazebo_ws/build/wave_rover_description -- -j8 -l8
[0.466s] DEBUG:colcon.colcon_core.event_handler.log_command:Invoking command in '/home/louise/Development/rover_project/rover_project_gazebo_ws/build/wave_rover_description': CMAKE_PREFIX_PATH=${CMAKE_PREFIX_PATH}:/home/louise/Development/rover_project/rover_project_gazebo_ws/install/test_box_launch:/opt/ros/humble /usr/bin/cmake --install /home/louise/Development/rover_project/rover_project_gazebo_ws/build/wave_rover_description
[0.467s] DEBUG:colcon.colcon_core.event_handler.log_command:Invoked command in '/home/louise/Development/rover_project/rover_project_gazebo_ws/build/wave_rover_gazebo' returned '0': CMAKE_PREFIX_PATH=${CMAKE_PREFIX_PATH}:/home/louise/Development/rover_project/rover_project_gazebo_ws/install/test_box_launch:/opt/ros/humble /usr/bin/cmake --build /home/louise/Development/rover_project/rover_project_gazebo_ws/build/wave_rover_gazebo -- -j8 -l8
[0.468s] DEBUG:colcon.colcon_core.event_handler.log_command:Invoking command in '/home/louise/Development/rover_project/rover_project_gazebo_ws/build/wave_rover_gazebo': CMAKE_PREFIX_PATH=${CMAKE_PREFIX_PATH}:/home/louise/Development/rover_project/rover_project_gazebo_ws/install/test_box_launch:/opt/ros/humble /usr/bin/cmake --install /home/louise/Development/rover_project/rover_project_gazebo_ws/build/wave_rover_gazebo
[0.482s] Level 1:colcon.colcon_core.environment:create_environment_scripts_only(wave_rover_gazebo)
[0.482s] DEBUG:colcon.colcon_core.event_handler.log_command:Invoked command in '/home/louise/Development/rover_project/rover_project_gazebo_ws/build/wave_rover_gazebo' returned '0': CMAKE_PREFIX_PATH=${CMAKE_PREFIX_PATH}:/home/louise/Development/rover_project/rover_project_gazebo_ws/install/test_box_launch:/opt/ros/humble /usr/bin/cmake --install /home/louise/Development/rover_project/rover_project_gazebo_ws/build/wave_rover_gazebo
[0.484s] Level 1:colcon.colcon_core.environment:checking '/home/louise/Development/rover_project/rover_project_gazebo_ws/install/wave_rover_gazebo' for CMake module files
[0.484s] Level 1:colcon.colcon_core.environment:checking '/home/louise/Development/rover_project/rover_project_gazebo_ws/install/wave_rover_gazebo' for CMake config files
[0.484s] Level 1:colcon.colcon_core.shell:create_environment_hook('wave_rover_gazebo', 'cmake_prefix_path')
[0.484s] INFO:colcon.colcon_core.shell:Creating environment hook '/home/louise/Development/rover_project/rover_project_gazebo_ws/install/wave_rover_gazebo/share/wave_rover_gazebo/hook/cmake_prefix_path.ps1'
[0.485s] INFO:colcon.colcon_core.shell:Creating environment descriptor '/home/louise/Development/rover_project/rover_project_gazebo_ws/install/wave_rover_gazebo/share/wave_rover_gazebo/hook/cmake_prefix_path.dsv'
[0.485s] INFO:colcon.colcon_core.shell:Creating environment hook '/home/louise/Development/rover_project/rover_project_gazebo_ws/install/wave_rover_gazebo/share/wave_rover_gazebo/hook/cmake_prefix_path.sh'
[0.485s] Level 1:colcon.colcon_core.environment:checking '/home/louise/Development/rover_project/rover_project_gazebo_ws/install/wave_rover_gazebo/bin'
[0.485s] Level 1:colcon.colcon_core.environment:checking '/home/louise/Development/rover_project/rover_project_gazebo_ws/install/wave_rover_gazebo/lib/pkgconfig/wave_rover_gazebo.pc'
[0.486s] Level 1:colcon.colcon_core.environment:checking '/home/louise/Development/rover_project/rover_project_gazebo_ws/install/wave_rover_gazebo/lib/python3.10/site-packages'
[0.486s] Level 1:colcon.colcon_core.environment:checking '/home/louise/Development/rover_project/rover_project_gazebo_ws/install/wave_rover_gazebo/bin'
[0.486s] INFO:colcon.colcon_core.shell:Creating package script '/home/louise/Development/rover_project/rover_project_gazebo_ws/install/wave_rover_gazebo/share/wave_rover_gazebo/package.ps1'
[0.486s] INFO:colcon.colcon_core.shell:Creating package descriptor '/home/louise/Development/rover_project/rover_project_gazebo_ws/install/wave_rover_gazebo/share/wave_rover_gazebo/package.dsv'
[0.487s] INFO:colcon.colcon_core.shell:Creating package script '/home/louise/Development/rover_project/rover_project_gazebo_ws/install/wave_rover_gazebo/share/wave_rover_gazebo/package.sh'
[0.487s] INFO:colcon.colcon_core.shell:Creating package script '/home/louise/Development/rover_project/rover_project_gazebo_ws/install/wave_rover_gazebo/share/wave_rover_gazebo/package.bash'
[0.488s] INFO:colcon.colcon_core.shell:Creating package script '/home/louise/Development/rover_project/rover_project_gazebo_ws/install/wave_rover_gazebo/share/wave_rover_gazebo/package.zsh'
[0.488s] Level 1:colcon.colcon_core.environment:create_file_with_runtime_dependencies(/home/louise/Development/rover_project/rover_project_gazebo_ws/install/wave_rover_gazebo/share/colcon-core/packages/wave_rover_gazebo)
[0.488s] Level 1:colcon.colcon_core.environment:create_environment_scripts_only(wave_rover_gazebo)
[0.488s] Level 1:colcon.colcon_core.environment:checking '/home/louise/Development/rover_project/rover_project_gazebo_ws/install/wave_rover_gazebo' for CMake module files
[0.489s] Level 1:colcon.colcon_core.environment:checking '/home/louise/Development/rover_project/rover_project_gazebo_ws/install/wave_rover_gazebo' for CMake config files
[0.489s] Level 1:colcon.colcon_core.shell:create_environment_hook('wave_rover_gazebo', 'cmake_prefix_path')
[0.489s] INFO:colcon.colcon_core.shell:Creating environment hook '/home/louise/Development/rover_project/rover_project_gazebo_ws/install/wave_rover_gazebo/share/wave_rover_gazebo/hook/cmake_prefix_path.ps1'
[0.489s] INFO:colcon.colcon_core.shell:Creating environment descriptor '/home/louise/Development/rover_project/rover_project_gazebo_ws/install/wave_rover_gazebo/share/wave_rover_gazebo/hook/cmake_prefix_path.dsv'
[0.490s] INFO:colcon.colcon_core.shell:Creating environment hook '/home/louise/Development/rover_project/rover_project_gazebo_ws/install/wave_rover_gazebo/share/wave_rover_gazebo/hook/cmake_prefix_path.sh'
[0.490s] Level 1:colcon.colcon_core.environment:checking '/home/louise/Development/rover_project/rover_project_gazebo_ws/install/wave_rover_gazebo/bin'
[0.490s] Level 1:colcon.colcon_core.environment:checking '/home/louise/Development/rover_project/rover_project_gazebo_ws/install/wave_rover_gazebo/lib/pkgconfig/wave_rover_gazebo.pc'
[0.490s] Level 1:colcon.colcon_core.environment:checking '/home/louise/Development/rover_project/rover_project_gazebo_ws/install/wave_rover_gazebo/lib/python3.10/site-packages'
[0.490s] Level 1:colcon.colcon_core.environment:checking '/home/louise/Development/rover_project/rover_project_gazebo_ws/install/wave_rover_gazebo/bin'
[0.490s] INFO:colcon.colcon_core.shell:Creating package script '/home/louise/Development/rover_project/rover_project_gazebo_ws/install/wave_rover_gazebo/share/wave_rover_gazebo/package.ps1'
[0.491s] INFO:colcon.colcon_core.shell:Creating package descriptor '/home/louise/Development/rover_project/rover_project_gazebo_ws/install/wave_rover_gazebo/share/wave_rover_gazebo/package.dsv'
[0.491s] INFO:colcon.colcon_core.shell:Creating package script '/home/louise/Development/rover_project/rover_project_gazebo_ws/install/wave_rover_gazebo/share/wave_rover_gazebo/package.sh'
[0.491s] INFO:colcon.colcon_core.shell:Creating package script '/home/louise/Development/rover_project/rover_project_gazebo_ws/install/wave_rover_gazebo/share/wave_rover_gazebo/package.bash'
[0.492s] INFO:colcon.colcon_core.shell:Creating package script '/home/louise/Development/rover_project/rover_project_gazebo_ws/install/wave_rover_gazebo/share/wave_rover_gazebo/package.zsh'
[0.492s] Level 1:colcon.colcon_core.environment:create_file_with_runtime_dependencies(/home/louise/Development/rover_project/rover_project_gazebo_ws/install/wave_rover_gazebo/share/colcon-core/packages/wave_rover_gazebo)
[0.492s] Level 1:colcon.colcon_core.environment:create_environment_scripts_only(wave_rover_description)
[0.492s] Level 1:colcon.colcon_core.environment:checking '/home/louise/Development/rover_project/rover_project_gazebo_ws/install/wave_rover_description' for CMake module files
[0.493s] DEBUG:colcon.colcon_core.event_handler.log_command:Invoked command in '/home/louise/Development/rover_project/rover_project_gazebo_ws/build/wave_rover_description' returned '0': CMAKE_PREFIX_PATH=${CMAKE_PREFIX_PATH}:/home/louise/Development/rover_project/rover_project_gazebo_ws/install/test_box_launch:/opt/ros/humble /usr/bin/cmake --install /home/louise/Development/rover_project/rover_project_gazebo_ws/build/wave_rover_description
[0.493s] Level 1:colcon.colcon_core.environment:checking '/home/louise/Development/rover_project/rover_project_gazebo_ws/install/wave_rover_description' for CMake config files
[0.493s] Level 1:colcon.colcon_core.shell:create_environment_hook('wave_rover_description', 'cmake_prefix_path')
[0.493s] INFO:colcon.colcon_core.shell:Creating environment hook '/home/louise/Development/rover_project/rover_project_gazebo_ws/install/wave_rover_description/share/wave_rover_description/hook/cmake_prefix_path.ps1'
[0.494s] INFO:colcon.colcon_core.shell:Creating environment descriptor '/home/louise/Development/rover_project/rover_project_gazebo_ws/install/wave_rover_description/share/wave_rover_description/hook/cmake_prefix_path.dsv'
[0.494s] INFO:colcon.colcon_core.shell:Creating environment hook '/home/louise/Development/rover_project/rover_project_gazebo_ws/install/wave_rover_description/share/wave_rover_description/hook/cmake_prefix_path.sh'
[0.494s] Level 1:colcon.colcon_core.environment:checking '/home/louise/Development/rover_project/rover_project_gazebo_ws/install/wave_rover_description/bin'
[0.494s] Level 1:colcon.colcon_core.environment:checking '/home/louise/Development/rover_project/rover_project_gazebo_ws/install/wave_rover_description/lib/pkgconfig/wave_rover_description.pc'
[0.494s] Level 1:colcon.colcon_core.environment:checking '/home/louise/Development/rover_project/rover_project_gazebo_ws/install/wave_rover_description/lib/python3.10/site-packages'
[0.495s] Level 1:colcon.colcon_core.environment:checking '/home/louise/Development/rover_project/rover_project_gazebo_ws/install/wave_rover_description/bin'
[0.495s] INFO:colcon.colcon_core.shell:Creating package script '/home/louise/Development/rover_project/rover_project_gazebo_ws/install/wave_rover_description/share/wave_rover_description/package.ps1'
[0.495s] INFO:colcon.colcon_core.shell:Creating package descriptor '/home/louise/Development/rover_project/rover_project_gazebo_ws/install/wave_rover_description/share/wave_rover_description/package.dsv'
[0.495s] INFO:colcon.colcon_core.shell:Creating package script '/home/louise/Development/rover_project/rover_project_gazebo_ws/install/wave_rover_description/share/wave_rover_description/package.sh'
[0.495s] INFO:colcon.colcon_core.shell:Creating package script '/home/louise/Development/rover_project/rover_project_gazebo_ws/install/wave_rover_description/share/wave_rover_description/package.bash'
[0.496s] INFO:colcon.colcon_core.shell:Creating package script '/home/louise/Development/rover_project/rover_project_gazebo_ws/install/wave_rover_description/share/wave_rover_description/package.zsh'
[0.496s] Level 1:colcon.colcon_core.environment:create_file_with_runtime_dependencies(/home/louise/Development/rover_project/rover_project_gazebo_ws/install/wave_rover_description/share/colcon-core/packages/wave_rover_description)
[0.496s] Level 1:colcon.colcon_core.environment:create_environment_scripts_only(wave_rover_description)
[0.496s] Level 1:colcon.colcon_core.environment:checking '/home/louise/Development/rover_project/rover_project_gazebo_ws/install/wave_rover_description' for CMake module files
[0.496s] Level 1:colcon.colcon_core.environment:checking '/home/louise/Development/rover_project/rover_project_gazebo_ws/install/wave_rover_description' for CMake config files
[0.497s] Level 1:colcon.colcon_core.shell:create_environment_hook('wave_rover_description', 'cmake_prefix_path')
[0.497s] INFO:colcon.colcon_core.shell:Creating environment hook '/home/louise/Development/rover_project/rover_project_gazebo_ws/install/wave_rover_description/share/wave_rover_description/hook/cmake_prefix_path.ps1'
[0.497s] INFO:colcon.colcon_core.shell:Creating environment descriptor '/home/louise/Development/rover_project/rover_project_gazebo_ws/install/wave_rover_description/share/wave_rover_description/hook/cmake_prefix_path.dsv'
[0.497s] INFO:colcon.colcon_core.shell:Creating environment hook '/home/louise/Development/rover_project/rover_project_gazebo_ws/install/wave_rover_description/share/wave_rover_description/hook/cmake_prefix_path.sh'
[0.498s] Level 1:colcon.colcon_core.environment:checking '/home/louise/Development/rover_project/rover_project_gazebo_ws/install/wave_rover_description/bin'
[0.498s] Level 1:colcon.colcon_core.environment:checking '/home/louise/Development/rover_project/rover_project_gazebo_ws/install/wave_rover_description/lib/pkgconfig/wave_rover_description.pc'
[0.498s] Level 1:colcon.colcon_core.environment:checking '/home/louise/Development/rover_project/rover_project_gazebo_ws/install/wave_rover_description/lib/python3.10/site-packages'
[0.498s] Level 1:colcon.colcon_core.environment:checking '/home/louise/Development/rover_project/rover_project_gazebo_ws/install/wave_rover_description/bin'
[0.498s] INFO:colcon.colcon_core.shell:Creating package script '/home/louise/Development/rover_project/rover_project_gazebo_ws/install/wave_rover_description/share/wave_rover_description/package.ps1'
[0.498s] INFO:colcon.colcon_core.shell:Creating package descriptor '/home/louise/Development/rover_project/rover_project_gazebo_ws/install/wave_rover_description/share/wave_rover_description/package.dsv'
[0.499s] INFO:colcon.colcon_core.shell:Creating package script '/home/louise/Development/rover_project/rover_project_gazebo_ws/install/wave_rover_description/share/wave_rover_description/package.sh'
[0.499s] INFO:colcon.colcon_core.shell:Creating package script '/home/louise/Development/rover_project/rover_project_gazebo_ws/install/wave_rover_description/share/wave_rover_description/package.bash'
[0.499s] INFO:colcon.colcon_core.shell:Creating package script '/home/louise/Development/rover_project/rover_project_gazebo_ws/install/wave_rover_description/share/wave_rover_description/package.zsh'
[0.499s] Level 1:colcon.colcon_core.environment:create_file_with_runtime_dependencies(/home/louise/Development/rover_project/rover_project_gazebo_ws/install/wave_rover_description/share/colcon-core/packages/wave_rover_description)
[0.686s] DEBUG:colcon.colcon_core.event_handler.log_command:Invoking command in '/home/louise/Development/rover_project/rover_project_gazebo_ws/build/test_box_launch': PYTHONPATH=/home/louise/Development/rover_project/rover_project_gazebo_ws/build/test_box_launch/prefix_override:/usr/lib/python3/dist-packages/colcon_core/task/python/colcon_distutils_commands:/home/louise/Development/rover_project/rover_project_gazebo_ws/install/test_box_launch/lib/python3.10/site-packages:${PYTHONPATH} /usr/bin/python3 -W ignore:setup.py install is deprecated -W ignore:easy_install command is deprecated setup.py develop --editable --build-directory /home/louise/Development/rover_project/rover_project_gazebo_ws/build/test_box_launch/build --no-deps symlink_data
[0.983s] Level 1:colcon.colcon_core.shell:create_environment_hook('test_box_launch', 'pythonpath_develop')
[0.984s] INFO:colcon.colcon_core.shell:Creating environment hook '/home/louise/Development/rover_project/rover_project_gazebo_ws/build/test_box_launch/share/test_box_launch/hook/pythonpath_develop.ps1'
[0.984s] DEBUG:colcon.colcon_core.event_handler.log_command:Invoked command in '/home/louise/Development/rover_project/rover_project_gazebo_ws/build/test_box_launch' returned '0': PYTHONPATH=/home/louise/Development/rover_project/rover_project_gazebo_ws/build/test_box_launch/prefix_override:/usr/lib/python3/dist-packages/colcon_core/task/python/colcon_distutils_commands:/home/louise/Development/rover_project/rover_project_gazebo_ws/install/test_box_launch/lib/python3.10/site-packages:${PYTHONPATH} /usr/bin/python3 -W ignore:setup.py install is deprecated -W ignore:easy_install command is deprecated setup.py develop --editable --build-directory /home/louise/Development/rover_project/rover_project_gazebo_ws/build/test_box_launch/build --no-deps symlink_data
[0.984s] INFO:colcon.colcon_core.shell:Creating environment descriptor '/home/louise/Development/rover_project/rover_project_gazebo_ws/build/test_box_launch/share/test_box_launch/hook/pythonpath_develop.dsv'
[0.985s] INFO:colcon.colcon_core.shell:Creating environment hook '/home/louise/Development/rover_project/rover_project_gazebo_ws/build/test_box_launch/share/test_box_launch/hook/pythonpath_develop.sh'
[0.985s] Level 1:colcon.colcon_core.environment:checking '/home/louise/Development/rover_project/rover_project_gazebo_ws/install/test_box_launch' for CMake module files
[0.985s] Level 1:colcon.colcon_core.environment:checking '/home/louise/Development/rover_project/rover_project_gazebo_ws/install/test_box_launch' for CMake config files
[0.985s] Level 1:colcon.colcon_core.environment:checking '/home/louise/Development/rover_project/rover_project_gazebo_ws/install/test_box_launch/lib'
[0.986s] Level 1:colcon.colcon_core.environment:checking '/home/louise/Development/rover_project/rover_project_gazebo_ws/install/test_box_launch/bin'
[0.986s] Level 1:colcon.colcon_core.environment:checking '/home/louise/Development/rover_project/rover_project_gazebo_ws/install/test_box_launch/lib/pkgconfig/test_box_launch.pc'
[0.986s] Level 1:colcon.colcon_core.environment:checking '/home/louise/Development/rover_project/rover_project_gazebo_ws/install/test_box_launch/lib/python3.10/site-packages'
[0.986s] Level 1:colcon.colcon_core.shell:create_environment_hook('test_box_launch', 'pythonpath')
[0.986s] INFO:colcon.colcon_core.shell:Creating environment hook '/home/louise/Development/rover_project/rover_project_gazebo_ws/install/test_box_launch/share/test_box_launch/hook/pythonpath.ps1'
[0.986s] INFO:colcon.colcon_core.shell:Creating environment descriptor '/home/louise/Development/rover_project/rover_project_gazebo_ws/install/test_box_launch/share/test_box_launch/hook/pythonpath.dsv'
[0.986s] INFO:colcon.colcon_core.shell:Creating environment hook '/home/louise/Development/rover_project/rover_project_gazebo_ws/install/test_box_launch/share/test_box_launch/hook/pythonpath.sh'
[0.987s] Level 1:colcon.colcon_core.environment:checking '/home/louise/Development/rover_project/rover_project_gazebo_ws/install/test_box_launch/bin'
[0.987s] Level 1:colcon.colcon_core.environment:create_environment_scripts_only(test_box_launch)
[0.987s] INFO:colcon.colcon_core.shell:Creating package script '/home/louise/Development/rover_project/rover_project_gazebo_ws/install/test_box_launch/share/test_box_launch/package.ps1'
[0.987s] INFO:colcon.colcon_core.shell:Creating package descriptor '/home/louise/Development/rover_project/rover_project_gazebo_ws/install/test_box_launch/share/test_box_launch/package.dsv'
[0.988s] INFO:colcon.colcon_core.shell:Creating package script '/home/louise/Development/rover_project/rover_project_gazebo_ws/install/test_box_launch/share/test_box_launch/package.sh'
[0.988s] INFO:colcon.colcon_core.shell:Creating package script '/home/louise/Development/rover_project/rover_project_gazebo_ws/install/test_box_launch/share/test_box_launch/package.bash'
[0.988s] INFO:colcon.colcon_core.shell:Creating package script '/home/louise/Development/rover_project/rover_project_gazebo_ws/install/test_box_launch/share/test_box_launch/package.zsh'
[0.988s] Level 1:colcon.colcon_core.environment:create_file_with_runtime_dependencies(/home/louise/Development/rover_project/rover_project_gazebo_ws/install/test_box_launch/share/colcon-core/packages/test_box_launch)
[0.989s] DEBUG:colcon.colcon_parallel_executor.executor.parallel:closing loop
[0.989s] DEBUG:colcon.colcon_parallel_executor.executor.parallel:loop closed
[0.989s] DEBUG:colcon.colcon_parallel_executor.executor.parallel:run_until_complete finished with '0'
[0.989s] DEBUG:colcon.colcon_core.event_reactor:joining thread
[0.992s] INFO:colcon.colcon_core.plugin_system:Skipping extension 'colcon_notification.desktop_notification.terminal_notifier': Not used on non-Darwin systems
[0.992s] INFO:colcon.colcon_core.plugin_system:Skipping extension 'colcon_notification.desktop_notification.win32': Not used on non-Windows systems
[0.992s] INFO:colcon.colcon_notification.desktop_notification:Sending desktop notification using 'notify2'
[0.999s] DEBUG:colcon.colcon_core.event_reactor:joined thread
[1.000s] INFO:colcon.colcon_core.shell:Creating prefix script '/home/louise/Development/rover_project/rover_project_gazebo_ws/install/local_setup.ps1'
[1.000s] INFO:colcon.colcon_core.shell:Creating prefix util module '/home/louise/Development/rover_project/rover_project_gazebo_ws/install/_local_setup_util_ps1.py'
[1.002s] INFO:colcon.colcon_core.shell:Creating prefix chain script '/home/louise/Development/rover_project/rover_project_gazebo_ws/install/setup.ps1'
[1.002s] INFO:colcon.colcon_core.shell:Creating prefix script '/home/louise/Development/rover_project/rover_project_gazebo_ws/install/local_setup.sh'
[1.003s] INFO:colcon.colcon_core.shell:Creating prefix util module '/home/louise/Development/rover_project/rover_project_gazebo_ws/install/_local_setup_util_sh.py'
[1.003s] INFO:colcon.colcon_core.shell:Creating prefix chain script '/home/louise/Development/rover_project/rover_project_gazebo_ws/install/setup.sh'
[1.004s] INFO:colcon.colcon_core.shell:Creating prefix script '/home/louise/Development/rover_project/rover_project_gazebo_ws/install/local_setup.bash'
[1.004s] INFO:colcon.colcon_core.shell:Creating prefix chain script '/home/louise/Development/rover_project/rover_project_gazebo_ws/install/setup.bash'
[1.005s] INFO:colcon.colcon_core.shell:Creating prefix script '/home/louise/Development/rover_project/rover_project_gazebo_ws/install/local_setup.zsh'
[1.005s] INFO:colcon.colcon_core.shell:Creating prefix chain script '/home/louise/Development/rover_project/rover_project_gazebo_ws/install/setup.zsh'
