-- The C compiler identification is GNU 11.4.0
-- The CXX compiler identification is GNU 11.4.0
-- Detecting C compiler ABI info
-- Detecting C compiler ABI info - done
-- Check for working C compiler: /usr/bin/cc - skipped
-- Detecting C compile features
-- Detecting C compile features - done
-- Detecting CXX compiler ABI info
-- Detecting CXX compiler ABI info - done
-- Check for working CXX compiler: /usr/bin/c++ - skipped
-- Detecting CXX compile features
-- Detecting CXX compile features - done
-- Found ament_cmake: 1.3.11 (/opt/ros/humble/share/ament_cmake/cmake)
-- Found Python3: /usr/bin/python3 (found version "3.10.12") found components: Interpreter 
-- Override CMake install command with custom implementation using symlinks instead of copying resources
-- Found ament_lint_auto: 0.12.12 (/opt/ros/humble/share/ament_lint_auto/cmake)
-- Added test 'lint_cmake' to check CMake code style
-- Added test 'xmllint' to check XML markup files
-- Configuring done
-- Generating done
-- Build files have been written to: /home/louise/Development/rover_project/rover_project_gazebo_ws/build/wave_rover_gazebo
-- Install configuration: ""
-- Execute custom install script
-- Symlinking: /home/louise/Development/rover_project/rover_project_gazebo_ws/install/wave_rover_gazebo/share/ament_index/resource_index/package_run_dependencies/wave_rover_gazebo
-- Symlinking: /home/louise/Development/rover_project/rover_project_gazebo_ws/install/wave_rover_gazebo/share/ament_index/resource_index/parent_prefix_path/wave_rover_gazebo
-- Symlinking: /home/louise/Development/rover_project/rover_project_gazebo_ws/install/wave_rover_gazebo/share/wave_rover_gazebo/environment/ament_prefix_path.sh
-- Symlinking: /home/louise/Development/rover_project/rover_project_gazebo_ws/install/wave_rover_gazebo/share/wave_rover_gazebo/environment/ament_prefix_path.dsv
-- Symlinking: /home/louise/Development/rover_project/rover_project_gazebo_ws/install/wave_rover_gazebo/share/wave_rover_gazebo/environment/path.sh
-- Symlinking: /home/louise/Development/rover_project/rover_project_gazebo_ws/install/wave_rover_gazebo/share/wave_rover_gazebo/environment/path.dsv
-- Symlinking: /home/louise/Development/rover_project/rover_project_gazebo_ws/install/wave_rover_gazebo/share/wave_rover_gazebo/local_setup.bash
-- Symlinking: /home/louise/Development/rover_project/rover_project_gazebo_ws/install/wave_rover_gazebo/share/wave_rover_gazebo/local_setup.sh
-- Symlinking: /home/louise/Development/rover_project/rover_project_gazebo_ws/install/wave_rover_gazebo/share/wave_rover_gazebo/local_setup.zsh
-- Symlinking: /home/louise/Development/rover_project/rover_project_gazebo_ws/install/wave_rover_gazebo/share/wave_rover_gazebo/local_setup.dsv
-- Symlinking: /home/louise/Development/rover_project/rover_project_gazebo_ws/install/wave_rover_gazebo/share/wave_rover_gazebo/package.dsv
-- Symlinking: /home/louise/Development/rover_project/rover_project_gazebo_ws/install/wave_rover_gazebo/share/ament_index/resource_index/packages/wave_rover_gazebo
-- Symlinking: /home/louise/Development/rover_project/rover_project_gazebo_ws/install/wave_rover_gazebo/share/wave_rover_gazebo/cmake/wave_rover_gazeboConfig.cmake
-- Symlinking: /home/louise/Development/rover_project/rover_project_gazebo_ws/install/wave_rover_gazebo/share/wave_rover_gazebo/cmake/wave_rover_gazeboConfig-version.cmake
-- Symlinking: /home/louise/Development/rover_project/rover_project_gazebo_ws/install/wave_rover_gazebo/share/wave_rover_gazebo/package.xml
