[0.069s] DEBUG:colcon:Command line arguments: ['/usr/bin/colcon', 'build', '--symlink-install']
[0.069s] DEBUG:colcon:Parsed command line arguments: Namespace(log_base=None, log_level=None, verb_name='build', build_base='build', install_base='install', merge_install=False, symlink_install=True, test_result_base=None, continue_on_error=False, executor='parallel', parallel_workers=8, event_handlers=None, ignore_user_meta=False, metas=['./colcon.meta'], base_paths=['.'], packages_ignore=None, packages_ignore_regex=None, paths=None, packages_up_to=None, packages_up_to_regex=None, packages_above=None, packages_above_and_dependencies=None, packages_above_depth=None, packages_select_by_dep=None, packages_skip_by_dep=None, packages_skip_up_to=None, packages_select_build_failed=False, packages_skip_build_finished=False, packages_select_test_failures=False, packages_skip_test_passed=False, packages_select=None, packages_skip=None, packages_select_regex=None, packages_skip_regex=None, packages_start=None, packages_end=None, allow_overriding=[], cmake_args=None, cmake_target=None, cmake_target_skip_unavailable=False, cmake_clean_cache=False, cmake_clean_first=False, cmake_force_configure=False, ament_cmake_args=None, catkin_cmake_args=None, catkin_skip_building_tests=False, verb_parser=<colcon_defaults.argument_parser.defaults.DefaultArgumentsDecorator object at 0x73863ec19000>, verb_extension=<colcon_core.verb.build.BuildVerb object at 0x73863ede2620>, main=<bound method BuildVerb.main of <colcon_core.verb.build.BuildVerb object at 0x73863ede2620>>)
[0.186s] Level 1:colcon.colcon_core.package_discovery:discover_packages(colcon_meta) check parameters
[0.186s] Level 1:colcon.colcon_core.package_discovery:discover_packages(recursive) check parameters
[0.186s] Level 1:colcon.colcon_core.package_discovery:discover_packages(ignore) check parameters
[0.186s] Level 1:colcon.colcon_core.package_discovery:discover_packages(path) check parameters
[0.186s] Level 1:colcon.colcon_core.package_discovery:discover_packages(colcon_meta) discover
[0.186s] Level 1:colcon.colcon_core.package_discovery:discover_packages(recursive) discover
[0.186s] INFO:colcon.colcon_core.package_discovery:Crawling recursively for packages in '/home/louise/Development/rover_project_gazebo'
[0.186s] Level 1:colcon.colcon_core.package_identification:_identify(.) by extensions ['ignore', 'ignore_ament_install']
[0.186s] Level 1:colcon.colcon_core.package_identification:_identify(.) by extension 'ignore'
[0.186s] Level 1:colcon.colcon_core.package_identification:_identify(.) by extension 'ignore_ament_install'
[0.186s] Level 1:colcon.colcon_core.package_identification:_identify(.) by extensions ['colcon_pkg']
[0.186s] Level 1:colcon.colcon_core.package_identification:_identify(.) by extension 'colcon_pkg'
[0.186s] Level 1:colcon.colcon_core.package_identification:_identify(.) by extensions ['colcon_meta']
[0.186s] Level 1:colcon.colcon_core.package_identification:_identify(.) by extension 'colcon_meta'
[0.186s] Level 1:colcon.colcon_core.package_identification:_identify(.) by extensions ['ros']
[0.186s] Level 1:colcon.colcon_core.package_identification:_identify(.) by extension 'ros'
[0.194s] Level 1:colcon.colcon_core.package_identification:_identify(.) by extensions ['cmake', 'python']
[0.194s] Level 1:colcon.colcon_core.package_identification:_identify(.) by extension 'cmake'
[0.194s] Level 1:colcon.colcon_core.package_identification:_identify(.) by extension 'python'
[0.194s] Level 1:colcon.colcon_core.package_identification:_identify(.) by extensions ['python_setup_py']
[0.194s] Level 1:colcon.colcon_core.package_identification:_identify(.) by extension 'python_setup_py'
[0.194s] Level 1:colcon.colcon_core.package_identification:_identify(build) by extensions ['ignore', 'ignore_ament_install']
[0.194s] Level 1:colcon.colcon_core.package_identification:_identify(build) by extension 'ignore'
[0.194s] Level 1:colcon.colcon_core.package_identification:_identify(build) ignored
[0.194s] Level 1:colcon.colcon_core.package_identification:_identify(install) by extensions ['ignore', 'ignore_ament_install']
[0.194s] Level 1:colcon.colcon_core.package_identification:_identify(install) by extension 'ignore'
[0.194s] Level 1:colcon.colcon_core.package_identification:_identify(install) ignored
[0.194s] Level 1:colcon.colcon_core.package_identification:_identify(log) by extensions ['ignore', 'ignore_ament_install']
[0.194s] Level 1:colcon.colcon_core.package_identification:_identify(log) by extension 'ignore'
[0.194s] Level 1:colcon.colcon_core.package_identification:_identify(log) ignored
[0.194s] Level 1:colcon.colcon_core.package_identification:_identify(meshes) by extensions ['ignore', 'ignore_ament_install']
[0.194s] Level 1:colcon.colcon_core.package_identification:_identify(meshes) by extension 'ignore'
[0.194s] Level 1:colcon.colcon_core.package_identification:_identify(meshes) by extension 'ignore_ament_install'
[0.194s] Level 1:colcon.colcon_core.package_identification:_identify(meshes) by extensions ['colcon_pkg']
[0.194s] Level 1:colcon.colcon_core.package_identification:_identify(meshes) by extension 'colcon_pkg'
[0.195s] Level 1:colcon.colcon_core.package_identification:_identify(meshes) by extensions ['colcon_meta']
[0.195s] Level 1:colcon.colcon_core.package_identification:_identify(meshes) by extension 'colcon_meta'
[0.195s] Level 1:colcon.colcon_core.package_identification:_identify(meshes) by extensions ['ros']
[0.195s] Level 1:colcon.colcon_core.package_identification:_identify(meshes) by extension 'ros'
[0.195s] Level 1:colcon.colcon_core.package_identification:_identify(meshes) by extensions ['cmake', 'python']
[0.195s] Level 1:colcon.colcon_core.package_identification:_identify(meshes) by extension 'cmake'
[0.195s] Level 1:colcon.colcon_core.package_identification:_identify(meshes) by extension 'python'
[0.195s] Level 1:colcon.colcon_core.package_identification:_identify(meshes) by extensions ['python_setup_py']
[0.195s] Level 1:colcon.colcon_core.package_identification:_identify(meshes) by extension 'python_setup_py'
[0.195s] Level 1:colcon.colcon_core.package_identification:_identify(src) by extensions ['ignore', 'ignore_ament_install']
[0.195s] Level 1:colcon.colcon_core.package_identification:_identify(src) by extension 'ignore'
[0.195s] Level 1:colcon.colcon_core.package_identification:_identify(src) by extension 'ignore_ament_install'
[0.195s] Level 1:colcon.colcon_core.package_identification:_identify(src) by extensions ['colcon_pkg']
[0.195s] Level 1:colcon.colcon_core.package_identification:_identify(src) by extension 'colcon_pkg'
[0.195s] Level 1:colcon.colcon_core.package_identification:_identify(src) by extensions ['colcon_meta']
[0.195s] Level 1:colcon.colcon_core.package_identification:_identify(src) by extension 'colcon_meta'
[0.195s] Level 1:colcon.colcon_core.package_identification:_identify(src) by extensions ['ros']
[0.195s] Level 1:colcon.colcon_core.package_identification:_identify(src) by extension 'ros'
[0.195s] Level 1:colcon.colcon_core.package_identification:_identify(src) by extensions ['cmake', 'python']
[0.195s] Level 1:colcon.colcon_core.package_identification:_identify(src) by extension 'cmake'
[0.195s] Level 1:colcon.colcon_core.package_identification:_identify(src) by extension 'python'
[0.195s] Level 1:colcon.colcon_core.package_identification:_identify(src) by extensions ['python_setup_py']
[0.195s] Level 1:colcon.colcon_core.package_identification:_identify(src) by extension 'python_setup_py'
[0.195s] Level 1:colcon.colcon_core.package_identification:_identify(src/realsense2_description) by extensions ['ignore', 'ignore_ament_install']
[0.195s] Level 1:colcon.colcon_core.package_identification:_identify(src/realsense2_description) by extension 'ignore'
[0.195s] Level 1:colcon.colcon_core.package_identification:_identify(src/realsense2_description) by extension 'ignore_ament_install'
[0.195s] Level 1:colcon.colcon_core.package_identification:_identify(src/realsense2_description) by extensions ['colcon_pkg']
[0.195s] Level 1:colcon.colcon_core.package_identification:_identify(src/realsense2_description) by extension 'colcon_pkg'
[0.195s] Level 1:colcon.colcon_core.package_identification:_identify(src/realsense2_description) by extensions ['colcon_meta']
[0.195s] Level 1:colcon.colcon_core.package_identification:_identify(src/realsense2_description) by extension 'colcon_meta'
[0.195s] Level 1:colcon.colcon_core.package_identification:_identify(src/realsense2_description) by extensions ['ros']
[0.195s] Level 1:colcon.colcon_core.package_identification:_identify(src/realsense2_description) by extension 'ros'
[0.197s] DEBUG:colcon.colcon_core.package_identification:Package 'src/realsense2_description' with type 'ros.catkin' and name 'realsense2_description'
[0.197s] Level 1:colcon.colcon_core.package_identification:_identify(src/wave_rover_description) by extensions ['ignore', 'ignore_ament_install']
[0.197s] Level 1:colcon.colcon_core.package_identification:_identify(src/wave_rover_description) by extension 'ignore'
[0.197s] Level 1:colcon.colcon_core.package_identification:_identify(src/wave_rover_description) by extension 'ignore_ament_install'
[0.197s] Level 1:colcon.colcon_core.package_identification:_identify(src/wave_rover_description) by extensions ['colcon_pkg']
[0.197s] Level 1:colcon.colcon_core.package_identification:_identify(src/wave_rover_description) by extension 'colcon_pkg'
[0.197s] Level 1:colcon.colcon_core.package_identification:_identify(src/wave_rover_description) by extensions ['colcon_meta']
[0.197s] Level 1:colcon.colcon_core.package_identification:_identify(src/wave_rover_description) by extension 'colcon_meta'
[0.197s] Level 1:colcon.colcon_core.package_identification:_identify(src/wave_rover_description) by extensions ['ros']
[0.197s] Level 1:colcon.colcon_core.package_identification:_identify(src/wave_rover_description) by extension 'ros'
[0.198s] DEBUG:colcon.colcon_core.package_identification:Package 'src/wave_rover_description' with type 'ros.ament_cmake' and name 'wave_rover_description'
[0.198s] Level 1:colcon.colcon_core.package_identification:_identify(src/wave_rover_gazebo) by extensions ['ignore', 'ignore_ament_install']
[0.198s] Level 1:colcon.colcon_core.package_identification:_identify(src/wave_rover_gazebo) by extension 'ignore'
[0.198s] Level 1:colcon.colcon_core.package_identification:_identify(src/wave_rover_gazebo) by extension 'ignore_ament_install'
[0.198s] Level 1:colcon.colcon_core.package_identification:_identify(src/wave_rover_gazebo) by extensions ['colcon_pkg']
[0.198s] Level 1:colcon.colcon_core.package_identification:_identify(src/wave_rover_gazebo) by extension 'colcon_pkg'
[0.198s] Level 1:colcon.colcon_core.package_identification:_identify(src/wave_rover_gazebo) by extensions ['colcon_meta']
[0.198s] Level 1:colcon.colcon_core.package_identification:_identify(src/wave_rover_gazebo) by extension 'colcon_meta'
[0.198s] Level 1:colcon.colcon_core.package_identification:_identify(src/wave_rover_gazebo) by extensions ['ros']
[0.198s] Level 1:colcon.colcon_core.package_identification:_identify(src/wave_rover_gazebo) by extension 'ros'
[0.198s] DEBUG:colcon.colcon_core.package_identification:Package 'src/wave_rover_gazebo' with type 'ros.ament_cmake' and name 'wave_rover_gazebo'
[0.198s] Level 1:colcon.colcon_core.package_identification:_identify(worlds) by extensions ['ignore', 'ignore_ament_install']
[0.198s] Level 1:colcon.colcon_core.package_identification:_identify(worlds) by extension 'ignore'
[0.198s] Level 1:colcon.colcon_core.package_identification:_identify(worlds) by extension 'ignore_ament_install'
[0.198s] Level 1:colcon.colcon_core.package_identification:_identify(worlds) by extensions ['colcon_pkg']
[0.198s] Level 1:colcon.colcon_core.package_identification:_identify(worlds) by extension 'colcon_pkg'
[0.198s] Level 1:colcon.colcon_core.package_identification:_identify(worlds) by extensions ['colcon_meta']
[0.198s] Level 1:colcon.colcon_core.package_identification:_identify(worlds) by extension 'colcon_meta'
[0.198s] Level 1:colcon.colcon_core.package_identification:_identify(worlds) by extensions ['ros']
[0.198s] Level 1:colcon.colcon_core.package_identification:_identify(worlds) by extension 'ros'
[0.198s] Level 1:colcon.colcon_core.package_identification:_identify(worlds) by extensions ['cmake', 'python']
[0.198s] Level 1:colcon.colcon_core.package_identification:_identify(worlds) by extension 'cmake'
[0.199s] Level 1:colcon.colcon_core.package_identification:_identify(worlds) by extension 'python'
[0.199s] Level 1:colcon.colcon_core.package_identification:_identify(worlds) by extensions ['python_setup_py']
[0.199s] Level 1:colcon.colcon_core.package_identification:_identify(worlds) by extension 'python_setup_py'
[0.199s] Level 1:colcon.colcon_core.package_discovery:discover_packages(recursive) using defaults
[0.199s] Level 1:colcon.colcon_core.package_discovery:discover_packages(ignore) discover
[0.199s] Level 1:colcon.colcon_core.package_discovery:discover_packages(ignore) using defaults
[0.199s] Level 1:colcon.colcon_core.package_discovery:discover_packages(path) discover
[0.199s] Level 1:colcon.colcon_core.package_discovery:discover_packages(path) using defaults
[0.222s] Level 1:colcon.colcon_core.package_discovery:discover_packages(prefix_path) check parameters
[0.222s] Level 1:colcon.colcon_core.package_discovery:discover_packages(prefix_path) discover
[0.223s] DEBUG:colcon.colcon_installed_package_information.package_discovery:Found 329 installed packages in /opt/ros/humble
[0.224s] Level 1:colcon.colcon_core.package_discovery:discover_packages(prefix_path) using defaults
[0.250s] Level 5:colcon.colcon_core.verb:set package 'realsense2_description' build argument 'cmake_args' from command line to 'None'
[0.250s] Level 5:colcon.colcon_core.verb:set package 'realsense2_description' build argument 'cmake_target' from command line to 'None'
[0.250s] Level 5:colcon.colcon_core.verb:set package 'realsense2_description' build argument 'cmake_target_skip_unavailable' from command line to 'False'
[0.250s] Level 5:colcon.colcon_core.verb:set package 'realsense2_description' build argument 'cmake_clean_cache' from command line to 'False'
[0.250s] Level 5:colcon.colcon_core.verb:set package 'realsense2_description' build argument 'cmake_clean_first' from command line to 'False'
[0.250s] Level 5:colcon.colcon_core.verb:set package 'realsense2_description' build argument 'cmake_force_configure' from command line to 'False'
[0.250s] Level 5:colcon.colcon_core.verb:set package 'realsense2_description' build argument 'ament_cmake_args' from command line to 'None'
[0.250s] Level 5:colcon.colcon_core.verb:set package 'realsense2_description' build argument 'catkin_cmake_args' from command line to 'None'
[0.250s] Level 5:colcon.colcon_core.verb:set package 'realsense2_description' build argument 'catkin_skip_building_tests' from command line to 'False'
[0.250s] DEBUG:colcon.colcon_core.verb:Building package 'realsense2_description' with the following arguments: {'ament_cmake_args': None, 'build_base': '/home/louise/Development/rover_project_gazebo/build/realsense2_description', 'catkin_cmake_args': None, 'catkin_skip_building_tests': False, 'cmake_args': None, 'cmake_clean_cache': False, 'cmake_clean_first': False, 'cmake_force_configure': False, 'cmake_target': None, 'cmake_target_skip_unavailable': False, 'install_base': '/home/louise/Development/rover_project_gazebo/install/realsense2_description', 'merge_install': False, 'path': '/home/louise/Development/rover_project_gazebo/src/realsense2_description', 'symlink_install': True, 'test_result_base': None}
[0.251s] Level 5:colcon.colcon_core.verb:set package 'wave_rover_description' build argument 'cmake_args' from command line to 'None'
[0.251s] Level 5:colcon.colcon_core.verb:set package 'wave_rover_description' build argument 'cmake_target' from command line to 'None'
[0.251s] Level 5:colcon.colcon_core.verb:set package 'wave_rover_description' build argument 'cmake_target_skip_unavailable' from command line to 'False'
[0.251s] Level 5:colcon.colcon_core.verb:set package 'wave_rover_description' build argument 'cmake_clean_cache' from command line to 'False'
[0.251s] Level 5:colcon.colcon_core.verb:set package 'wave_rover_description' build argument 'cmake_clean_first' from command line to 'False'
[0.251s] Level 5:colcon.colcon_core.verb:set package 'wave_rover_description' build argument 'cmake_force_configure' from command line to 'False'
[0.251s] Level 5:colcon.colcon_core.verb:set package 'wave_rover_description' build argument 'ament_cmake_args' from command line to 'None'
[0.251s] Level 5:colcon.colcon_core.verb:set package 'wave_rover_description' build argument 'catkin_cmake_args' from command line to 'None'
[0.251s] Level 5:colcon.colcon_core.verb:set package 'wave_rover_description' build argument 'catkin_skip_building_tests' from command line to 'False'
[0.251s] DEBUG:colcon.colcon_core.verb:Building package 'wave_rover_description' with the following arguments: {'ament_cmake_args': None, 'build_base': '/home/louise/Development/rover_project_gazebo/build/wave_rover_description', 'catkin_cmake_args': None, 'catkin_skip_building_tests': False, 'cmake_args': None, 'cmake_clean_cache': False, 'cmake_clean_first': False, 'cmake_force_configure': False, 'cmake_target': None, 'cmake_target_skip_unavailable': False, 'install_base': '/home/louise/Development/rover_project_gazebo/install/wave_rover_description', 'merge_install': False, 'path': '/home/louise/Development/rover_project_gazebo/src/wave_rover_description', 'symlink_install': True, 'test_result_base': None}
[0.251s] Level 5:colcon.colcon_core.verb:set package 'wave_rover_gazebo' build argument 'cmake_args' from command line to 'None'
[0.251s] Level 5:colcon.colcon_core.verb:set package 'wave_rover_gazebo' build argument 'cmake_target' from command line to 'None'
[0.251s] Level 5:colcon.colcon_core.verb:set package 'wave_rover_gazebo' build argument 'cmake_target_skip_unavailable' from command line to 'False'
[0.251s] Level 5:colcon.colcon_core.verb:set package 'wave_rover_gazebo' build argument 'cmake_clean_cache' from command line to 'False'
[0.251s] Level 5:colcon.colcon_core.verb:set package 'wave_rover_gazebo' build argument 'cmake_clean_first' from command line to 'False'
[0.251s] Level 5:colcon.colcon_core.verb:set package 'wave_rover_gazebo' build argument 'cmake_force_configure' from command line to 'False'
[0.251s] Level 5:colcon.colcon_core.verb:set package 'wave_rover_gazebo' build argument 'ament_cmake_args' from command line to 'None'
[0.251s] Level 5:colcon.colcon_core.verb:set package 'wave_rover_gazebo' build argument 'catkin_cmake_args' from command line to 'None'
[0.251s] Level 5:colcon.colcon_core.verb:set package 'wave_rover_gazebo' build argument 'catkin_skip_building_tests' from command line to 'False'
[0.251s] DEBUG:colcon.colcon_core.verb:Building package 'wave_rover_gazebo' with the following arguments: {'ament_cmake_args': None, 'build_base': '/home/louise/Development/rover_project_gazebo/build/wave_rover_gazebo', 'catkin_cmake_args': None, 'catkin_skip_building_tests': False, 'cmake_args': None, 'cmake_clean_cache': False, 'cmake_clean_first': False, 'cmake_force_configure': False, 'cmake_target': None, 'cmake_target_skip_unavailable': False, 'install_base': '/home/louise/Development/rover_project_gazebo/install/wave_rover_gazebo', 'merge_install': False, 'path': '/home/louise/Development/rover_project_gazebo/src/wave_rover_gazebo', 'symlink_install': True, 'test_result_base': None}
[0.251s] INFO:colcon.colcon_core.executor:Executing jobs using 'parallel' executor
[0.252s] DEBUG:colcon.colcon_parallel_executor.executor.parallel:run_until_complete
[0.252s] INFO:colcon.colcon_ros.task.catkin.build:Building ROS package in '/home/louise/Development/rover_project_gazebo/src/realsense2_description' with build type 'catkin'
[0.252s] INFO:colcon.colcon_cmake.task.cmake.build:Building CMake package in '/home/louise/Development/rover_project_gazebo/src/realsense2_description'
[0.254s] INFO:colcon.colcon_core.plugin_system:Skipping extension 'colcon_core.shell.bat': Not used on non-Windows systems
[0.254s] INFO:colcon.colcon_core.shell:Skip shell extension 'powershell' for command environment: Not usable outside of PowerShell
[0.254s] DEBUG:colcon.colcon_core.shell:Skip shell extension 'dsv' for command environment
[0.256s] INFO:colcon.colcon_ros.task.ament_cmake.build:Building ROS package in '/home/louise/Development/rover_project_gazebo/src/wave_rover_description' with build type 'ament_cmake'
[0.256s] INFO:colcon.colcon_cmake.task.cmake.build:Building CMake package in '/home/louise/Development/rover_project_gazebo/src/wave_rover_description'
[0.256s] INFO:colcon.colcon_core.shell:Skip shell extension 'powershell' for command environment: Not usable outside of PowerShell
[0.256s] DEBUG:colcon.colcon_core.shell:Skip shell extension 'dsv' for command environment
[0.258s] INFO:colcon.colcon_ros.task.ament_cmake.build:Building ROS package in '/home/louise/Development/rover_project_gazebo/src/wave_rover_gazebo' with build type 'ament_cmake'
[0.258s] INFO:colcon.colcon_cmake.task.cmake.build:Building CMake package in '/home/louise/Development/rover_project_gazebo/src/wave_rover_gazebo'
[0.258s] INFO:colcon.colcon_core.shell:Skip shell extension 'powershell' for command environment: Not usable outside of PowerShell
[0.258s] DEBUG:colcon.colcon_core.shell:Skip shell extension 'dsv' for command environment
[0.262s] DEBUG:colcon.colcon_core.event_handler.log_command:Invoking command in '/home/louise/Development/rover_project_gazebo/build/realsense2_description': /usr/bin/cmake /home/louise/Development/rover_project_gazebo/src/realsense2_description -DCATKIN_INSTALL_INTO_PREFIX_ROOT=0 -DCATKIN_SYMLINK_INSTALL=ON -DCMAKE_INSTALL_PREFIX=/home/louise/Development/rover_project_gazebo/install/realsense2_description
[0.264s] DEBUG:colcon.colcon_core.event_handler.log_command:Invoking command in '/home/louise/Development/rover_project_gazebo/build/wave_rover_description': CMAKE_PREFIX_PATH=/opt/ros/humble /usr/bin/cmake /home/louise/Development/rover_project_gazebo/src/wave_rover_description -DAMENT_CMAKE_SYMLINK_INSTALL=1 -DCMAKE_INSTALL_PREFIX=/home/louise/Development/rover_project_gazebo/install/wave_rover_description
[0.266s] DEBUG:colcon.colcon_core.event_handler.log_command:Invoking command in '/home/louise/Development/rover_project_gazebo/build/wave_rover_gazebo': CMAKE_PREFIX_PATH=/opt/ros/humble /usr/bin/cmake /home/louise/Development/rover_project_gazebo/src/wave_rover_gazebo -DAMENT_CMAKE_SYMLINK_INSTALL=1 -DCMAKE_INSTALL_PREFIX=/home/louise/Development/rover_project_gazebo/install/wave_rover_gazebo
[0.487s] DEBUG:colcon.colcon_core.event_handler.log_command:Invoked command in '/home/louise/Development/rover_project_gazebo/build/realsense2_description' returned '1': /usr/bin/cmake /home/louise/Development/rover_project_gazebo/src/realsense2_description -DCATKIN_INSTALL_INTO_PREFIX_ROOT=0 -DCATKIN_SYMLINK_INSTALL=ON -DCMAKE_INSTALL_PREFIX=/home/louise/Development/rover_project_gazebo/install/realsense2_description
[0.496s] Level 1:colcon.colcon_core.environment:create_environment_scripts_only(realsense2_description)
[0.498s] Level 1:colcon.colcon_core.environment:checking '/home/louise/Development/rover_project_gazebo/install/realsense2_description' for CMake module files
[0.498s] Level 1:colcon.colcon_core.environment:checking '/home/louise/Development/rover_project_gazebo/install/realsense2_description' for CMake config files
[0.498s] Level 1:colcon.colcon_core.environment:checking '/home/louise/Development/rover_project_gazebo/install/realsense2_description/bin'
[0.498s] Level 1:colcon.colcon_core.environment:checking '/home/louise/Development/rover_project_gazebo/install/realsense2_description/lib/pkgconfig/realsense2_description.pc'
[0.498s] Level 1:colcon.colcon_core.environment:checking '/home/louise/Development/rover_project_gazebo/install/realsense2_description/lib/python3.10/site-packages'
[0.499s] Level 1:colcon.colcon_core.environment:checking '/home/louise/Development/rover_project_gazebo/install/realsense2_description/bin'
[0.499s] INFO:colcon.colcon_core.shell:Creating package script '/home/louise/Development/rover_project_gazebo/install/realsense2_description/share/realsense2_description/package.ps1'
[0.499s] INFO:colcon.colcon_core.shell:Creating package descriptor '/home/louise/Development/rover_project_gazebo/install/realsense2_description/share/realsense2_description/package.dsv'
[0.500s] INFO:colcon.colcon_core.shell:Creating package script '/home/louise/Development/rover_project_gazebo/install/realsense2_description/share/realsense2_description/package.sh'
[0.500s] INFO:colcon.colcon_core.shell:Creating package script '/home/louise/Development/rover_project_gazebo/install/realsense2_description/share/realsense2_description/package.bash'
[0.500s] INFO:colcon.colcon_core.shell:Creating package script '/home/louise/Development/rover_project_gazebo/install/realsense2_description/share/realsense2_description/package.zsh'
[0.501s] Level 1:colcon.colcon_core.environment:create_file_with_runtime_dependencies(/home/louise/Development/rover_project_gazebo/install/realsense2_description/share/colcon-core/packages/realsense2_description)
[0.702s] DEBUG:colcon.colcon_parallel_executor.executor.parallel:closing loop
[0.703s] DEBUG:colcon.colcon_parallel_executor.executor.parallel:loop closed
[0.703s] DEBUG:colcon.colcon_parallel_executor.executor.parallel:run_until_complete finished with '1'
[0.703s] DEBUG:colcon.colcon_core.event_reactor:joining thread
[0.706s] INFO:colcon.colcon_core.plugin_system:Skipping extension 'colcon_notification.desktop_notification.terminal_notifier': Not used on non-Darwin systems
[0.706s] INFO:colcon.colcon_core.plugin_system:Skipping extension 'colcon_notification.desktop_notification.win32': Not used on non-Windows systems
[0.706s] INFO:colcon.colcon_notification.desktop_notification:Sending desktop notification using 'notify2'
[0.714s] DEBUG:colcon.colcon_core.event_reactor:joined thread
[0.714s] INFO:colcon.colcon_core.shell:Creating prefix script '/home/louise/Development/rover_project_gazebo/install/local_setup.ps1'
[0.715s] INFO:colcon.colcon_core.shell:Creating prefix util module '/home/louise/Development/rover_project_gazebo/install/_local_setup_util_ps1.py'
[0.716s] INFO:colcon.colcon_core.shell:Creating prefix chain script '/home/louise/Development/rover_project_gazebo/install/setup.ps1'
[0.717s] INFO:colcon.colcon_core.shell:Creating prefix script '/home/louise/Development/rover_project_gazebo/install/local_setup.sh'
[0.717s] INFO:colcon.colcon_core.shell:Creating prefix util module '/home/louise/Development/rover_project_gazebo/install/_local_setup_util_sh.py'
[0.717s] INFO:colcon.colcon_core.shell:Creating prefix chain script '/home/louise/Development/rover_project_gazebo/install/setup.sh'
[0.718s] INFO:colcon.colcon_core.shell:Creating prefix script '/home/louise/Development/rover_project_gazebo/install/local_setup.bash'
[0.718s] INFO:colcon.colcon_core.shell:Creating prefix chain script '/home/louise/Development/rover_project_gazebo/install/setup.bash'
[0.719s] INFO:colcon.colcon_core.shell:Creating prefix script '/home/louise/Development/rover_project_gazebo/install/local_setup.zsh'
[0.719s] INFO:colcon.colcon_core.shell:Creating prefix chain script '/home/louise/Development/rover_project_gazebo/install/setup.zsh'
