[0.072s] DEBUG:colcon:Command line arguments: ['/usr/bin/colcon', 'build', '--symlink-install']
[0.072s] DEBUG:colcon:Parsed command line arguments: Namespace(log_base=None, log_level=None, verb_name='build', build_base='build', install_base='install', merge_install=False, symlink_install=True, test_result_base=None, continue_on_error=False, executor='parallel', parallel_workers=8, event_handlers=None, ignore_user_meta=False, metas=['./colcon.meta'], base_paths=['.'], packages_ignore=None, packages_ignore_regex=None, paths=None, packages_up_to=None, packages_up_to_regex=None, packages_above=None, packages_above_and_dependencies=None, packages_above_depth=None, packages_select_by_dep=None, packages_skip_by_dep=None, packages_skip_up_to=None, packages_select_build_failed=False, packages_skip_build_finished=False, packages_select_test_failures=False, packages_skip_test_passed=False, packages_select=None, packages_skip=None, packages_select_regex=None, packages_skip_regex=None, packages_start=None, packages_end=None, allow_overriding=[], cmake_args=None, cmake_target=None, cmake_target_skip_unavailable=False, cmake_clean_cache=False, cmake_clean_first=False, cmake_force_configure=False, ament_cmake_args=None, catkin_cmake_args=None, catkin_skip_building_tests=False, verb_parser=<colcon_defaults.argument_parser.defaults.DefaultArgumentsDecorator object at 0x7bd44a311f00>, verb_extension=<colcon_core.verb.build.BuildVerb object at 0x7bd44a4eb520>, main=<bound method BuildVerb.main of <colcon_core.verb.build.BuildVerb object at 0x7bd44a4eb520>>)
[0.197s] Level 1:colcon.colcon_core.package_discovery:discover_packages(colcon_meta) check parameters
[0.197s] Level 1:colcon.colcon_core.package_discovery:discover_packages(recursive) check parameters
[0.197s] Level 1:colcon.colcon_core.package_discovery:discover_packages(ignore) check parameters
[0.197s] Level 1:colcon.colcon_core.package_discovery:discover_packages(path) check parameters
[0.197s] Level 1:colcon.colcon_core.package_discovery:discover_packages(colcon_meta) discover
[0.197s] Level 1:colcon.colcon_core.package_discovery:discover_packages(recursive) discover
[0.197s] INFO:colcon.colcon_core.package_discovery:Crawling recursively for packages in '/home/louise/Development/rover_project/wave_rover_gazebo_ws'
[0.197s] Level 1:colcon.colcon_core.package_identification:_identify(.) by extensions ['ignore', 'ignore_ament_install']
[0.197s] Level 1:colcon.colcon_core.package_identification:_identify(.) by extension 'ignore'
[0.197s] Level 1:colcon.colcon_core.package_identification:_identify(.) by extension 'ignore_ament_install'
[0.197s] Level 1:colcon.colcon_core.package_identification:_identify(.) by extensions ['colcon_pkg']
[0.197s] Level 1:colcon.colcon_core.package_identification:_identify(.) by extension 'colcon_pkg'
[0.198s] Level 1:colcon.colcon_core.package_identification:_identify(.) by extensions ['colcon_meta']
[0.198s] Level 1:colcon.colcon_core.package_identification:_identify(.) by extension 'colcon_meta'
[0.198s] Level 1:colcon.colcon_core.package_identification:_identify(.) by extensions ['ros']
[0.198s] Level 1:colcon.colcon_core.package_identification:_identify(.) by extension 'ros'
[0.205s] Level 1:colcon.colcon_core.package_identification:_identify(.) by extensions ['cmake', 'python']
[0.206s] Level 1:colcon.colcon_core.package_identification:_identify(.) by extension 'cmake'
[0.206s] Level 1:colcon.colcon_core.package_identification:_identify(.) by extension 'python'
[0.206s] Level 1:colcon.colcon_core.package_identification:_identify(.) by extensions ['python_setup_py']
[0.206s] Level 1:colcon.colcon_core.package_identification:_identify(.) by extension 'python_setup_py'
[0.206s] Level 1:colcon.colcon_core.package_identification:_identify(build) by extensions ['ignore', 'ignore_ament_install']
[0.206s] Level 1:colcon.colcon_core.package_identification:_identify(build) by extension 'ignore'
[0.206s] Level 1:colcon.colcon_core.package_identification:_identify(build) ignored
[0.206s] Level 1:colcon.colcon_core.package_identification:_identify(install) by extensions ['ignore', 'ignore_ament_install']
[0.206s] Level 1:colcon.colcon_core.package_identification:_identify(install) by extension 'ignore'
[0.206s] Level 1:colcon.colcon_core.package_identification:_identify(install) ignored
[0.206s] Level 1:colcon.colcon_core.package_identification:_identify(log) by extensions ['ignore', 'ignore_ament_install']
[0.206s] Level 1:colcon.colcon_core.package_identification:_identify(log) by extension 'ignore'
[0.206s] Level 1:colcon.colcon_core.package_identification:_identify(log) ignored
[0.206s] Level 1:colcon.colcon_core.package_identification:_identify(src) by extensions ['ignore', 'ignore_ament_install']
[0.206s] Level 1:colcon.colcon_core.package_identification:_identify(src) by extension 'ignore'
[0.206s] Level 1:colcon.colcon_core.package_identification:_identify(src) by extension 'ignore_ament_install'
[0.206s] Level 1:colcon.colcon_core.package_identification:_identify(src) by extensions ['colcon_pkg']
[0.206s] Level 1:colcon.colcon_core.package_identification:_identify(src) by extension 'colcon_pkg'
[0.206s] Level 1:colcon.colcon_core.package_identification:_identify(src) by extensions ['colcon_meta']
[0.206s] Level 1:colcon.colcon_core.package_identification:_identify(src) by extension 'colcon_meta'
[0.206s] Level 1:colcon.colcon_core.package_identification:_identify(src) by extensions ['ros']
[0.206s] Level 1:colcon.colcon_core.package_identification:_identify(src) by extension 'ros'
[0.206s] Level 1:colcon.colcon_core.package_identification:_identify(src) by extensions ['cmake', 'python']
[0.207s] Level 1:colcon.colcon_core.package_identification:_identify(src) by extension 'cmake'
[0.207s] Level 1:colcon.colcon_core.package_identification:_identify(src) by extension 'python'
[0.207s] Level 1:colcon.colcon_core.package_identification:_identify(src) by extensions ['python_setup_py']
[0.207s] Level 1:colcon.colcon_core.package_identification:_identify(src) by extension 'python_setup_py'
[0.207s] Level 1:colcon.colcon_core.package_identification:_identify(src/launch_sim) by extensions ['ignore', 'ignore_ament_install']
[0.207s] Level 1:colcon.colcon_core.package_identification:_identify(src/launch_sim) by extension 'ignore'
[0.207s] Level 1:colcon.colcon_core.package_identification:_identify(src/launch_sim) by extension 'ignore_ament_install'
[0.207s] Level 1:colcon.colcon_core.package_identification:_identify(src/launch_sim) by extensions ['colcon_pkg']
[0.207s] Level 1:colcon.colcon_core.package_identification:_identify(src/launch_sim) by extension 'colcon_pkg'
[0.207s] Level 1:colcon.colcon_core.package_identification:_identify(src/launch_sim) by extensions ['colcon_meta']
[0.207s] Level 1:colcon.colcon_core.package_identification:_identify(src/launch_sim) by extension 'colcon_meta'
[0.207s] Level 1:colcon.colcon_core.package_identification:_identify(src/launch_sim) by extensions ['ros']
[0.207s] Level 1:colcon.colcon_core.package_identification:_identify(src/launch_sim) by extension 'ros'
[0.209s] DEBUG:colcon.colcon_core.package_identification:Package 'src/launch_sim' with type 'ros.ament_python' and name 'launch_sim'
[0.209s] Level 1:colcon.colcon_core.package_identification:_identify(src/test_box_launch) by extensions ['ignore', 'ignore_ament_install']
[0.209s] Level 1:colcon.colcon_core.package_identification:_identify(src/test_box_launch) by extension 'ignore'
[0.209s] Level 1:colcon.colcon_core.package_identification:_identify(src/test_box_launch) by extension 'ignore_ament_install'
[0.209s] Level 1:colcon.colcon_core.package_identification:_identify(src/test_box_launch) by extensions ['colcon_pkg']
[0.209s] Level 1:colcon.colcon_core.package_identification:_identify(src/test_box_launch) by extension 'colcon_pkg'
[0.209s] Level 1:colcon.colcon_core.package_identification:_identify(src/test_box_launch) by extensions ['colcon_meta']
[0.209s] Level 1:colcon.colcon_core.package_identification:_identify(src/test_box_launch) by extension 'colcon_meta'
[0.209s] Level 1:colcon.colcon_core.package_identification:_identify(src/test_box_launch) by extensions ['ros']
[0.209s] Level 1:colcon.colcon_core.package_identification:_identify(src/test_box_launch) by extension 'ros'
[0.209s] DEBUG:colcon.colcon_core.package_identification:Package 'src/test_box_launch' with type 'ros.ament_python' and name 'test_box_launch'
[0.209s] Level 1:colcon.colcon_core.package_identification:_identify(src/wave_rover_description) by extensions ['ignore', 'ignore_ament_install']
[0.210s] Level 1:colcon.colcon_core.package_identification:_identify(src/wave_rover_description) by extension 'ignore'
[0.210s] Level 1:colcon.colcon_core.package_identification:_identify(src/wave_rover_description) by extension 'ignore_ament_install'
[0.210s] Level 1:colcon.colcon_core.package_identification:_identify(src/wave_rover_description) by extensions ['colcon_pkg']
[0.210s] Level 1:colcon.colcon_core.package_identification:_identify(src/wave_rover_description) by extension 'colcon_pkg'
[0.210s] Level 1:colcon.colcon_core.package_identification:_identify(src/wave_rover_description) by extensions ['colcon_meta']
[0.210s] Level 1:colcon.colcon_core.package_identification:_identify(src/wave_rover_description) by extension 'colcon_meta'
[0.210s] Level 1:colcon.colcon_core.package_identification:_identify(src/wave_rover_description) by extensions ['ros']
[0.210s] Level 1:colcon.colcon_core.package_identification:_identify(src/wave_rover_description) by extension 'ros'
[0.210s] DEBUG:colcon.colcon_core.package_identification:Package 'src/wave_rover_description' with type 'ros.ament_cmake' and name 'wave_rover_description'
[0.210s] Level 1:colcon.colcon_core.package_identification:_identify(src/wave_rover_gazebo) by extensions ['ignore', 'ignore_ament_install']
[0.210s] Level 1:colcon.colcon_core.package_identification:_identify(src/wave_rover_gazebo) by extension 'ignore'
[0.210s] Level 1:colcon.colcon_core.package_identification:_identify(src/wave_rover_gazebo) by extension 'ignore_ament_install'
[0.210s] Level 1:colcon.colcon_core.package_identification:_identify(src/wave_rover_gazebo) by extensions ['colcon_pkg']
[0.210s] Level 1:colcon.colcon_core.package_identification:_identify(src/wave_rover_gazebo) by extension 'colcon_pkg'
[0.210s] Level 1:colcon.colcon_core.package_identification:_identify(src/wave_rover_gazebo) by extensions ['colcon_meta']
[0.210s] Level 1:colcon.colcon_core.package_identification:_identify(src/wave_rover_gazebo) by extension 'colcon_meta'
[0.210s] Level 1:colcon.colcon_core.package_identification:_identify(src/wave_rover_gazebo) by extensions ['ros']
[0.210s] Level 1:colcon.colcon_core.package_identification:_identify(src/wave_rover_gazebo) by extension 'ros'
[0.211s] DEBUG:colcon.colcon_core.package_identification:Package 'src/wave_rover_gazebo' with type 'ros.ament_cmake' and name 'wave_rover_gazebo'
[0.211s] Level 1:colcon.colcon_core.package_discovery:discover_packages(recursive) using defaults
[0.211s] Level 1:colcon.colcon_core.package_discovery:discover_packages(ignore) discover
[0.211s] Level 1:colcon.colcon_core.package_discovery:discover_packages(ignore) using defaults
[0.211s] Level 1:colcon.colcon_core.package_discovery:discover_packages(path) discover
[0.211s] Level 1:colcon.colcon_core.package_discovery:discover_packages(path) using defaults
[0.235s] Level 1:colcon.colcon_core.package_discovery:discover_packages(prefix_path) check parameters
[0.235s] Level 1:colcon.colcon_core.package_discovery:discover_packages(prefix_path) discover
[0.236s] DEBUG:colcon.colcon_installed_package_information.package_discovery:Found 4 installed packages in /home/louise/Development/rover_project/wave_rover_gazebo_ws/install
[0.237s] DEBUG:colcon.colcon_installed_package_information.package_discovery:Found 326 installed packages in /opt/ros/humble
[0.238s] Level 1:colcon.colcon_core.package_discovery:discover_packages(prefix_path) using defaults
[0.268s] Level 5:colcon.colcon_core.verb:set package 'launch_sim' build argument 'cmake_args' from command line to 'None'
[0.268s] Level 5:colcon.colcon_core.verb:set package 'launch_sim' build argument 'cmake_target' from command line to 'None'
[0.268s] Level 5:colcon.colcon_core.verb:set package 'launch_sim' build argument 'cmake_target_skip_unavailable' from command line to 'False'
[0.268s] Level 5:colcon.colcon_core.verb:set package 'launch_sim' build argument 'cmake_clean_cache' from command line to 'False'
[0.268s] Level 5:colcon.colcon_core.verb:set package 'launch_sim' build argument 'cmake_clean_first' from command line to 'False'
[0.268s] Level 5:colcon.colcon_core.verb:set package 'launch_sim' build argument 'cmake_force_configure' from command line to 'False'
[0.268s] Level 5:colcon.colcon_core.verb:set package 'launch_sim' build argument 'ament_cmake_args' from command line to 'None'
[0.268s] Level 5:colcon.colcon_core.verb:set package 'launch_sim' build argument 'catkin_cmake_args' from command line to 'None'
[0.268s] Level 5:colcon.colcon_core.verb:set package 'launch_sim' build argument 'catkin_skip_building_tests' from command line to 'False'
[0.268s] DEBUG:colcon.colcon_core.verb:Building package 'launch_sim' with the following arguments: {'ament_cmake_args': None, 'build_base': '/home/louise/Development/rover_project/wave_rover_gazebo_ws/build/launch_sim', 'catkin_cmake_args': None, 'catkin_skip_building_tests': False, 'cmake_args': None, 'cmake_clean_cache': False, 'cmake_clean_first': False, 'cmake_force_configure': False, 'cmake_target': None, 'cmake_target_skip_unavailable': False, 'install_base': '/home/louise/Development/rover_project/wave_rover_gazebo_ws/install/launch_sim', 'merge_install': False, 'path': '/home/louise/Development/rover_project/wave_rover_gazebo_ws/src/launch_sim', 'symlink_install': True, 'test_result_base': None}
[0.269s] Level 5:colcon.colcon_core.verb:set package 'test_box_launch' build argument 'cmake_args' from command line to 'None'
[0.269s] Level 5:colcon.colcon_core.verb:set package 'test_box_launch' build argument 'cmake_target' from command line to 'None'
[0.269s] Level 5:colcon.colcon_core.verb:set package 'test_box_launch' build argument 'cmake_target_skip_unavailable' from command line to 'False'
[0.269s] Level 5:colcon.colcon_core.verb:set package 'test_box_launch' build argument 'cmake_clean_cache' from command line to 'False'
[0.269s] Level 5:colcon.colcon_core.verb:set package 'test_box_launch' build argument 'cmake_clean_first' from command line to 'False'
[0.269s] Level 5:colcon.colcon_core.verb:set package 'test_box_launch' build argument 'cmake_force_configure' from command line to 'False'
[0.269s] Level 5:colcon.colcon_core.verb:set package 'test_box_launch' build argument 'ament_cmake_args' from command line to 'None'
[0.269s] Level 5:colcon.colcon_core.verb:set package 'test_box_launch' build argument 'catkin_cmake_args' from command line to 'None'
[0.269s] Level 5:colcon.colcon_core.verb:set package 'test_box_launch' build argument 'catkin_skip_building_tests' from command line to 'False'
[0.269s] DEBUG:colcon.colcon_core.verb:Building package 'test_box_launch' with the following arguments: {'ament_cmake_args': None, 'build_base': '/home/louise/Development/rover_project/wave_rover_gazebo_ws/build/test_box_launch', 'catkin_cmake_args': None, 'catkin_skip_building_tests': False, 'cmake_args': None, 'cmake_clean_cache': False, 'cmake_clean_first': False, 'cmake_force_configure': False, 'cmake_target': None, 'cmake_target_skip_unavailable': False, 'install_base': '/home/louise/Development/rover_project/wave_rover_gazebo_ws/install/test_box_launch', 'merge_install': False, 'path': '/home/louise/Development/rover_project/wave_rover_gazebo_ws/src/test_box_launch', 'symlink_install': True, 'test_result_base': None}
[0.269s] Level 5:colcon.colcon_core.verb:set package 'wave_rover_description' build argument 'cmake_args' from command line to 'None'
[0.269s] Level 5:colcon.colcon_core.verb:set package 'wave_rover_description' build argument 'cmake_target' from command line to 'None'
[0.269s] Level 5:colcon.colcon_core.verb:set package 'wave_rover_description' build argument 'cmake_target_skip_unavailable' from command line to 'False'
[0.269s] Level 5:colcon.colcon_core.verb:set package 'wave_rover_description' build argument 'cmake_clean_cache' from command line to 'False'
[0.269s] Level 5:colcon.colcon_core.verb:set package 'wave_rover_description' build argument 'cmake_clean_first' from command line to 'False'
[0.269s] Level 5:colcon.colcon_core.verb:set package 'wave_rover_description' build argument 'cmake_force_configure' from command line to 'False'
[0.269s] Level 5:colcon.colcon_core.verb:set package 'wave_rover_description' build argument 'ament_cmake_args' from command line to 'None'
[0.269s] Level 5:colcon.colcon_core.verb:set package 'wave_rover_description' build argument 'catkin_cmake_args' from command line to 'None'
[0.269s] Level 5:colcon.colcon_core.verb:set package 'wave_rover_description' build argument 'catkin_skip_building_tests' from command line to 'False'
[0.269s] DEBUG:colcon.colcon_core.verb:Building package 'wave_rover_description' with the following arguments: {'ament_cmake_args': None, 'build_base': '/home/louise/Development/rover_project/wave_rover_gazebo_ws/build/wave_rover_description', 'catkin_cmake_args': None, 'catkin_skip_building_tests': False, 'cmake_args': None, 'cmake_clean_cache': False, 'cmake_clean_first': False, 'cmake_force_configure': False, 'cmake_target': None, 'cmake_target_skip_unavailable': False, 'install_base': '/home/louise/Development/rover_project/wave_rover_gazebo_ws/install/wave_rover_description', 'merge_install': False, 'path': '/home/louise/Development/rover_project/wave_rover_gazebo_ws/src/wave_rover_description', 'symlink_install': True, 'test_result_base': None}
[0.269s] Level 5:colcon.colcon_core.verb:set package 'wave_rover_gazebo' build argument 'cmake_args' from command line to 'None'
[0.269s] Level 5:colcon.colcon_core.verb:set package 'wave_rover_gazebo' build argument 'cmake_target' from command line to 'None'
[0.269s] Level 5:colcon.colcon_core.verb:set package 'wave_rover_gazebo' build argument 'cmake_target_skip_unavailable' from command line to 'False'
[0.269s] Level 5:colcon.colcon_core.verb:set package 'wave_rover_gazebo' build argument 'cmake_clean_cache' from command line to 'False'
[0.269s] Level 5:colcon.colcon_core.verb:set package 'wave_rover_gazebo' build argument 'cmake_clean_first' from command line to 'False'
[0.269s] Level 5:colcon.colcon_core.verb:set package 'wave_rover_gazebo' build argument 'cmake_force_configure' from command line to 'False'
[0.269s] Level 5:colcon.colcon_core.verb:set package 'wave_rover_gazebo' build argument 'ament_cmake_args' from command line to 'None'
[0.269s] Level 5:colcon.colcon_core.verb:set package 'wave_rover_gazebo' build argument 'catkin_cmake_args' from command line to 'None'
[0.269s] Level 5:colcon.colcon_core.verb:set package 'wave_rover_gazebo' build argument 'catkin_skip_building_tests' from command line to 'False'
[0.269s] DEBUG:colcon.colcon_core.verb:Building package 'wave_rover_gazebo' with the following arguments: {'ament_cmake_args': None, 'build_base': '/home/louise/Development/rover_project/wave_rover_gazebo_ws/build/wave_rover_gazebo', 'catkin_cmake_args': None, 'catkin_skip_building_tests': False, 'cmake_args': None, 'cmake_clean_cache': False, 'cmake_clean_first': False, 'cmake_force_configure': False, 'cmake_target': None, 'cmake_target_skip_unavailable': False, 'install_base': '/home/louise/Development/rover_project/wave_rover_gazebo_ws/install/wave_rover_gazebo', 'merge_install': False, 'path': '/home/louise/Development/rover_project/wave_rover_gazebo_ws/src/wave_rover_gazebo', 'symlink_install': True, 'test_result_base': None}
[0.270s] INFO:colcon.colcon_core.executor:Executing jobs using 'parallel' executor
[0.270s] DEBUG:colcon.colcon_parallel_executor.executor.parallel:run_until_complete
[0.271s] INFO:colcon.colcon_ros.task.ament_python.build:Building ROS package in '/home/louise/Development/rover_project/wave_rover_gazebo_ws/src/launch_sim' with build type 'ament_python'
[0.271s] Level 1:colcon.colcon_core.shell:create_environment_hook('launch_sim', 'ament_prefix_path')
[0.272s] INFO:colcon.colcon_core.plugin_system:Skipping extension 'colcon_core.shell.bat': Not used on non-Windows systems
[0.272s] INFO:colcon.colcon_core.shell:Creating environment hook '/home/louise/Development/rover_project/wave_rover_gazebo_ws/install/launch_sim/share/launch_sim/hook/ament_prefix_path.ps1'
[0.273s] INFO:colcon.colcon_core.shell:Creating environment descriptor '/home/louise/Development/rover_project/wave_rover_gazebo_ws/install/launch_sim/share/launch_sim/hook/ament_prefix_path.dsv'
[0.273s] INFO:colcon.colcon_core.shell:Creating environment hook '/home/louise/Development/rover_project/wave_rover_gazebo_ws/install/launch_sim/share/launch_sim/hook/ament_prefix_path.sh'
[0.274s] INFO:colcon.colcon_core.shell:Skip shell extension 'powershell' for command environment: Not usable outside of PowerShell
[0.274s] DEBUG:colcon.colcon_core.shell:Skip shell extension 'dsv' for command environment
[0.276s] INFO:colcon.colcon_ros.task.ament_python.build:Building ROS package in '/home/louise/Development/rover_project/wave_rover_gazebo_ws/src/test_box_launch' with build type 'ament_python'
[0.276s] Level 1:colcon.colcon_core.shell:create_environment_hook('test_box_launch', 'ament_prefix_path')
[0.277s] INFO:colcon.colcon_core.shell:Creating environment hook '/home/louise/Development/rover_project/wave_rover_gazebo_ws/install/test_box_launch/share/test_box_launch/hook/ament_prefix_path.ps1'
[0.277s] INFO:colcon.colcon_core.shell:Creating environment descriptor '/home/louise/Development/rover_project/wave_rover_gazebo_ws/install/test_box_launch/share/test_box_launch/hook/ament_prefix_path.dsv'
[0.278s] INFO:colcon.colcon_core.shell:Creating environment hook '/home/louise/Development/rover_project/wave_rover_gazebo_ws/install/test_box_launch/share/test_box_launch/hook/ament_prefix_path.sh'
[0.278s] INFO:colcon.colcon_core.shell:Skip shell extension 'powershell' for command environment: Not usable outside of PowerShell
[0.278s] DEBUG:colcon.colcon_core.shell:Skip shell extension 'dsv' for command environment
[0.280s] INFO:colcon.colcon_ros.task.ament_cmake.build:Building ROS package in '/home/louise/Development/rover_project/wave_rover_gazebo_ws/src/wave_rover_description' with build type 'ament_cmake'
[0.280s] INFO:colcon.colcon_cmake.task.cmake.build:Building CMake package in '/home/louise/Development/rover_project/wave_rover_gazebo_ws/src/wave_rover_description'
[0.281s] INFO:colcon.colcon_core.shell:Skip shell extension 'powershell' for command environment: Not usable outside of PowerShell
[0.281s] DEBUG:colcon.colcon_core.shell:Skip shell extension 'dsv' for command environment
[0.283s] INFO:colcon.colcon_ros.task.ament_cmake.build:Building ROS package in '/home/louise/Development/rover_project/wave_rover_gazebo_ws/src/wave_rover_gazebo' with build type 'ament_cmake'
[0.283s] INFO:colcon.colcon_cmake.task.cmake.build:Building CMake package in '/home/louise/Development/rover_project/wave_rover_gazebo_ws/src/wave_rover_gazebo'
[0.283s] INFO:colcon.colcon_core.shell:Skip shell extension 'powershell' for command environment: Not usable outside of PowerShell
[0.283s] DEBUG:colcon.colcon_core.shell:Skip shell extension 'dsv' for command environment
[0.493s] INFO:colcon.colcon_core.task.python.build:Building Python package in '/home/louise/Development/rover_project/wave_rover_gazebo_ws/src/launch_sim'
[0.493s] INFO:colcon.colcon_core.shell:Skip shell extension 'powershell' for command environment: Not usable outside of PowerShell
[0.493s] DEBUG:colcon.colcon_core.shell:Skip shell extension 'dsv' for command environment
[0.709s] INFO:colcon.colcon_core.task.python.build:Building Python package in '/home/louise/Development/rover_project/wave_rover_gazebo_ws/src/test_box_launch'
[0.709s] INFO:colcon.colcon_core.shell:Skip shell extension 'powershell' for command environment: Not usable outside of PowerShell
[0.709s] DEBUG:colcon.colcon_core.shell:Skip shell extension 'dsv' for command environment
[0.716s] DEBUG:colcon.colcon_core.event_handler.log_command:Invoking command in '/home/louise/Development/rover_project/wave_rover_gazebo_ws/build/wave_rover_description': CMAKE_PREFIX_PATH=${CMAKE_PREFIX_PATH}:/home/louise/Development/rover_project/wave_rover_gazebo_ws/install/test_box_launch:/home/louise/Development/rover_project/wave_rover_gazebo_ws/install/launch_sim:/opt/ros/humble /usr/bin/cmake --build /home/louise/Development/rover_project/wave_rover_gazebo_ws/build/wave_rover_description -- -j8 -l8
[0.719s] DEBUG:colcon.colcon_core.event_handler.log_command:Invoking command in '/home/louise/Development/rover_project/wave_rover_gazebo_ws/build/wave_rover_gazebo': CMAKE_PREFIX_PATH=${CMAKE_PREFIX_PATH}:/home/louise/Development/rover_project/wave_rover_gazebo_ws/install/test_box_launch:/home/louise/Development/rover_project/wave_rover_gazebo_ws/install/launch_sim:/opt/ros/humble /usr/bin/cmake --build /home/louise/Development/rover_project/wave_rover_gazebo_ws/build/wave_rover_gazebo -- -j8 -l8
[0.748s] DEBUG:colcon.colcon_core.event_handler.log_command:Invoked command in '/home/louise/Development/rover_project/wave_rover_gazebo_ws/build/wave_rover_description' returned '0': CMAKE_PREFIX_PATH=${CMAKE_PREFIX_PATH}:/home/louise/Development/rover_project/wave_rover_gazebo_ws/install/test_box_launch:/home/louise/Development/rover_project/wave_rover_gazebo_ws/install/launch_sim:/opt/ros/humble /usr/bin/cmake --build /home/louise/Development/rover_project/wave_rover_gazebo_ws/build/wave_rover_description -- -j8 -l8
[0.757s] DEBUG:colcon.colcon_core.event_handler.log_command:Invoking command in '/home/louise/Development/rover_project/wave_rover_gazebo_ws/build/wave_rover_description': CMAKE_PREFIX_PATH=${CMAKE_PREFIX_PATH}:/home/louise/Development/rover_project/wave_rover_gazebo_ws/install/test_box_launch:/home/louise/Development/rover_project/wave_rover_gazebo_ws/install/launch_sim:/opt/ros/humble /usr/bin/cmake --install /home/louise/Development/rover_project/wave_rover_gazebo_ws/build/wave_rover_description
[0.758s] DEBUG:colcon.colcon_core.event_handler.log_command:Invoked command in '/home/louise/Development/rover_project/wave_rover_gazebo_ws/build/wave_rover_gazebo' returned '0': CMAKE_PREFIX_PATH=${CMAKE_PREFIX_PATH}:/home/louise/Development/rover_project/wave_rover_gazebo_ws/install/test_box_launch:/home/louise/Development/rover_project/wave_rover_gazebo_ws/install/launch_sim:/opt/ros/humble /usr/bin/cmake --build /home/louise/Development/rover_project/wave_rover_gazebo_ws/build/wave_rover_gazebo -- -j8 -l8
[0.759s] DEBUG:colcon.colcon_core.event_handler.log_command:Invoking command in '/home/louise/Development/rover_project/wave_rover_gazebo_ws/build/wave_rover_gazebo': CMAKE_PREFIX_PATH=${CMAKE_PREFIX_PATH}:/home/louise/Development/rover_project/wave_rover_gazebo_ws/install/test_box_launch:/home/louise/Development/rover_project/wave_rover_gazebo_ws/install/launch_sim:/opt/ros/humble /usr/bin/cmake --install /home/louise/Development/rover_project/wave_rover_gazebo_ws/build/wave_rover_gazebo
[0.776s] Level 1:colcon.colcon_core.environment:create_environment_scripts_only(wave_rover_description)
[0.777s] DEBUG:colcon.colcon_core.event_handler.log_command:Invoked command in '/home/louise/Development/rover_project/wave_rover_gazebo_ws/build/wave_rover_description' returned '0': CMAKE_PREFIX_PATH=${CMAKE_PREFIX_PATH}:/home/louise/Development/rover_project/wave_rover_gazebo_ws/install/test_box_launch:/home/louise/Development/rover_project/wave_rover_gazebo_ws/install/launch_sim:/opt/ros/humble /usr/bin/cmake --install /home/louise/Development/rover_project/wave_rover_gazebo_ws/build/wave_rover_description
[0.779s] Level 1:colcon.colcon_core.environment:checking '/home/louise/Development/rover_project/wave_rover_gazebo_ws/install/wave_rover_description' for CMake module files
[0.779s] Level 1:colcon.colcon_core.environment:checking '/home/louise/Development/rover_project/wave_rover_gazebo_ws/install/wave_rover_description' for CMake config files
[0.780s] Level 1:colcon.colcon_core.shell:create_environment_hook('wave_rover_description', 'cmake_prefix_path')
[0.780s] INFO:colcon.colcon_core.shell:Creating environment hook '/home/louise/Development/rover_project/wave_rover_gazebo_ws/install/wave_rover_description/share/wave_rover_description/hook/cmake_prefix_path.ps1'
[0.780s] INFO:colcon.colcon_core.shell:Creating environment descriptor '/home/louise/Development/rover_project/wave_rover_gazebo_ws/install/wave_rover_description/share/wave_rover_description/hook/cmake_prefix_path.dsv'
[0.781s] INFO:colcon.colcon_core.shell:Creating environment hook '/home/louise/Development/rover_project/wave_rover_gazebo_ws/install/wave_rover_description/share/wave_rover_description/hook/cmake_prefix_path.sh'
[0.781s] Level 1:colcon.colcon_core.environment:checking '/home/louise/Development/rover_project/wave_rover_gazebo_ws/install/wave_rover_description/bin'
[0.781s] Level 1:colcon.colcon_core.environment:checking '/home/louise/Development/rover_project/wave_rover_gazebo_ws/install/wave_rover_description/lib/pkgconfig/wave_rover_description.pc'
[0.781s] Level 1:colcon.colcon_core.environment:checking '/home/louise/Development/rover_project/wave_rover_gazebo_ws/install/wave_rover_description/lib/python3.10/site-packages'
[0.782s] Level 1:colcon.colcon_core.environment:checking '/home/louise/Development/rover_project/wave_rover_gazebo_ws/install/wave_rover_description/bin'
[0.782s] INFO:colcon.colcon_core.shell:Creating package script '/home/louise/Development/rover_project/wave_rover_gazebo_ws/install/wave_rover_description/share/wave_rover_description/package.ps1'
[0.783s] INFO:colcon.colcon_core.shell:Creating package descriptor '/home/louise/Development/rover_project/wave_rover_gazebo_ws/install/wave_rover_description/share/wave_rover_description/package.dsv'
[0.783s] INFO:colcon.colcon_core.shell:Creating package script '/home/louise/Development/rover_project/wave_rover_gazebo_ws/install/wave_rover_description/share/wave_rover_description/package.sh'
[0.784s] INFO:colcon.colcon_core.shell:Creating package script '/home/louise/Development/rover_project/wave_rover_gazebo_ws/install/wave_rover_description/share/wave_rover_description/package.bash'
[0.784s] INFO:colcon.colcon_core.shell:Creating package script '/home/louise/Development/rover_project/wave_rover_gazebo_ws/install/wave_rover_description/share/wave_rover_description/package.zsh'
[0.785s] Level 1:colcon.colcon_core.environment:create_file_with_runtime_dependencies(/home/louise/Development/rover_project/wave_rover_gazebo_ws/install/wave_rover_description/share/colcon-core/packages/wave_rover_description)
[0.785s] Level 1:colcon.colcon_core.environment:create_environment_scripts_only(wave_rover_description)
[0.785s] Level 1:colcon.colcon_core.environment:checking '/home/louise/Development/rover_project/wave_rover_gazebo_ws/install/wave_rover_description' for CMake module files
[0.786s] Level 1:colcon.colcon_core.environment:checking '/home/louise/Development/rover_project/wave_rover_gazebo_ws/install/wave_rover_description' for CMake config files
[0.786s] Level 1:colcon.colcon_core.shell:create_environment_hook('wave_rover_description', 'cmake_prefix_path')
[0.786s] INFO:colcon.colcon_core.shell:Creating environment hook '/home/louise/Development/rover_project/wave_rover_gazebo_ws/install/wave_rover_description/share/wave_rover_description/hook/cmake_prefix_path.ps1'
[0.787s] INFO:colcon.colcon_core.shell:Creating environment descriptor '/home/louise/Development/rover_project/wave_rover_gazebo_ws/install/wave_rover_description/share/wave_rover_description/hook/cmake_prefix_path.dsv'
[0.787s] INFO:colcon.colcon_core.shell:Creating environment hook '/home/louise/Development/rover_project/wave_rover_gazebo_ws/install/wave_rover_description/share/wave_rover_description/hook/cmake_prefix_path.sh'
[0.787s] Level 1:colcon.colcon_core.environment:checking '/home/louise/Development/rover_project/wave_rover_gazebo_ws/install/wave_rover_description/bin'
[0.787s] Level 1:colcon.colcon_core.environment:checking '/home/louise/Development/rover_project/wave_rover_gazebo_ws/install/wave_rover_description/lib/pkgconfig/wave_rover_description.pc'
[0.788s] Level 1:colcon.colcon_core.environment:checking '/home/louise/Development/rover_project/wave_rover_gazebo_ws/install/wave_rover_description/lib/python3.10/site-packages'
[0.788s] Level 1:colcon.colcon_core.environment:checking '/home/louise/Development/rover_project/wave_rover_gazebo_ws/install/wave_rover_description/bin'
[0.788s] INFO:colcon.colcon_core.shell:Creating package script '/home/louise/Development/rover_project/wave_rover_gazebo_ws/install/wave_rover_description/share/wave_rover_description/package.ps1'
[0.788s] INFO:colcon.colcon_core.shell:Creating package descriptor '/home/louise/Development/rover_project/wave_rover_gazebo_ws/install/wave_rover_description/share/wave_rover_description/package.dsv'
[0.789s] INFO:colcon.colcon_core.shell:Creating package script '/home/louise/Development/rover_project/wave_rover_gazebo_ws/install/wave_rover_description/share/wave_rover_description/package.sh'
[0.789s] INFO:colcon.colcon_core.shell:Creating package script '/home/louise/Development/rover_project/wave_rover_gazebo_ws/install/wave_rover_description/share/wave_rover_description/package.bash'
[0.789s] INFO:colcon.colcon_core.shell:Creating package script '/home/louise/Development/rover_project/wave_rover_gazebo_ws/install/wave_rover_description/share/wave_rover_description/package.zsh'
[0.790s] Level 1:colcon.colcon_core.environment:create_file_with_runtime_dependencies(/home/louise/Development/rover_project/wave_rover_gazebo_ws/install/wave_rover_description/share/colcon-core/packages/wave_rover_description)
[0.791s] Level 1:colcon.colcon_core.environment:create_environment_scripts_only(wave_rover_gazebo)
[0.791s] Level 1:colcon.colcon_core.environment:checking '/home/louise/Development/rover_project/wave_rover_gazebo_ws/install/wave_rover_gazebo' for CMake module files
[0.791s] DEBUG:colcon.colcon_core.event_handler.log_command:Invoked command in '/home/louise/Development/rover_project/wave_rover_gazebo_ws/build/wave_rover_gazebo' returned '0': CMAKE_PREFIX_PATH=${CMAKE_PREFIX_PATH}:/home/louise/Development/rover_project/wave_rover_gazebo_ws/install/test_box_launch:/home/louise/Development/rover_project/wave_rover_gazebo_ws/install/launch_sim:/opt/ros/humble /usr/bin/cmake --install /home/louise/Development/rover_project/wave_rover_gazebo_ws/build/wave_rover_gazebo
[0.792s] Level 1:colcon.colcon_core.environment:checking '/home/louise/Development/rover_project/wave_rover_gazebo_ws/install/wave_rover_gazebo' for CMake config files
[0.792s] Level 1:colcon.colcon_core.shell:create_environment_hook('wave_rover_gazebo', 'cmake_prefix_path')
[0.792s] INFO:colcon.colcon_core.shell:Creating environment hook '/home/louise/Development/rover_project/wave_rover_gazebo_ws/install/wave_rover_gazebo/share/wave_rover_gazebo/hook/cmake_prefix_path.ps1'
[0.792s] INFO:colcon.colcon_core.shell:Creating environment descriptor '/home/louise/Development/rover_project/wave_rover_gazebo_ws/install/wave_rover_gazebo/share/wave_rover_gazebo/hook/cmake_prefix_path.dsv'
[0.793s] INFO:colcon.colcon_core.shell:Creating environment hook '/home/louise/Development/rover_project/wave_rover_gazebo_ws/install/wave_rover_gazebo/share/wave_rover_gazebo/hook/cmake_prefix_path.sh'
[0.793s] Level 1:colcon.colcon_core.environment:checking '/home/louise/Development/rover_project/wave_rover_gazebo_ws/install/wave_rover_gazebo/bin'
[0.793s] Level 1:colcon.colcon_core.environment:checking '/home/louise/Development/rover_project/wave_rover_gazebo_ws/install/wave_rover_gazebo/lib/pkgconfig/wave_rover_gazebo.pc'
[0.793s] Level 1:colcon.colcon_core.environment:checking '/home/louise/Development/rover_project/wave_rover_gazebo_ws/install/wave_rover_gazebo/lib/python3.10/site-packages'
[0.794s] Level 1:colcon.colcon_core.environment:checking '/home/louise/Development/rover_project/wave_rover_gazebo_ws/install/wave_rover_gazebo/bin'
[0.794s] INFO:colcon.colcon_core.shell:Creating package script '/home/louise/Development/rover_project/wave_rover_gazebo_ws/install/wave_rover_gazebo/share/wave_rover_gazebo/package.ps1'
[0.794s] INFO:colcon.colcon_core.shell:Creating package descriptor '/home/louise/Development/rover_project/wave_rover_gazebo_ws/install/wave_rover_gazebo/share/wave_rover_gazebo/package.dsv'
[0.794s] INFO:colcon.colcon_core.shell:Creating package script '/home/louise/Development/rover_project/wave_rover_gazebo_ws/install/wave_rover_gazebo/share/wave_rover_gazebo/package.sh'
[0.795s] INFO:colcon.colcon_core.shell:Creating package script '/home/louise/Development/rover_project/wave_rover_gazebo_ws/install/wave_rover_gazebo/share/wave_rover_gazebo/package.bash'
[0.795s] INFO:colcon.colcon_core.shell:Creating package script '/home/louise/Development/rover_project/wave_rover_gazebo_ws/install/wave_rover_gazebo/share/wave_rover_gazebo/package.zsh'
[0.795s] Level 1:colcon.colcon_core.environment:create_file_with_runtime_dependencies(/home/louise/Development/rover_project/wave_rover_gazebo_ws/install/wave_rover_gazebo/share/colcon-core/packages/wave_rover_gazebo)
[0.796s] Level 1:colcon.colcon_core.environment:create_environment_scripts_only(wave_rover_gazebo)
[0.796s] Level 1:colcon.colcon_core.environment:checking '/home/louise/Development/rover_project/wave_rover_gazebo_ws/install/wave_rover_gazebo' for CMake module files
[0.796s] Level 1:colcon.colcon_core.environment:checking '/home/louise/Development/rover_project/wave_rover_gazebo_ws/install/wave_rover_gazebo' for CMake config files
[0.796s] Level 1:colcon.colcon_core.shell:create_environment_hook('wave_rover_gazebo', 'cmake_prefix_path')
[0.796s] INFO:colcon.colcon_core.shell:Creating environment hook '/home/louise/Development/rover_project/wave_rover_gazebo_ws/install/wave_rover_gazebo/share/wave_rover_gazebo/hook/cmake_prefix_path.ps1'
[0.797s] INFO:colcon.colcon_core.shell:Creating environment descriptor '/home/louise/Development/rover_project/wave_rover_gazebo_ws/install/wave_rover_gazebo/share/wave_rover_gazebo/hook/cmake_prefix_path.dsv'
[0.797s] INFO:colcon.colcon_core.shell:Creating environment hook '/home/louise/Development/rover_project/wave_rover_gazebo_ws/install/wave_rover_gazebo/share/wave_rover_gazebo/hook/cmake_prefix_path.sh'
[0.798s] Level 1:colcon.colcon_core.environment:checking '/home/louise/Development/rover_project/wave_rover_gazebo_ws/install/wave_rover_gazebo/bin'
[0.798s] Level 1:colcon.colcon_core.environment:checking '/home/louise/Development/rover_project/wave_rover_gazebo_ws/install/wave_rover_gazebo/lib/pkgconfig/wave_rover_gazebo.pc'
[0.798s] Level 1:colcon.colcon_core.environment:checking '/home/louise/Development/rover_project/wave_rover_gazebo_ws/install/wave_rover_gazebo/lib/python3.10/site-packages'
[0.798s] Level 1:colcon.colcon_core.environment:checking '/home/louise/Development/rover_project/wave_rover_gazebo_ws/install/wave_rover_gazebo/bin'
[0.799s] INFO:colcon.colcon_core.shell:Creating package script '/home/louise/Development/rover_project/wave_rover_gazebo_ws/install/wave_rover_gazebo/share/wave_rover_gazebo/package.ps1'
[0.799s] INFO:colcon.colcon_core.shell:Creating package descriptor '/home/louise/Development/rover_project/wave_rover_gazebo_ws/install/wave_rover_gazebo/share/wave_rover_gazebo/package.dsv'
[0.800s] INFO:colcon.colcon_core.shell:Creating package script '/home/louise/Development/rover_project/wave_rover_gazebo_ws/install/wave_rover_gazebo/share/wave_rover_gazebo/package.sh'
[0.800s] INFO:colcon.colcon_core.shell:Creating package script '/home/louise/Development/rover_project/wave_rover_gazebo_ws/install/wave_rover_gazebo/share/wave_rover_gazebo/package.bash'
[0.801s] INFO:colcon.colcon_core.shell:Creating package script '/home/louise/Development/rover_project/wave_rover_gazebo_ws/install/wave_rover_gazebo/share/wave_rover_gazebo/package.zsh'
[0.801s] Level 1:colcon.colcon_core.environment:create_file_with_runtime_dependencies(/home/louise/Development/rover_project/wave_rover_gazebo_ws/install/wave_rover_gazebo/share/colcon-core/packages/wave_rover_gazebo)
[1.063s] DEBUG:colcon.colcon_core.event_handler.log_command:Invoking command in '/home/louise/Development/rover_project/wave_rover_gazebo_ws/build/launch_sim': PYTHONPATH=/home/louise/Development/rover_project/wave_rover_gazebo_ws/build/launch_sim/prefix_override:/usr/lib/python3/dist-packages/colcon_core/task/python/colcon_distutils_commands:/home/louise/Development/rover_project/wave_rover_gazebo_ws/install/launch_sim/lib/python3.10/site-packages:${PYTHONPATH} /usr/bin/python3 -W ignore:setup.py install is deprecated -W ignore:easy_install command is deprecated setup.py develop --editable --build-directory /home/louise/Development/rover_project/wave_rover_gazebo_ws/build/launch_sim/build --no-deps symlink_data
[1.102s] DEBUG:colcon.colcon_core.event_handler.log_command:Invoking command in '/home/louise/Development/rover_project/wave_rover_gazebo_ws/build/test_box_launch': PYTHONPATH=/home/louise/Development/rover_project/wave_rover_gazebo_ws/build/test_box_launch/prefix_override:/usr/lib/python3/dist-packages/colcon_core/task/python/colcon_distutils_commands:/home/louise/Development/rover_project/wave_rover_gazebo_ws/install/test_box_launch/lib/python3.10/site-packages:${PYTHONPATH} /usr/bin/python3 -W ignore:setup.py install is deprecated -W ignore:easy_install command is deprecated setup.py develop --editable --build-directory /home/louise/Development/rover_project/wave_rover_gazebo_ws/build/test_box_launch/build --no-deps symlink_data
[1.535s] Level 1:colcon.colcon_core.shell:create_environment_hook('launch_sim', 'pythonpath_develop')
[1.536s] INFO:colcon.colcon_core.shell:Creating environment hook '/home/louise/Development/rover_project/wave_rover_gazebo_ws/build/launch_sim/share/launch_sim/hook/pythonpath_develop.ps1'
[1.536s] DEBUG:colcon.colcon_core.event_handler.log_command:Invoked command in '/home/louise/Development/rover_project/wave_rover_gazebo_ws/build/launch_sim' returned '0': PYTHONPATH=/home/louise/Development/rover_project/wave_rover_gazebo_ws/build/launch_sim/prefix_override:/usr/lib/python3/dist-packages/colcon_core/task/python/colcon_distutils_commands:/home/louise/Development/rover_project/wave_rover_gazebo_ws/install/launch_sim/lib/python3.10/site-packages:${PYTHONPATH} /usr/bin/python3 -W ignore:setup.py install is deprecated -W ignore:easy_install command is deprecated setup.py develop --editable --build-directory /home/louise/Development/rover_project/wave_rover_gazebo_ws/build/launch_sim/build --no-deps symlink_data
[1.537s] INFO:colcon.colcon_core.shell:Creating environment descriptor '/home/louise/Development/rover_project/wave_rover_gazebo_ws/build/launch_sim/share/launch_sim/hook/pythonpath_develop.dsv'
[1.538s] INFO:colcon.colcon_core.shell:Creating environment hook '/home/louise/Development/rover_project/wave_rover_gazebo_ws/build/launch_sim/share/launch_sim/hook/pythonpath_develop.sh'
[1.539s] Level 1:colcon.colcon_core.environment:checking '/home/louise/Development/rover_project/wave_rover_gazebo_ws/install/launch_sim' for CMake module files
[1.539s] Level 1:colcon.colcon_core.environment:checking '/home/louise/Development/rover_project/wave_rover_gazebo_ws/install/launch_sim' for CMake config files
[1.540s] Level 1:colcon.colcon_core.environment:checking '/home/louise/Development/rover_project/wave_rover_gazebo_ws/install/launch_sim/lib'
[1.540s] Level 1:colcon.colcon_core.environment:checking '/home/louise/Development/rover_project/wave_rover_gazebo_ws/install/launch_sim/bin'
[1.540s] Level 1:colcon.colcon_core.environment:checking '/home/louise/Development/rover_project/wave_rover_gazebo_ws/install/launch_sim/lib/pkgconfig/launch_sim.pc'
[1.541s] Level 1:colcon.colcon_core.environment:checking '/home/louise/Development/rover_project/wave_rover_gazebo_ws/install/launch_sim/lib/python3.10/site-packages'
[1.541s] Level 1:colcon.colcon_core.shell:create_environment_hook('launch_sim', 'pythonpath')
[1.541s] INFO:colcon.colcon_core.shell:Creating environment hook '/home/louise/Development/rover_project/wave_rover_gazebo_ws/install/launch_sim/share/launch_sim/hook/pythonpath.ps1'
[1.542s] INFO:colcon.colcon_core.shell:Creating environment descriptor '/home/louise/Development/rover_project/wave_rover_gazebo_ws/install/launch_sim/share/launch_sim/hook/pythonpath.dsv'
[1.542s] INFO:colcon.colcon_core.shell:Creating environment hook '/home/louise/Development/rover_project/wave_rover_gazebo_ws/install/launch_sim/share/launch_sim/hook/pythonpath.sh'
[1.543s] Level 1:colcon.colcon_core.environment:checking '/home/louise/Development/rover_project/wave_rover_gazebo_ws/install/launch_sim/bin'
[1.543s] Level 1:colcon.colcon_core.environment:create_environment_scripts_only(launch_sim)
[1.544s] INFO:colcon.colcon_core.shell:Creating package script '/home/louise/Development/rover_project/wave_rover_gazebo_ws/install/launch_sim/share/launch_sim/package.ps1'
[1.545s] INFO:colcon.colcon_core.shell:Creating package descriptor '/home/louise/Development/rover_project/wave_rover_gazebo_ws/install/launch_sim/share/launch_sim/package.dsv'
[1.545s] INFO:colcon.colcon_core.shell:Creating package script '/home/louise/Development/rover_project/wave_rover_gazebo_ws/install/launch_sim/share/launch_sim/package.sh'
[1.546s] INFO:colcon.colcon_core.shell:Creating package script '/home/louise/Development/rover_project/wave_rover_gazebo_ws/install/launch_sim/share/launch_sim/package.bash'
[1.547s] INFO:colcon.colcon_core.shell:Creating package script '/home/louise/Development/rover_project/wave_rover_gazebo_ws/install/launch_sim/share/launch_sim/package.zsh'
[1.547s] Level 1:colcon.colcon_core.environment:create_file_with_runtime_dependencies(/home/louise/Development/rover_project/wave_rover_gazebo_ws/install/launch_sim/share/colcon-core/packages/launch_sim)
[1.562s] Level 1:colcon.colcon_core.shell:create_environment_hook('test_box_launch', 'pythonpath_develop')
[1.562s] INFO:colcon.colcon_core.shell:Creating environment hook '/home/louise/Development/rover_project/wave_rover_gazebo_ws/build/test_box_launch/share/test_box_launch/hook/pythonpath_develop.ps1'
[1.562s] DEBUG:colcon.colcon_core.event_handler.log_command:Invoked command in '/home/louise/Development/rover_project/wave_rover_gazebo_ws/build/test_box_launch' returned '0': PYTHONPATH=/home/louise/Development/rover_project/wave_rover_gazebo_ws/build/test_box_launch/prefix_override:/usr/lib/python3/dist-packages/colcon_core/task/python/colcon_distutils_commands:/home/louise/Development/rover_project/wave_rover_gazebo_ws/install/test_box_launch/lib/python3.10/site-packages:${PYTHONPATH} /usr/bin/python3 -W ignore:setup.py install is deprecated -W ignore:easy_install command is deprecated setup.py develop --editable --build-directory /home/louise/Development/rover_project/wave_rover_gazebo_ws/build/test_box_launch/build --no-deps symlink_data
[1.563s] INFO:colcon.colcon_core.shell:Creating environment descriptor '/home/louise/Development/rover_project/wave_rover_gazebo_ws/build/test_box_launch/share/test_box_launch/hook/pythonpath_develop.dsv'
[1.563s] INFO:colcon.colcon_core.shell:Creating environment hook '/home/louise/Development/rover_project/wave_rover_gazebo_ws/build/test_box_launch/share/test_box_launch/hook/pythonpath_develop.sh'
[1.564s] Level 1:colcon.colcon_core.environment:checking '/home/louise/Development/rover_project/wave_rover_gazebo_ws/install/test_box_launch' for CMake module files
[1.564s] Level 1:colcon.colcon_core.environment:checking '/home/louise/Development/rover_project/wave_rover_gazebo_ws/install/test_box_launch' for CMake config files
[1.564s] Level 1:colcon.colcon_core.environment:checking '/home/louise/Development/rover_project/wave_rover_gazebo_ws/install/test_box_launch/lib'
[1.564s] Level 1:colcon.colcon_core.environment:checking '/home/louise/Development/rover_project/wave_rover_gazebo_ws/install/test_box_launch/bin'
[1.565s] Level 1:colcon.colcon_core.environment:checking '/home/louise/Development/rover_project/wave_rover_gazebo_ws/install/test_box_launch/lib/pkgconfig/test_box_launch.pc'
[1.565s] Level 1:colcon.colcon_core.environment:checking '/home/louise/Development/rover_project/wave_rover_gazebo_ws/install/test_box_launch/lib/python3.10/site-packages'
[1.565s] Level 1:colcon.colcon_core.shell:create_environment_hook('test_box_launch', 'pythonpath')
[1.565s] INFO:colcon.colcon_core.shell:Creating environment hook '/home/louise/Development/rover_project/wave_rover_gazebo_ws/install/test_box_launch/share/test_box_launch/hook/pythonpath.ps1'
[1.565s] INFO:colcon.colcon_core.shell:Creating environment descriptor '/home/louise/Development/rover_project/wave_rover_gazebo_ws/install/test_box_launch/share/test_box_launch/hook/pythonpath.dsv'
[1.566s] INFO:colcon.colcon_core.shell:Creating environment hook '/home/louise/Development/rover_project/wave_rover_gazebo_ws/install/test_box_launch/share/test_box_launch/hook/pythonpath.sh'
[1.566s] Level 1:colcon.colcon_core.environment:checking '/home/louise/Development/rover_project/wave_rover_gazebo_ws/install/test_box_launch/bin'
[1.566s] Level 1:colcon.colcon_core.environment:create_environment_scripts_only(test_box_launch)
[1.566s] INFO:colcon.colcon_core.shell:Creating package script '/home/louise/Development/rover_project/wave_rover_gazebo_ws/install/test_box_launch/share/test_box_launch/package.ps1'
[1.567s] INFO:colcon.colcon_core.shell:Creating package descriptor '/home/louise/Development/rover_project/wave_rover_gazebo_ws/install/test_box_launch/share/test_box_launch/package.dsv'
[1.567s] INFO:colcon.colcon_core.shell:Creating package script '/home/louise/Development/rover_project/wave_rover_gazebo_ws/install/test_box_launch/share/test_box_launch/package.sh'
[1.568s] INFO:colcon.colcon_core.shell:Creating package script '/home/louise/Development/rover_project/wave_rover_gazebo_ws/install/test_box_launch/share/test_box_launch/package.bash'
[1.568s] INFO:colcon.colcon_core.shell:Creating package script '/home/louise/Development/rover_project/wave_rover_gazebo_ws/install/test_box_launch/share/test_box_launch/package.zsh'
[1.568s] Level 1:colcon.colcon_core.environment:create_file_with_runtime_dependencies(/home/louise/Development/rover_project/wave_rover_gazebo_ws/install/test_box_launch/share/colcon-core/packages/test_box_launch)
[1.568s] DEBUG:colcon.colcon_parallel_executor.executor.parallel:closing loop
[1.569s] DEBUG:colcon.colcon_parallel_executor.executor.parallel:loop closed
[1.569s] DEBUG:colcon.colcon_parallel_executor.executor.parallel:run_until_complete finished with '0'
[1.569s] DEBUG:colcon.colcon_core.event_reactor:joining thread
[1.573s] INFO:colcon.colcon_core.plugin_system:Skipping extension 'colcon_notification.desktop_notification.terminal_notifier': Not used on non-Darwin systems
[1.573s] INFO:colcon.colcon_core.plugin_system:Skipping extension 'colcon_notification.desktop_notification.win32': Not used on non-Windows systems
[1.574s] INFO:colcon.colcon_notification.desktop_notification:Sending desktop notification using 'notify2'
[1.584s] DEBUG:colcon.colcon_core.event_reactor:joined thread
[1.584s] INFO:colcon.colcon_core.shell:Creating prefix script '/home/louise/Development/rover_project/wave_rover_gazebo_ws/install/local_setup.ps1'
[1.585s] INFO:colcon.colcon_core.shell:Creating prefix util module '/home/louise/Development/rover_project/wave_rover_gazebo_ws/install/_local_setup_util_ps1.py'
[1.587s] INFO:colcon.colcon_core.shell:Creating prefix chain script '/home/louise/Development/rover_project/wave_rover_gazebo_ws/install/setup.ps1'
[1.588s] INFO:colcon.colcon_core.shell:Creating prefix script '/home/louise/Development/rover_project/wave_rover_gazebo_ws/install/local_setup.sh'
[1.588s] INFO:colcon.colcon_core.shell:Creating prefix util module '/home/louise/Development/rover_project/wave_rover_gazebo_ws/install/_local_setup_util_sh.py'
[1.588s] INFO:colcon.colcon_core.shell:Creating prefix chain script '/home/louise/Development/rover_project/wave_rover_gazebo_ws/install/setup.sh'
[1.589s] INFO:colcon.colcon_core.shell:Creating prefix script '/home/louise/Development/rover_project/wave_rover_gazebo_ws/install/local_setup.bash'
[1.590s] INFO:colcon.colcon_core.shell:Creating prefix chain script '/home/louise/Development/rover_project/wave_rover_gazebo_ws/install/setup.bash'
[1.591s] INFO:colcon.colcon_core.shell:Creating prefix script '/home/louise/Development/rover_project/wave_rover_gazebo_ws/install/local_setup.zsh'
[1.591s] INFO:colcon.colcon_core.shell:Creating prefix chain script '/home/louise/Development/rover_project/wave_rover_gazebo_ws/install/setup.zsh'
