[0.009s] Invoking command in '/home/louise/Development/rover_project/wave_rover_gazebo_ws/src/wave_rover_description/build/wave_rover_description': CMAKE_PREFIX_PATH=/opt/ros/humble /usr/bin/cmake /home/louise/Development/rover_project/wave_rover_gazebo_ws/src/wave_rover_description -DAMENT_CMAKE_SYMLINK_INSTALL=1 -DCMAKE_INSTALL_PREFIX=/home/louise/Development/rover_project/wave_rover_gazebo_ws/src/wave_rover_description/install/wave_rover_description
[0.142s] -- The C compiler identification is GNU 11.4.0
[0.230s] -- The CXX compiler identification is GNU 11.4.0
[0.238s] -- Detecting C compiler ABI info
[0.292s] -- Detecting C compiler ABI info - done
[0.298s] -- Check for working C compiler: /usr/bin/cc - skipped
[0.298s] -- Detecting C compile features
[0.299s] -- Detecting C compile features - done
[0.302s] -- Detecting CXX compiler ABI info
[0.357s] -- Detecting CXX compiler ABI info - done
[0.363s] -- Check for working CXX compiler: /usr/bin/c++ - skipped
[0.363s] -- Detecting CXX compile features
[0.363s] -- Detecting CXX compile features - done
[0.367s] -- Found ament_cmake: 1.3.11 (/opt/ros/humble/share/ament_cmake/cmake)
[0.476s] -- Found Python3: /usr/bin/python3 (found version "3.10.12") found components: Interpreter 
[0.529s] -- Override CMake install command with custom implementation using symlinks instead of copying resources
[0.555s] -- Found ament_lint_auto: 0.12.12 (/opt/ros/humble/share/ament_lint_auto/cmake)
[0.614s] -- Added test 'cppcheck' to perform static code analysis on C / C++ code
[0.614s] -- Configured cppcheck include dirs: 
[0.614s] -- Configured cppcheck exclude dirs and/or files: 
[0.615s] -- Added test 'flake8' to check Python code syntax and style conventions
[0.616s] -- Added test 'lint_cmake' to check CMake code style
[0.617s] -- Added test 'pep257' to check Python code against some of the docstring style conventions in PEP 257
[0.621s] -- Added test 'uncrustify' to check C / C++ code style
[0.621s] -- Configured uncrustify additional arguments: 
[0.621s] -- Added test 'xmllint' to check XML markup files
[0.623s] -- Configuring done
[0.624s] -- Generating done
[0.625s] -- Build files have been written to: /home/louise/Development/rover_project/wave_rover_gazebo_ws/src/wave_rover_description/build/wave_rover_description
[0.630s] Invoked command in '/home/louise/Development/rover_project/wave_rover_gazebo_ws/src/wave_rover_description/build/wave_rover_description' returned '0': CMAKE_PREFIX_PATH=/opt/ros/humble /usr/bin/cmake /home/louise/Development/rover_project/wave_rover_gazebo_ws/src/wave_rover_description -DAMENT_CMAKE_SYMLINK_INSTALL=1 -DCMAKE_INSTALL_PREFIX=/home/louise/Development/rover_project/wave_rover_gazebo_ws/src/wave_rover_description/install/wave_rover_description
[0.630s] Invoking command in '/home/louise/Development/rover_project/wave_rover_gazebo_ws/src/wave_rover_description/build/wave_rover_description': CMAKE_PREFIX_PATH=/opt/ros/humble /usr/bin/cmake --build /home/louise/Development/rover_project/wave_rover_gazebo_ws/src/wave_rover_description/build/wave_rover_description -- -j8 -l8
[0.655s] Invoked command in '/home/louise/Development/rover_project/wave_rover_gazebo_ws/src/wave_rover_description/build/wave_rover_description' returned '0': CMAKE_PREFIX_PATH=/opt/ros/humble /usr/bin/cmake --build /home/louise/Development/rover_project/wave_rover_gazebo_ws/src/wave_rover_description/build/wave_rover_description -- -j8 -l8
[0.661s] Invoking command in '/home/louise/Development/rover_project/wave_rover_gazebo_ws/src/wave_rover_description/build/wave_rover_description': CMAKE_PREFIX_PATH=/opt/ros/humble /usr/bin/cmake --install /home/louise/Development/rover_project/wave_rover_gazebo_ws/src/wave_rover_description/build/wave_rover_description
[0.666s] -- Install configuration: ""
[0.666s] -- Execute custom install script
[0.666s] -- Symlinking: /home/louise/Development/rover_project/wave_rover_gazebo_ws/src/wave_rover_description/install/wave_rover_description/share/wave_rover_description/meshes/Old/older/rover_body.stl
[0.673s] -- Symlinking: /home/louise/Development/rover_project/wave_rover_gazebo_ws/src/wave_rover_description/install/wave_rover_description/share/wave_rover_description/meshes/Old/rover_body.stl
[0.680s] -- Symlinking: /home/louise/Development/rover_project/wave_rover_gazebo_ws/src/wave_rover_description/install/wave_rover_description/share/wave_rover_description/meshes/Old/wave_rover_model.stl
[0.686s] -- Symlinking: /home/louise/Development/rover_project/wave_rover_gazebo_ws/src/wave_rover_description/install/wave_rover_description/share/wave_rover_description/meshes/back_left_wheel.stl
[0.692s] -- Symlinking: /home/louise/Development/rover_project/wave_rover_gazebo_ws/src/wave_rover_description/install/wave_rover_description/share/wave_rover_description/meshes/back_right_wheel.stl
[0.698s] -- Symlinking: /home/louise/Development/rover_project/wave_rover_gazebo_ws/src/wave_rover_description/install/wave_rover_description/share/wave_rover_description/meshes/d435.dae
[0.704s] -- Symlinking: /home/louise/Development/rover_project/wave_rover_gazebo_ws/src/wave_rover_description/install/wave_rover_description/share/wave_rover_description/meshes/d435.stl
[0.710s] -- Symlinking: /home/louise/Development/rover_project/wave_rover_gazebo_ws/src/wave_rover_description/install/wave_rover_description/share/wave_rover_description/meshes/front_left_wheel.stl
[0.716s] -- Symlinking: /home/louise/Development/rover_project/wave_rover_gazebo_ws/src/wave_rover_description/install/wave_rover_description/share/wave_rover_description/meshes/front_right_wheel.stl
[0.720s] -- Symlinking: /home/louise/Development/rover_project/wave_rover_gazebo_ws/src/wave_rover_description/install/wave_rover_description/share/wave_rover_description/meshes/realsense_bracket.stl
[0.727s] -- Symlinking: /home/louise/Development/rover_project/wave_rover_gazebo_ws/src/wave_rover_description/install/wave_rover_description/share/wave_rover_description/meshes/realsense_camera.stl
[0.732s] -- Symlinking: /home/louise/Development/rover_project/wave_rover_gazebo_ws/src/wave_rover_description/install/wave_rover_description/share/wave_rover_description/meshes/rover_body.stl
[0.738s] -- Symlinking: /home/louise/Development/rover_project/wave_rover_gazebo_ws/src/wave_rover_description/install/wave_rover_description/share/wave_rover_description/meshes/wave_rover_model.stl
[0.744s] -- Symlinking: /home/louise/Development/rover_project/wave_rover_gazebo_ws/src/wave_rover_description/install/wave_rover_description/share/wave_rover_description/urdf/old/wave_rover.sdf
[0.750s] -- Symlinking: /home/louise/Development/rover_project/wave_rover_gazebo_ws/src/wave_rover_description/install/wave_rover_description/share/wave_rover_description/urdf/out.urdf
[0.755s] -- Symlinking: /home/louise/Development/rover_project/wave_rover_gazebo_ws/src/wave_rover_description/install/wave_rover_description/share/wave_rover_description/urdf/rover.gazebo
[0.761s] -- Symlinking: /home/louise/Development/rover_project/wave_rover_gazebo_ws/src/wave_rover_description/install/wave_rover_description/share/wave_rover_description/urdf/rover.urdf
[0.767s] -- Symlinking: /home/louise/Development/rover_project/wave_rover_gazebo_ws/src/wave_rover_description/install/wave_rover_description/share/wave_rover_description/urdf/rover.urdf.xacro
[0.773s] -- Symlinking: /home/louise/Development/rover_project/wave_rover_gazebo_ws/src/wave_rover_description/install/wave_rover_description/share/wave_rover_description/urdf/wave_rover.config
[0.778s] -- Symlinking: /home/louise/Development/rover_project/wave_rover_gazebo_ws/src/wave_rover_description/install/wave_rover_description/share/wave_rover_description/urdf/wave_rover.sdf
[0.784s] -- Symlinking: /home/louise/Development/rover_project/wave_rover_gazebo_ws/src/wave_rover_description/install/wave_rover_description/share/wave_rover_description/urdf/wave_rover.urdf
[0.790s] -- Symlinking: /home/louise/Development/rover_project/wave_rover_gazebo_ws/src/wave_rover_description/install/wave_rover_description/share/wave_rover_description/urdf/wave_rover.urdf.xacro
[0.796s] -- Symlinking: /home/louise/Development/rover_project/wave_rover_gazebo_ws/src/wave_rover_description/install/wave_rover_description/share/wave_rover_description/launch/display.launch.py
[0.801s] -- Symlinking: /home/louise/Development/rover_project/wave_rover_gazebo_ws/src/wave_rover_description/install/wave_rover_description/share/wave_rover_description/launch/display_box.launch.py
[0.807s] -- Symlinking: /home/louise/Development/rover_project/wave_rover_gazebo_ws/src/wave_rover_description/install/wave_rover_description/share/wave_rover_description/models/cone_blue/meshes/cone.stl
[0.813s] -- Symlinking: /home/louise/Development/rover_project/wave_rover_gazebo_ws/src/wave_rover_description/install/wave_rover_description/share/wave_rover_description/models/cone_blue/model.config
[0.819s] -- Symlinking: /home/louise/Development/rover_project/wave_rover_gazebo_ws/src/wave_rover_description/install/wave_rover_description/share/wave_rover_description/models/cone_blue/model.sdf
[0.824s] -- Symlinking: /home/louise/Development/rover_project/wave_rover_gazebo_ws/src/wave_rover_description/install/wave_rover_description/share/wave_rover_description/models/cone_orange/meshes/cone.stl
[0.830s] -- Symlinking: /home/louise/Development/rover_project/wave_rover_gazebo_ws/src/wave_rover_description/install/wave_rover_description/share/wave_rover_description/models/cone_orange/model.config
[0.836s] -- Symlinking: /home/louise/Development/rover_project/wave_rover_gazebo_ws/src/wave_rover_description/install/wave_rover_description/share/wave_rover_description/models/cone_orange/model.sdf
[0.842s] -- Symlinking: /home/louise/Development/rover_project/wave_rover_gazebo_ws/src/wave_rover_description/install/wave_rover_description/share/wave_rover_description/models/cone_red/meshes/cone.stl
[0.848s] -- Symlinking: /home/louise/Development/rover_project/wave_rover_gazebo_ws/src/wave_rover_description/install/wave_rover_description/share/wave_rover_description/models/cone_red/model.config
[0.854s] -- Symlinking: /home/louise/Development/rover_project/wave_rover_gazebo_ws/src/wave_rover_description/install/wave_rover_description/share/wave_rover_description/models/cone_red/model.sdf
[0.860s] -- Symlinking: /home/louise/Development/rover_project/wave_rover_gazebo_ws/src/wave_rover_description/install/wave_rover_description/share/wave_rover_description/models/cone_yellow/meshes/cone.stl
[0.866s] -- Symlinking: /home/louise/Development/rover_project/wave_rover_gazebo_ws/src/wave_rover_description/install/wave_rover_description/share/wave_rover_description/models/cone_yellow/model.config
[0.871s] -- Symlinking: /home/louise/Development/rover_project/wave_rover_gazebo_ws/src/wave_rover_description/install/wave_rover_description/share/wave_rover_description/models/cone_yellow/model.sdf
[0.877s] -- Symlinking: /home/louise/Development/rover_project/wave_rover_gazebo_ws/src/wave_rover_description/install/wave_rover_description/share/wave_rover_description/worlds/oasis.world
[0.882s] -- Symlinking: /home/louise/Development/rover_project/wave_rover_gazebo_ws/src/wave_rover_description/install/wave_rover_description/share/wave_rover_description/worlds/small_circle.world
[0.888s] -- Symlinking: /home/louise/Development/rover_project/wave_rover_gazebo_ws/src/wave_rover_description/install/wave_rover_description/share/wave_rover_description/worlds/small_track_bean.world
[0.894s] -- Symlinking: /home/louise/Development/rover_project/wave_rover_gazebo_ws/src/wave_rover_description/install/wave_rover_description/share/ament_index/resource_index/package_run_dependencies/wave_rover_description
[0.899s] -- Symlinking: /home/louise/Development/rover_project/wave_rover_gazebo_ws/src/wave_rover_description/install/wave_rover_description/share/ament_index/resource_index/parent_prefix_path/wave_rover_description
[0.905s] -- Symlinking: /home/louise/Development/rover_project/wave_rover_gazebo_ws/src/wave_rover_description/install/wave_rover_description/share/wave_rover_description/environment/ament_prefix_path.sh
[0.910s] -- Symlinking: /home/louise/Development/rover_project/wave_rover_gazebo_ws/src/wave_rover_description/install/wave_rover_description/share/wave_rover_description/environment/ament_prefix_path.dsv
[0.916s] -- Symlinking: /home/louise/Development/rover_project/wave_rover_gazebo_ws/src/wave_rover_description/install/wave_rover_description/share/wave_rover_description/environment/path.sh
[0.921s] -- Symlinking: /home/louise/Development/rover_project/wave_rover_gazebo_ws/src/wave_rover_description/install/wave_rover_description/share/wave_rover_description/environment/path.dsv
[0.927s] -- Symlinking: /home/louise/Development/rover_project/wave_rover_gazebo_ws/src/wave_rover_description/install/wave_rover_description/share/wave_rover_description/local_setup.bash
[0.933s] -- Symlinking: /home/louise/Development/rover_project/wave_rover_gazebo_ws/src/wave_rover_description/install/wave_rover_description/share/wave_rover_description/local_setup.sh
[0.939s] -- Symlinking: /home/louise/Development/rover_project/wave_rover_gazebo_ws/src/wave_rover_description/install/wave_rover_description/share/wave_rover_description/local_setup.zsh
[0.945s] -- Symlinking: /home/louise/Development/rover_project/wave_rover_gazebo_ws/src/wave_rover_description/install/wave_rover_description/share/wave_rover_description/local_setup.dsv
[0.951s] -- Symlinking: /home/louise/Development/rover_project/wave_rover_gazebo_ws/src/wave_rover_description/install/wave_rover_description/share/wave_rover_description/package.dsv
[0.956s] -- Symlinking: /home/louise/Development/rover_project/wave_rover_gazebo_ws/src/wave_rover_description/install/wave_rover_description/share/ament_index/resource_index/packages/wave_rover_description
[0.962s] -- Symlinking: /home/louise/Development/rover_project/wave_rover_gazebo_ws/src/wave_rover_description/install/wave_rover_description/share/wave_rover_description/cmake/wave_rover_descriptionConfig.cmake
[0.968s] -- Symlinking: /home/louise/Development/rover_project/wave_rover_gazebo_ws/src/wave_rover_description/install/wave_rover_description/share/wave_rover_description/cmake/wave_rover_descriptionConfig-version.cmake
[0.974s] -- Symlinking: /home/louise/Development/rover_project/wave_rover_gazebo_ws/src/wave_rover_description/install/wave_rover_description/share/wave_rover_description/package.xml
[0.981s] Invoked command in '/home/louise/Development/rover_project/wave_rover_gazebo_ws/src/wave_rover_description/build/wave_rover_description' returned '0': CMAKE_PREFIX_PATH=/opt/ros/humble /usr/bin/cmake --install /home/louise/Development/rover_project/wave_rover_gazebo_ws/src/wave_rover_description/build/wave_rover_description
