[0.349s] Invoking command in '/home/louise/Development/rover_project/wave_rover_gazebo_ws/build/wave_rover_description': CMAKE_PREFIX_PATH=${CMAKE_PREFIX_PATH}:/home/louise/Development/rover_project/wave_rover_gazebo_ws/install/test_box_launch:/home/louise/Development/rover_project/wave_rover_gazebo_ws/install/launch_sim:/opt/ros/humble /usr/bin/cmake --build /home/louise/Development/rover_project/wave_rover_gazebo_ws/build/wave_rover_description -- -j8 -l8
[0.404s] -- Found ament_cmake: 1.3.11 (/opt/ros/humble/share/ament_cmake/cmake)
[0.507s] -- Override CMake install command with custom implementation using symlinks instead of copying resources
[0.522s] -- Found ament_lint_auto: 0.12.12 (/opt/ros/humble/share/ament_lint_auto/cmake)
[0.581s] -- Added test 'flake8' to check Python code syntax and style conventions
[0.581s] -- Added test 'lint_cmake' to check CMake code style
[0.582s] -- Added test 'pep257' to check Python code against some of the docstring style conventions in PEP 257
[0.583s] -- Added test 'xmllint' to check XML markup files
[0.585s] -- Configuring done
[0.589s] -- Generating done
[0.590s] -- Build files have been written to: /home/louise/Development/rover_project/wave_rover_gazebo_ws/build/wave_rover_description
[0.605s] Invoked command in '/home/louise/Development/rover_project/wave_rover_gazebo_ws/build/wave_rover_description' returned '0': CMAKE_PREFIX_PATH=${CMAKE_PREFIX_PATH}:/home/louise/Development/rover_project/wave_rover_gazebo_ws/install/test_box_launch:/home/louise/Development/rover_project/wave_rover_gazebo_ws/install/launch_sim:/opt/ros/humble /usr/bin/cmake --build /home/louise/Development/rover_project/wave_rover_gazebo_ws/build/wave_rover_description -- -j8 -l8
[0.606s] Invoking command in '/home/louise/Development/rover_project/wave_rover_gazebo_ws/build/wave_rover_description': CMAKE_PREFIX_PATH=${CMAKE_PREFIX_PATH}:/home/louise/Development/rover_project/wave_rover_gazebo_ws/install/test_box_launch:/home/louise/Development/rover_project/wave_rover_gazebo_ws/install/launch_sim:/opt/ros/humble /usr/bin/cmake --install /home/louise/Development/rover_project/wave_rover_gazebo_ws/build/wave_rover_description
[0.611s] -- Install configuration: ""
[0.612s] -- Execute custom install script
[0.612s] -- Up-to-date symlink: /home/louise/Development/rover_project/wave_rover_gazebo_ws/install/wave_rover_description/share/wave_rover_description/meshes/d435.dae
[0.612s] -- Up-to-date symlink: /home/louise/Development/rover_project/wave_rover_gazebo_ws/install/wave_rover_description/share/wave_rover_description/meshes/d435.stl
[0.612s] -- Up-to-date symlink: /home/louise/Development/rover_project/wave_rover_gazebo_ws/install/wave_rover_description/share/wave_rover_description/meshes/realsense_bracket.stl
[0.613s] -- Up-to-date symlink: /home/louise/Development/rover_project/wave_rover_gazebo_ws/install/wave_rover_description/share/wave_rover_description/meshes/realsense_camera.stl
[0.613s] -- Up-to-date symlink: /home/louise/Development/rover_project/wave_rover_gazebo_ws/install/wave_rover_description/share/wave_rover_description/meshes/wave_rover_model.stl
[0.613s] -- Up-to-date symlink: /home/louise/Development/rover_project/wave_rover_gazebo_ws/install/wave_rover_description/share/wave_rover_description/urdf/wave_rover.urdf.xacro
[0.613s] -- Up-to-date symlink: /home/louise/Development/rover_project/wave_rover_gazebo_ws/install/wave_rover_description/share/wave_rover_description/launch/display.launch.py
[0.613s] -- Up-to-date symlink: /home/louise/Development/rover_project/wave_rover_gazebo_ws/install/wave_rover_description/share/wave_rover_description/launch/display_box.launch.py
[0.614s] -- Symlinking: /home/louise/Development/rover_project/wave_rover_gazebo_ws/install/wave_rover_description/share/wave_rover_description/models/cone_blue/meshes/cone.stl
[0.620s] -- Symlinking: /home/louise/Development/rover_project/wave_rover_gazebo_ws/install/wave_rover_description/share/wave_rover_description/models/cone_blue/model.config
[0.627s] -- Symlinking: /home/louise/Development/rover_project/wave_rover_gazebo_ws/install/wave_rover_description/share/wave_rover_description/models/cone_blue/model.sdf
[0.633s] -- Symlinking: /home/louise/Development/rover_project/wave_rover_gazebo_ws/install/wave_rover_description/share/wave_rover_description/models/cone_orange/meshes/cone.stl
[0.640s] -- Symlinking: /home/louise/Development/rover_project/wave_rover_gazebo_ws/install/wave_rover_description/share/wave_rover_description/models/cone_orange/model.config
[0.647s] -- Symlinking: /home/louise/Development/rover_project/wave_rover_gazebo_ws/install/wave_rover_description/share/wave_rover_description/models/cone_orange/model.sdf
[0.654s] -- Symlinking: /home/louise/Development/rover_project/wave_rover_gazebo_ws/install/wave_rover_description/share/wave_rover_description/models/cone_red/meshes/cone.stl
[0.661s] -- Symlinking: /home/louise/Development/rover_project/wave_rover_gazebo_ws/install/wave_rover_description/share/wave_rover_description/models/cone_red/model.config
[0.668s] -- Symlinking: /home/louise/Development/rover_project/wave_rover_gazebo_ws/install/wave_rover_description/share/wave_rover_description/models/cone_red/model.sdf
[0.673s] -- Symlinking: /home/louise/Development/rover_project/wave_rover_gazebo_ws/install/wave_rover_description/share/wave_rover_description/models/cone_yellow/meshes/cone.stl
[0.679s] -- Symlinking: /home/louise/Development/rover_project/wave_rover_gazebo_ws/install/wave_rover_description/share/wave_rover_description/models/cone_yellow/model.config
[0.685s] -- Symlinking: /home/louise/Development/rover_project/wave_rover_gazebo_ws/install/wave_rover_description/share/wave_rover_description/models/cone_yellow/model.sdf
[0.691s] -- Symlinking: /home/louise/Development/rover_project/wave_rover_gazebo_ws/install/wave_rover_description/share/wave_rover_description/worlds/small_circle.world
[0.697s] -- Symlinking: /home/louise/Development/rover_project/wave_rover_gazebo_ws/install/wave_rover_description/share/wave_rover_description/worlds/small_track_bean.world
[0.704s] -- Up-to-date symlink: /home/louise/Development/rover_project/wave_rover_gazebo_ws/install/wave_rover_description/share/ament_index/resource_index/package_run_dependencies/wave_rover_description
[0.704s] -- Up-to-date symlink: /home/louise/Development/rover_project/wave_rover_gazebo_ws/install/wave_rover_description/share/ament_index/resource_index/parent_prefix_path/wave_rover_description
[0.704s] -- Up-to-date symlink: /home/louise/Development/rover_project/wave_rover_gazebo_ws/install/wave_rover_description/share/wave_rover_description/environment/ament_prefix_path.sh
[0.704s] -- Up-to-date symlink: /home/louise/Development/rover_project/wave_rover_gazebo_ws/install/wave_rover_description/share/wave_rover_description/environment/ament_prefix_path.dsv
[0.704s] -- Up-to-date symlink: /home/louise/Development/rover_project/wave_rover_gazebo_ws/install/wave_rover_description/share/wave_rover_description/environment/path.sh
[0.705s] -- Up-to-date symlink: /home/louise/Development/rover_project/wave_rover_gazebo_ws/install/wave_rover_description/share/wave_rover_description/environment/path.dsv
[0.705s] -- Up-to-date symlink: /home/louise/Development/rover_project/wave_rover_gazebo_ws/install/wave_rover_description/share/wave_rover_description/local_setup.bash
[0.705s] -- Up-to-date symlink: /home/louise/Development/rover_project/wave_rover_gazebo_ws/install/wave_rover_description/share/wave_rover_description/local_setup.sh
[0.705s] -- Up-to-date symlink: /home/louise/Development/rover_project/wave_rover_gazebo_ws/install/wave_rover_description/share/wave_rover_description/local_setup.zsh
[0.705s] -- Up-to-date symlink: /home/louise/Development/rover_project/wave_rover_gazebo_ws/install/wave_rover_description/share/wave_rover_description/local_setup.dsv
[0.705s] -- Symlinking: /home/louise/Development/rover_project/wave_rover_gazebo_ws/install/wave_rover_description/share/wave_rover_description/package.dsv
[0.711s] -- Up-to-date symlink: /home/louise/Development/rover_project/wave_rover_gazebo_ws/install/wave_rover_description/share/ament_index/resource_index/packages/wave_rover_description
[0.711s] -- Up-to-date symlink: /home/louise/Development/rover_project/wave_rover_gazebo_ws/install/wave_rover_description/share/wave_rover_description/cmake/wave_rover_descriptionConfig.cmake
[0.712s] -- Up-to-date symlink: /home/louise/Development/rover_project/wave_rover_gazebo_ws/install/wave_rover_description/share/wave_rover_description/cmake/wave_rover_descriptionConfig-version.cmake
[0.712s] -- Up-to-date symlink: /home/louise/Development/rover_project/wave_rover_gazebo_ws/install/wave_rover_description/share/wave_rover_description/package.xml
[0.713s] Invoked command in '/home/louise/Development/rover_project/wave_rover_gazebo_ws/build/wave_rover_description' returned '0': CMAKE_PREFIX_PATH=${CMAKE_PREFIX_PATH}:/home/louise/Development/rover_project/wave_rover_gazebo_ws/install/test_box_launch:/home/louise/Development/rover_project/wave_rover_gazebo_ws/install/launch_sim:/opt/ros/humble /usr/bin/cmake --install /home/louise/Development/rover_project/wave_rover_gazebo_ws/build/wave_rover_description
