[0.009s] Invoking command in '/home/louise/Development/rover_project/rover_project_gazebo_ws/build/wave_rover_description': CMAKE_PREFIX_PATH=${CMAKE_PREFIX_PATH}:/opt/ros/humble /usr/bin/cmake --build /home/louise/Development/rover_project/rover_project_gazebo_ws/build/wave_rover_description -- -j8 -l8
[0.024s] -- Found ament_cmake: 1.3.11 (/opt/ros/humble/share/ament_cmake/cmake)
[0.111s] -- Override CMake install command with custom implementation using symlinks instead of copying resources
[0.116s] -- Found ament_lint_auto: 0.12.12 (/opt/ros/humble/share/ament_lint_auto/cmake)
[0.163s] -- Added test 'flake8' to check Python code syntax and style conventions
[0.163s] -- Added test 'lint_cmake' to check CMake code style
[0.163s] -- Added test 'pep257' to check Python code against some of the docstring style conventions in PEP 257
[0.164s] -- Added test 'xmllint' to check XML markup files
[0.165s] -- Configuring done
[0.166s] -- Generating done
[0.167s] -- Build files have been written to: /home/louise/Development/rover_project/rover_project_gazebo_ws/build/wave_rover_description
[0.181s] Invoked command in '/home/louise/Development/rover_project/rover_project_gazebo_ws/build/wave_rover_description' returned '0': CMAKE_PREFIX_PATH=${CMAKE_PREFIX_PATH}:/opt/ros/humble /usr/bin/cmake --build /home/louise/Development/rover_project/rover_project_gazebo_ws/build/wave_rover_description -- -j8 -l8
[0.183s] Invoking command in '/home/louise/Development/rover_project/rover_project_gazebo_ws/build/wave_rover_description': CMAKE_PREFIX_PATH=${CMAKE_PREFIX_PATH}:/opt/ros/humble /usr/bin/cmake --install /home/louise/Development/rover_project/rover_project_gazebo_ws/build/wave_rover_description
[0.187s] -- Install configuration: ""
[0.187s] -- Execute custom install script
[0.187s] -- Up-to-date symlink: /home/louise/Development/rover_project/rover_project_gazebo_ws/install/wave_rover_description/share/wave_rover_description/meshes/d435.dae
[0.188s] -- Up-to-date symlink: /home/louise/Development/rover_project/rover_project_gazebo_ws/install/wave_rover_description/share/wave_rover_description/meshes/realsense_bracket.stl
[0.188s] -- Up-to-date symlink: /home/louise/Development/rover_project/rover_project_gazebo_ws/install/wave_rover_description/share/wave_rover_description/meshes/wave_rover_model.stl
[0.188s] -- Up-to-date symlink: /home/louise/Development/rover_project/rover_project_gazebo_ws/install/wave_rover_description/share/wave_rover_description/urdf/wave_rover.urdf.xacro
[0.188s] -- Symlinking: /home/louise/Development/rover_project/rover_project_gazebo_ws/install/wave_rover_description/share/wave_rover_description/launch/display_box.launch.py
[0.194s] -- Up-to-date symlink: /home/louise/Development/rover_project/rover_project_gazebo_ws/install/wave_rover_description/share/ament_index/resource_index/package_run_dependencies/wave_rover_description
[0.194s] -- Up-to-date symlink: /home/louise/Development/rover_project/rover_project_gazebo_ws/install/wave_rover_description/share/ament_index/resource_index/parent_prefix_path/wave_rover_description
[0.194s] -- Up-to-date symlink: /home/louise/Development/rover_project/rover_project_gazebo_ws/install/wave_rover_description/share/wave_rover_description/environment/ament_prefix_path.sh
[0.194s] -- Up-to-date symlink: /home/louise/Development/rover_project/rover_project_gazebo_ws/install/wave_rover_description/share/wave_rover_description/environment/ament_prefix_path.dsv
[0.194s] -- Up-to-date symlink: /home/louise/Development/rover_project/rover_project_gazebo_ws/install/wave_rover_description/share/wave_rover_description/environment/path.sh
[0.194s] -- Up-to-date symlink: /home/louise/Development/rover_project/rover_project_gazebo_ws/install/wave_rover_description/share/wave_rover_description/environment/path.dsv
[0.194s] -- Up-to-date symlink: /home/louise/Development/rover_project/rover_project_gazebo_ws/install/wave_rover_description/share/wave_rover_description/local_setup.bash
[0.194s] -- Up-to-date symlink: /home/louise/Development/rover_project/rover_project_gazebo_ws/install/wave_rover_description/share/wave_rover_description/local_setup.sh
[0.194s] -- Up-to-date symlink: /home/louise/Development/rover_project/rover_project_gazebo_ws/install/wave_rover_description/share/wave_rover_description/local_setup.zsh
[0.194s] -- Up-to-date symlink: /home/louise/Development/rover_project/rover_project_gazebo_ws/install/wave_rover_description/share/wave_rover_description/local_setup.dsv
[0.194s] -- Symlinking: /home/louise/Development/rover_project/rover_project_gazebo_ws/install/wave_rover_description/share/wave_rover_description/package.dsv
[0.200s] -- Up-to-date symlink: /home/louise/Development/rover_project/rover_project_gazebo_ws/install/wave_rover_description/share/ament_index/resource_index/packages/wave_rover_description
[0.200s] -- Up-to-date symlink: /home/louise/Development/rover_project/rover_project_gazebo_ws/install/wave_rover_description/share/wave_rover_description/cmake/wave_rover_descriptionConfig.cmake
[0.200s] -- Up-to-date symlink: /home/louise/Development/rover_project/rover_project_gazebo_ws/install/wave_rover_description/share/wave_rover_description/cmake/wave_rover_descriptionConfig-version.cmake
[0.200s] -- Up-to-date symlink: /home/louise/Development/rover_project/rover_project_gazebo_ws/install/wave_rover_description/share/wave_rover_description/package.xml
[0.202s] Invoked command in '/home/louise/Development/rover_project/rover_project_gazebo_ws/build/wave_rover_description' returned '0': CMAKE_PREFIX_PATH=${CMAKE_PREFIX_PATH}:/opt/ros/humble /usr/bin/cmake --install /home/louise/Development/rover_project/rover_project_gazebo_ws/build/wave_rover_description
