[0.247s] DEBUG:colcon:Command line arguments: ['/usr/bin/colcon', 'build', '--symlink-install']
[0.247s] DEBUG:colcon:Parsed command line arguments: Namespace(log_base=None, log_level=None, verb_name='build', build_base='build', install_base='install', merge_install=False, symlink_install=True, test_result_base=None, continue_on_error=False, executor='parallel', parallel_workers=8, event_handlers=None, ignore_user_meta=False, metas=['./colcon.meta'], base_paths=['.'], packages_ignore=None, packages_ignore_regex=None, paths=None, packages_up_to=None, packages_up_to_regex=None, packages_above=None, packages_above_and_dependencies=None, packages_above_depth=None, packages_select_by_dep=None, packages_skip_by_dep=None, packages_skip_up_to=None, packages_select_build_failed=False, packages_skip_build_finished=False, packages_select_test_failures=False, packages_skip_test_passed=False, packages_select=None, packages_skip=None, packages_select_regex=None, packages_skip_regex=None, packages_start=None, packages_end=None, allow_overriding=[], cmake_args=None, cmake_target=None, cmake_target_skip_unavailable=False, cmake_clean_cache=False, cmake_clean_first=False, cmake_force_configure=False, ament_cmake_args=None, catkin_cmake_args=None, catkin_skip_building_tests=False, verb_parser=<colcon_defaults.argument_parser.defaults.DefaultArgumentsDecorator object at 0x7d4d58864fd0>, verb_extension=<colcon_core.verb.build.BuildVerb object at 0x7d4d589f65f0>, main=<bound method BuildVerb.main of <colcon_core.verb.build.BuildVerb object at 0x7d4d589f65f0>>)
[0.453s] Level 1:colcon.colcon_core.package_discovery:discover_packages(colcon_meta) check parameters
[0.453s] Level 1:colcon.colcon_core.package_discovery:discover_packages(recursive) check parameters
[0.453s] Level 1:colcon.colcon_core.package_discovery:discover_packages(ignore) check parameters
[0.453s] Level 1:colcon.colcon_core.package_discovery:discover_packages(path) check parameters
[0.453s] Level 1:colcon.colcon_core.package_discovery:discover_packages(colcon_meta) discover
[0.453s] Level 1:colcon.colcon_core.package_discovery:discover_packages(recursive) discover
[0.453s] INFO:colcon.colcon_core.package_discovery:Crawling recursively for packages in '/home/louise/Development/rover_project/wave_rover_gazebo_ws'
[0.453s] Level 1:colcon.colcon_core.package_identification:_identify(.) by extensions ['ignore', 'ignore_ament_install']
[0.454s] Level 1:colcon.colcon_core.package_identification:_identify(.) by extension 'ignore'
[0.454s] Level 1:colcon.colcon_core.package_identification:_identify(.) by extension 'ignore_ament_install'
[0.454s] Level 1:colcon.colcon_core.package_identification:_identify(.) by extensions ['colcon_pkg']
[0.454s] Level 1:colcon.colcon_core.package_identification:_identify(.) by extension 'colcon_pkg'
[0.454s] Level 1:colcon.colcon_core.package_identification:_identify(.) by extensions ['colcon_meta']
[0.454s] Level 1:colcon.colcon_core.package_identification:_identify(.) by extension 'colcon_meta'
[0.454s] Level 1:colcon.colcon_core.package_identification:_identify(.) by extensions ['ros']
[0.454s] Level 1:colcon.colcon_core.package_identification:_identify(.) by extension 'ros'
[0.463s] Level 1:colcon.colcon_core.package_identification:_identify(.) by extensions ['cmake', 'python']
[0.463s] Level 1:colcon.colcon_core.package_identification:_identify(.) by extension 'cmake'
[0.463s] Level 1:colcon.colcon_core.package_identification:_identify(.) by extension 'python'
[0.463s] Level 1:colcon.colcon_core.package_identification:_identify(.) by extensions ['python_setup_py']
[0.463s] Level 1:colcon.colcon_core.package_identification:_identify(.) by extension 'python_setup_py'
[0.464s] Level 1:colcon.colcon_core.package_identification:_identify(build) by extensions ['ignore', 'ignore_ament_install']
[0.464s] Level 1:colcon.colcon_core.package_identification:_identify(build) by extension 'ignore'
[0.464s] Level 1:colcon.colcon_core.package_identification:_identify(build) ignored
[0.464s] Level 1:colcon.colcon_core.package_identification:_identify(install) by extensions ['ignore', 'ignore_ament_install']
[0.464s] Level 1:colcon.colcon_core.package_identification:_identify(install) by extension 'ignore'
[0.464s] Level 1:colcon.colcon_core.package_identification:_identify(install) ignored
[0.464s] Level 1:colcon.colcon_core.package_identification:_identify(log) by extensions ['ignore', 'ignore_ament_install']
[0.464s] Level 1:colcon.colcon_core.package_identification:_identify(log) by extension 'ignore'
[0.464s] Level 1:colcon.colcon_core.package_identification:_identify(log) ignored
[0.464s] Level 1:colcon.colcon_core.package_identification:_identify(src) by extensions ['ignore', 'ignore_ament_install']
[0.464s] Level 1:colcon.colcon_core.package_identification:_identify(src) by extension 'ignore'
[0.464s] Level 1:colcon.colcon_core.package_identification:_identify(src) by extension 'ignore_ament_install'
[0.464s] Level 1:colcon.colcon_core.package_identification:_identify(src) by extensions ['colcon_pkg']
[0.464s] Level 1:colcon.colcon_core.package_identification:_identify(src) by extension 'colcon_pkg'
[0.464s] Level 1:colcon.colcon_core.package_identification:_identify(src) by extensions ['colcon_meta']
[0.464s] Level 1:colcon.colcon_core.package_identification:_identify(src) by extension 'colcon_meta'
[0.464s] Level 1:colcon.colcon_core.package_identification:_identify(src) by extensions ['ros']
[0.464s] Level 1:colcon.colcon_core.package_identification:_identify(src) by extension 'ros'
[0.464s] Level 1:colcon.colcon_core.package_identification:_identify(src) by extensions ['cmake', 'python']
[0.464s] Level 1:colcon.colcon_core.package_identification:_identify(src) by extension 'cmake'
[0.464s] Level 1:colcon.colcon_core.package_identification:_identify(src) by extension 'python'
[0.464s] Level 1:colcon.colcon_core.package_identification:_identify(src) by extensions ['python_setup_py']
[0.464s] Level 1:colcon.colcon_core.package_identification:_identify(src) by extension 'python_setup_py'
[0.464s] Level 1:colcon.colcon_core.package_identification:_identify(src/launch_sim) by extensions ['ignore', 'ignore_ament_install']
[0.464s] Level 1:colcon.colcon_core.package_identification:_identify(src/launch_sim) by extension 'ignore'
[0.464s] Level 1:colcon.colcon_core.package_identification:_identify(src/launch_sim) by extension 'ignore_ament_install'
[0.465s] Level 1:colcon.colcon_core.package_identification:_identify(src/launch_sim) by extensions ['colcon_pkg']
[0.465s] Level 1:colcon.colcon_core.package_identification:_identify(src/launch_sim) by extension 'colcon_pkg'
[0.465s] Level 1:colcon.colcon_core.package_identification:_identify(src/launch_sim) by extensions ['colcon_meta']
[0.465s] Level 1:colcon.colcon_core.package_identification:_identify(src/launch_sim) by extension 'colcon_meta'
[0.465s] Level 1:colcon.colcon_core.package_identification:_identify(src/launch_sim) by extensions ['ros']
[0.465s] Level 1:colcon.colcon_core.package_identification:_identify(src/launch_sim) by extension 'ros'
[0.467s] DEBUG:colcon.colcon_core.package_identification:Package 'src/launch_sim' with type 'ros.ament_python' and name 'launch_sim'
[0.467s] Level 1:colcon.colcon_core.package_identification:_identify(src/test_box_launch) by extensions ['ignore', 'ignore_ament_install']
[0.467s] Level 1:colcon.colcon_core.package_identification:_identify(src/test_box_launch) by extension 'ignore'
[0.467s] Level 1:colcon.colcon_core.package_identification:_identify(src/test_box_launch) by extension 'ignore_ament_install'
[0.467s] Level 1:colcon.colcon_core.package_identification:_identify(src/test_box_launch) by extensions ['colcon_pkg']
[0.467s] Level 1:colcon.colcon_core.package_identification:_identify(src/test_box_launch) by extension 'colcon_pkg'
[0.467s] Level 1:colcon.colcon_core.package_identification:_identify(src/test_box_launch) by extensions ['colcon_meta']
[0.467s] Level 1:colcon.colcon_core.package_identification:_identify(src/test_box_launch) by extension 'colcon_meta'
[0.467s] Level 1:colcon.colcon_core.package_identification:_identify(src/test_box_launch) by extensions ['ros']
[0.467s] Level 1:colcon.colcon_core.package_identification:_identify(src/test_box_launch) by extension 'ros'
[0.468s] DEBUG:colcon.colcon_core.package_identification:Package 'src/test_box_launch' with type 'ros.ament_python' and name 'test_box_launch'
[0.468s] Level 1:colcon.colcon_core.package_identification:_identify(src/wave_rover_description) by extensions ['ignore', 'ignore_ament_install']
[0.468s] Level 1:colcon.colcon_core.package_identification:_identify(src/wave_rover_description) by extension 'ignore'
[0.468s] Level 1:colcon.colcon_core.package_identification:_identify(src/wave_rover_description) by extension 'ignore_ament_install'
[0.468s] Level 1:colcon.colcon_core.package_identification:_identify(src/wave_rover_description) by extensions ['colcon_pkg']
[0.468s] Level 1:colcon.colcon_core.package_identification:_identify(src/wave_rover_description) by extension 'colcon_pkg'
[0.468s] Level 1:colcon.colcon_core.package_identification:_identify(src/wave_rover_description) by extensions ['colcon_meta']
[0.468s] Level 1:colcon.colcon_core.package_identification:_identify(src/wave_rover_description) by extension 'colcon_meta'
[0.468s] Level 1:colcon.colcon_core.package_identification:_identify(src/wave_rover_description) by extensions ['ros']
[0.468s] Level 1:colcon.colcon_core.package_identification:_identify(src/wave_rover_description) by extension 'ros'
[0.469s] DEBUG:colcon.colcon_core.package_identification:Package 'src/wave_rover_description' with type 'ros.ament_cmake' and name 'wave_rover_description'
[0.469s] Level 1:colcon.colcon_core.package_identification:_identify(src/wave_rover_gazebo) by extensions ['ignore', 'ignore_ament_install']
[0.469s] Level 1:colcon.colcon_core.package_identification:_identify(src/wave_rover_gazebo) by extension 'ignore'
[0.469s] Level 1:colcon.colcon_core.package_identification:_identify(src/wave_rover_gazebo) by extension 'ignore_ament_install'
[0.469s] Level 1:colcon.colcon_core.package_identification:_identify(src/wave_rover_gazebo) by extensions ['colcon_pkg']
[0.469s] Level 1:colcon.colcon_core.package_identification:_identify(src/wave_rover_gazebo) by extension 'colcon_pkg'
[0.469s] Level 1:colcon.colcon_core.package_identification:_identify(src/wave_rover_gazebo) by extensions ['colcon_meta']
[0.469s] Level 1:colcon.colcon_core.package_identification:_identify(src/wave_rover_gazebo) by extension 'colcon_meta'
[0.469s] Level 1:colcon.colcon_core.package_identification:_identify(src/wave_rover_gazebo) by extensions ['ros']
[0.469s] Level 1:colcon.colcon_core.package_identification:_identify(src/wave_rover_gazebo) by extension 'ros'
[0.469s] DEBUG:colcon.colcon_core.package_identification:Package 'src/wave_rover_gazebo' with type 'ros.ament_cmake' and name 'wave_rover_gazebo'
[0.469s] Level 1:colcon.colcon_core.package_discovery:discover_packages(recursive) using defaults
[0.470s] Level 1:colcon.colcon_core.package_discovery:discover_packages(ignore) discover
[0.470s] Level 1:colcon.colcon_core.package_discovery:discover_packages(ignore) using defaults
[0.470s] Level 1:colcon.colcon_core.package_discovery:discover_packages(path) discover
[0.470s] Level 1:colcon.colcon_core.package_discovery:discover_packages(path) using defaults
[0.500s] Level 1:colcon.colcon_core.package_discovery:discover_packages(prefix_path) check parameters
[0.500s] Level 1:colcon.colcon_core.package_discovery:discover_packages(prefix_path) discover
[0.503s] DEBUG:colcon.colcon_installed_package_information.package_discovery:Found 326 installed packages in /opt/ros/humble
[0.504s] Level 1:colcon.colcon_core.package_discovery:discover_packages(prefix_path) using defaults
[0.531s] Level 5:colcon.colcon_core.verb:set package 'launch_sim' build argument 'cmake_args' from command line to 'None'
[0.531s] Level 5:colcon.colcon_core.verb:set package 'launch_sim' build argument 'cmake_target' from command line to 'None'
[0.531s] Level 5:colcon.colcon_core.verb:set package 'launch_sim' build argument 'cmake_target_skip_unavailable' from command line to 'False'
[0.531s] Level 5:colcon.colcon_core.verb:set package 'launch_sim' build argument 'cmake_clean_cache' from command line to 'False'
[0.531s] Level 5:colcon.colcon_core.verb:set package 'launch_sim' build argument 'cmake_clean_first' from command line to 'False'
[0.531s] Level 5:colcon.colcon_core.verb:set package 'launch_sim' build argument 'cmake_force_configure' from command line to 'False'
[0.531s] Level 5:colcon.colcon_core.verb:set package 'launch_sim' build argument 'ament_cmake_args' from command line to 'None'
[0.531s] Level 5:colcon.colcon_core.verb:set package 'launch_sim' build argument 'catkin_cmake_args' from command line to 'None'
[0.531s] Level 5:colcon.colcon_core.verb:set package 'launch_sim' build argument 'catkin_skip_building_tests' from command line to 'False'
[0.531s] DEBUG:colcon.colcon_core.verb:Building package 'launch_sim' with the following arguments: {'ament_cmake_args': None, 'build_base': '/home/louise/Development/rover_project/wave_rover_gazebo_ws/build/launch_sim', 'catkin_cmake_args': None, 'catkin_skip_building_tests': False, 'cmake_args': None, 'cmake_clean_cache': False, 'cmake_clean_first': False, 'cmake_force_configure': False, 'cmake_target': None, 'cmake_target_skip_unavailable': False, 'install_base': '/home/louise/Development/rover_project/wave_rover_gazebo_ws/install/launch_sim', 'merge_install': False, 'path': '/home/louise/Development/rover_project/wave_rover_gazebo_ws/src/launch_sim', 'symlink_install': True, 'test_result_base': None}
[0.532s] Level 5:colcon.colcon_core.verb:set package 'test_box_launch' build argument 'cmake_args' from command line to 'None'
[0.532s] Level 5:colcon.colcon_core.verb:set package 'test_box_launch' build argument 'cmake_target' from command line to 'None'
[0.532s] Level 5:colcon.colcon_core.verb:set package 'test_box_launch' build argument 'cmake_target_skip_unavailable' from command line to 'False'
[0.532s] Level 5:colcon.colcon_core.verb:set package 'test_box_launch' build argument 'cmake_clean_cache' from command line to 'False'
[0.532s] Level 5:colcon.colcon_core.verb:set package 'test_box_launch' build argument 'cmake_clean_first' from command line to 'False'
[0.532s] Level 5:colcon.colcon_core.verb:set package 'test_box_launch' build argument 'cmake_force_configure' from command line to 'False'
[0.532s] Level 5:colcon.colcon_core.verb:set package 'test_box_launch' build argument 'ament_cmake_args' from command line to 'None'
[0.532s] Level 5:colcon.colcon_core.verb:set package 'test_box_launch' build argument 'catkin_cmake_args' from command line to 'None'
[0.532s] Level 5:colcon.colcon_core.verb:set package 'test_box_launch' build argument 'catkin_skip_building_tests' from command line to 'False'
[0.532s] DEBUG:colcon.colcon_core.verb:Building package 'test_box_launch' with the following arguments: {'ament_cmake_args': None, 'build_base': '/home/louise/Development/rover_project/wave_rover_gazebo_ws/build/test_box_launch', 'catkin_cmake_args': None, 'catkin_skip_building_tests': False, 'cmake_args': None, 'cmake_clean_cache': False, 'cmake_clean_first': False, 'cmake_force_configure': False, 'cmake_target': None, 'cmake_target_skip_unavailable': False, 'install_base': '/home/louise/Development/rover_project/wave_rover_gazebo_ws/install/test_box_launch', 'merge_install': False, 'path': '/home/louise/Development/rover_project/wave_rover_gazebo_ws/src/test_box_launch', 'symlink_install': True, 'test_result_base': None}
[0.532s] Level 5:colcon.colcon_core.verb:set package 'wave_rover_description' build argument 'cmake_args' from command line to 'None'
[0.532s] Level 5:colcon.colcon_core.verb:set package 'wave_rover_description' build argument 'cmake_target' from command line to 'None'
[0.532s] Level 5:colcon.colcon_core.verb:set package 'wave_rover_description' build argument 'cmake_target_skip_unavailable' from command line to 'False'
[0.532s] Level 5:colcon.colcon_core.verb:set package 'wave_rover_description' build argument 'cmake_clean_cache' from command line to 'False'
[0.532s] Level 5:colcon.colcon_core.verb:set package 'wave_rover_description' build argument 'cmake_clean_first' from command line to 'False'
[0.532s] Level 5:colcon.colcon_core.verb:set package 'wave_rover_description' build argument 'cmake_force_configure' from command line to 'False'
[0.532s] Level 5:colcon.colcon_core.verb:set package 'wave_rover_description' build argument 'ament_cmake_args' from command line to 'None'
[0.532s] Level 5:colcon.colcon_core.verb:set package 'wave_rover_description' build argument 'catkin_cmake_args' from command line to 'None'
[0.532s] Level 5:colcon.colcon_core.verb:set package 'wave_rover_description' build argument 'catkin_skip_building_tests' from command line to 'False'
[0.532s] DEBUG:colcon.colcon_core.verb:Building package 'wave_rover_description' with the following arguments: {'ament_cmake_args': None, 'build_base': '/home/louise/Development/rover_project/wave_rover_gazebo_ws/build/wave_rover_description', 'catkin_cmake_args': None, 'catkin_skip_building_tests': False, 'cmake_args': None, 'cmake_clean_cache': False, 'cmake_clean_first': False, 'cmake_force_configure': False, 'cmake_target': None, 'cmake_target_skip_unavailable': False, 'install_base': '/home/louise/Development/rover_project/wave_rover_gazebo_ws/install/wave_rover_description', 'merge_install': False, 'path': '/home/louise/Development/rover_project/wave_rover_gazebo_ws/src/wave_rover_description', 'symlink_install': True, 'test_result_base': None}
[0.532s] Level 5:colcon.colcon_core.verb:set package 'wave_rover_gazebo' build argument 'cmake_args' from command line to 'None'
[0.532s] Level 5:colcon.colcon_core.verb:set package 'wave_rover_gazebo' build argument 'cmake_target' from command line to 'None'
[0.532s] Level 5:colcon.colcon_core.verb:set package 'wave_rover_gazebo' build argument 'cmake_target_skip_unavailable' from command line to 'False'
[0.532s] Level 5:colcon.colcon_core.verb:set package 'wave_rover_gazebo' build argument 'cmake_clean_cache' from command line to 'False'
[0.532s] Level 5:colcon.colcon_core.verb:set package 'wave_rover_gazebo' build argument 'cmake_clean_first' from command line to 'False'
[0.532s] Level 5:colcon.colcon_core.verb:set package 'wave_rover_gazebo' build argument 'cmake_force_configure' from command line to 'False'
[0.532s] Level 5:colcon.colcon_core.verb:set package 'wave_rover_gazebo' build argument 'ament_cmake_args' from command line to 'None'
[0.532s] Level 5:colcon.colcon_core.verb:set package 'wave_rover_gazebo' build argument 'catkin_cmake_args' from command line to 'None'
[0.532s] Level 5:colcon.colcon_core.verb:set package 'wave_rover_gazebo' build argument 'catkin_skip_building_tests' from command line to 'False'
[0.532s] DEBUG:colcon.colcon_core.verb:Building package 'wave_rover_gazebo' with the following arguments: {'ament_cmake_args': None, 'build_base': '/home/louise/Development/rover_project/wave_rover_gazebo_ws/build/wave_rover_gazebo', 'catkin_cmake_args': None, 'catkin_skip_building_tests': False, 'cmake_args': None, 'cmake_clean_cache': False, 'cmake_clean_first': False, 'cmake_force_configure': False, 'cmake_target': None, 'cmake_target_skip_unavailable': False, 'install_base': '/home/louise/Development/rover_project/wave_rover_gazebo_ws/install/wave_rover_gazebo', 'merge_install': False, 'path': '/home/louise/Development/rover_project/wave_rover_gazebo_ws/src/wave_rover_gazebo', 'symlink_install': True, 'test_result_base': None}
[0.533s] INFO:colcon.colcon_core.executor:Executing jobs using 'parallel' executor
[0.533s] DEBUG:colcon.colcon_parallel_executor.executor.parallel:run_until_complete
[0.534s] INFO:colcon.colcon_ros.task.ament_python.build:Building ROS package in '/home/louise/Development/rover_project/wave_rover_gazebo_ws/src/launch_sim' with build type 'ament_python'
[0.534s] Level 1:colcon.colcon_core.shell:create_environment_hook('launch_sim', 'ament_prefix_path')
[0.538s] INFO:colcon.colcon_core.plugin_system:Skipping extension 'colcon_core.shell.bat': Not used on non-Windows systems
[0.538s] INFO:colcon.colcon_core.shell:Creating environment hook '/home/louise/Development/rover_project/wave_rover_gazebo_ws/install/launch_sim/share/launch_sim/hook/ament_prefix_path.ps1'
[0.539s] INFO:colcon.colcon_core.shell:Creating environment descriptor '/home/louise/Development/rover_project/wave_rover_gazebo_ws/install/launch_sim/share/launch_sim/hook/ament_prefix_path.dsv'
[0.540s] INFO:colcon.colcon_core.shell:Creating environment hook '/home/louise/Development/rover_project/wave_rover_gazebo_ws/install/launch_sim/share/launch_sim/hook/ament_prefix_path.sh'
[0.541s] INFO:colcon.colcon_core.shell:Skip shell extension 'powershell' for command environment: Not usable outside of PowerShell
[0.541s] DEBUG:colcon.colcon_core.shell:Skip shell extension 'dsv' for command environment
[0.543s] INFO:colcon.colcon_ros.task.ament_python.build:Building ROS package in '/home/louise/Development/rover_project/wave_rover_gazebo_ws/src/test_box_launch' with build type 'ament_python'
[0.543s] Level 1:colcon.colcon_core.shell:create_environment_hook('test_box_launch', 'ament_prefix_path')
[0.543s] INFO:colcon.colcon_core.shell:Creating environment hook '/home/louise/Development/rover_project/wave_rover_gazebo_ws/install/test_box_launch/share/test_box_launch/hook/ament_prefix_path.ps1'
[0.544s] INFO:colcon.colcon_core.shell:Creating environment descriptor '/home/louise/Development/rover_project/wave_rover_gazebo_ws/install/test_box_launch/share/test_box_launch/hook/ament_prefix_path.dsv'
[0.544s] INFO:colcon.colcon_core.shell:Creating environment hook '/home/louise/Development/rover_project/wave_rover_gazebo_ws/install/test_box_launch/share/test_box_launch/hook/ament_prefix_path.sh'
[0.544s] INFO:colcon.colcon_core.shell:Skip shell extension 'powershell' for command environment: Not usable outside of PowerShell
[0.544s] DEBUG:colcon.colcon_core.shell:Skip shell extension 'dsv' for command environment
[0.546s] INFO:colcon.colcon_ros.task.ament_cmake.build:Building ROS package in '/home/louise/Development/rover_project/wave_rover_gazebo_ws/src/wave_rover_description' with build type 'ament_cmake'
[0.546s] INFO:colcon.colcon_cmake.task.cmake.build:Building CMake package in '/home/louise/Development/rover_project/wave_rover_gazebo_ws/src/wave_rover_description'
[0.546s] INFO:colcon.colcon_core.shell:Skip shell extension 'powershell' for command environment: Not usable outside of PowerShell
[0.546s] DEBUG:colcon.colcon_core.shell:Skip shell extension 'dsv' for command environment
[0.548s] INFO:colcon.colcon_ros.task.ament_cmake.build:Building ROS package in '/home/louise/Development/rover_project/wave_rover_gazebo_ws/src/wave_rover_gazebo' with build type 'ament_cmake'
[0.548s] INFO:colcon.colcon_cmake.task.cmake.build:Building CMake package in '/home/louise/Development/rover_project/wave_rover_gazebo_ws/src/wave_rover_gazebo'
[0.548s] INFO:colcon.colcon_core.shell:Skip shell extension 'powershell' for command environment: Not usable outside of PowerShell
[0.548s] DEBUG:colcon.colcon_core.shell:Skip shell extension 'dsv' for command environment
[0.730s] INFO:colcon.colcon_core.task.python.build:Building Python package in '/home/louise/Development/rover_project/wave_rover_gazebo_ws/src/launch_sim'
[0.731s] INFO:colcon.colcon_core.shell:Skip shell extension 'powershell' for command environment: Not usable outside of PowerShell
[0.731s] DEBUG:colcon.colcon_core.shell:Skip shell extension 'dsv' for command environment
[0.912s] INFO:colcon.colcon_core.task.python.build:Building Python package in '/home/louise/Development/rover_project/wave_rover_gazebo_ws/src/test_box_launch'
[0.912s] INFO:colcon.colcon_core.shell:Skip shell extension 'powershell' for command environment: Not usable outside of PowerShell
[0.912s] DEBUG:colcon.colcon_core.shell:Skip shell extension 'dsv' for command environment
[0.916s] DEBUG:colcon.colcon_core.event_handler.log_command:Invoking command in '/home/louise/Development/rover_project/wave_rover_gazebo_ws/build/wave_rover_description': CMAKE_PREFIX_PATH=/opt/ros/humble /usr/bin/cmake --build /home/louise/Development/rover_project/wave_rover_gazebo_ws/build/wave_rover_description -- -j8 -l8
[0.921s] DEBUG:colcon.colcon_core.event_handler.log_command:Invoking command in '/home/louise/Development/rover_project/wave_rover_gazebo_ws/build/wave_rover_gazebo': CMAKE_PREFIX_PATH=/opt/ros/humble /usr/bin/cmake --build /home/louise/Development/rover_project/wave_rover_gazebo_ws/build/wave_rover_gazebo -- -j8 -l8
[0.979s] DEBUG:colcon.colcon_core.event_handler.log_command:Invoked command in '/home/louise/Development/rover_project/wave_rover_gazebo_ws/build/wave_rover_description' returned '0': CMAKE_PREFIX_PATH=/opt/ros/humble /usr/bin/cmake --build /home/louise/Development/rover_project/wave_rover_gazebo_ws/build/wave_rover_description -- -j8 -l8
[0.987s] DEBUG:colcon.colcon_core.event_handler.log_command:Invoking command in '/home/louise/Development/rover_project/wave_rover_gazebo_ws/build/wave_rover_description': CMAKE_PREFIX_PATH=/opt/ros/humble /usr/bin/cmake --install /home/louise/Development/rover_project/wave_rover_gazebo_ws/build/wave_rover_description
[0.987s] DEBUG:colcon.colcon_core.event_handler.log_command:Invoked command in '/home/louise/Development/rover_project/wave_rover_gazebo_ws/build/wave_rover_gazebo' returned '0': CMAKE_PREFIX_PATH=/opt/ros/humble /usr/bin/cmake --build /home/louise/Development/rover_project/wave_rover_gazebo_ws/build/wave_rover_gazebo -- -j8 -l8
[0.989s] DEBUG:colcon.colcon_core.event_handler.log_command:Invoking command in '/home/louise/Development/rover_project/wave_rover_gazebo_ws/build/wave_rover_gazebo': CMAKE_PREFIX_PATH=/opt/ros/humble /usr/bin/cmake --install /home/louise/Development/rover_project/wave_rover_gazebo_ws/build/wave_rover_gazebo
[1.008s] Level 1:colcon.colcon_core.environment:create_environment_scripts_only(wave_rover_gazebo)
[1.008s] DEBUG:colcon.colcon_core.event_handler.log_command:Invoked command in '/home/louise/Development/rover_project/wave_rover_gazebo_ws/build/wave_rover_gazebo' returned '0': CMAKE_PREFIX_PATH=/opt/ros/humble /usr/bin/cmake --install /home/louise/Development/rover_project/wave_rover_gazebo_ws/build/wave_rover_gazebo
[1.013s] Level 1:colcon.colcon_core.environment:checking '/home/louise/Development/rover_project/wave_rover_gazebo_ws/install/wave_rover_gazebo' for CMake module files
[1.014s] Level 1:colcon.colcon_core.environment:checking '/home/louise/Development/rover_project/wave_rover_gazebo_ws/install/wave_rover_gazebo' for CMake config files
[1.014s] Level 1:colcon.colcon_core.shell:create_environment_hook('wave_rover_gazebo', 'cmake_prefix_path')
[1.015s] INFO:colcon.colcon_core.shell:Creating environment hook '/home/louise/Development/rover_project/wave_rover_gazebo_ws/install/wave_rover_gazebo/share/wave_rover_gazebo/hook/cmake_prefix_path.ps1'
[1.015s] INFO:colcon.colcon_core.shell:Creating environment descriptor '/home/louise/Development/rover_project/wave_rover_gazebo_ws/install/wave_rover_gazebo/share/wave_rover_gazebo/hook/cmake_prefix_path.dsv'
[1.015s] INFO:colcon.colcon_core.shell:Creating environment hook '/home/louise/Development/rover_project/wave_rover_gazebo_ws/install/wave_rover_gazebo/share/wave_rover_gazebo/hook/cmake_prefix_path.sh'
[1.016s] Level 1:colcon.colcon_core.environment:checking '/home/louise/Development/rover_project/wave_rover_gazebo_ws/install/wave_rover_gazebo/bin'
[1.016s] Level 1:colcon.colcon_core.environment:checking '/home/louise/Development/rover_project/wave_rover_gazebo_ws/install/wave_rover_gazebo/lib/pkgconfig/wave_rover_gazebo.pc'
[1.016s] Level 1:colcon.colcon_core.environment:checking '/home/louise/Development/rover_project/wave_rover_gazebo_ws/install/wave_rover_gazebo/lib/python3.10/site-packages'
[1.016s] Level 1:colcon.colcon_core.environment:checking '/home/louise/Development/rover_project/wave_rover_gazebo_ws/install/wave_rover_gazebo/bin'
[1.016s] INFO:colcon.colcon_core.shell:Creating package script '/home/louise/Development/rover_project/wave_rover_gazebo_ws/install/wave_rover_gazebo/share/wave_rover_gazebo/package.ps1'
[1.017s] INFO:colcon.colcon_core.shell:Creating package descriptor '/home/louise/Development/rover_project/wave_rover_gazebo_ws/install/wave_rover_gazebo/share/wave_rover_gazebo/package.dsv'
[1.018s] INFO:colcon.colcon_core.shell:Creating package script '/home/louise/Development/rover_project/wave_rover_gazebo_ws/install/wave_rover_gazebo/share/wave_rover_gazebo/package.sh'
[1.019s] INFO:colcon.colcon_core.shell:Creating package script '/home/louise/Development/rover_project/wave_rover_gazebo_ws/install/wave_rover_gazebo/share/wave_rover_gazebo/package.bash'
[1.020s] INFO:colcon.colcon_core.shell:Creating package script '/home/louise/Development/rover_project/wave_rover_gazebo_ws/install/wave_rover_gazebo/share/wave_rover_gazebo/package.zsh'
[1.021s] Level 1:colcon.colcon_core.environment:create_file_with_runtime_dependencies(/home/louise/Development/rover_project/wave_rover_gazebo_ws/install/wave_rover_gazebo/share/colcon-core/packages/wave_rover_gazebo)
[1.021s] Level 1:colcon.colcon_core.environment:create_environment_scripts_only(wave_rover_gazebo)
[1.021s] Level 1:colcon.colcon_core.environment:checking '/home/louise/Development/rover_project/wave_rover_gazebo_ws/install/wave_rover_gazebo' for CMake module files
[1.022s] Level 1:colcon.colcon_core.environment:checking '/home/louise/Development/rover_project/wave_rover_gazebo_ws/install/wave_rover_gazebo' for CMake config files
[1.022s] Level 1:colcon.colcon_core.shell:create_environment_hook('wave_rover_gazebo', 'cmake_prefix_path')
[1.022s] INFO:colcon.colcon_core.shell:Creating environment hook '/home/louise/Development/rover_project/wave_rover_gazebo_ws/install/wave_rover_gazebo/share/wave_rover_gazebo/hook/cmake_prefix_path.ps1'
[1.022s] INFO:colcon.colcon_core.shell:Creating environment descriptor '/home/louise/Development/rover_project/wave_rover_gazebo_ws/install/wave_rover_gazebo/share/wave_rover_gazebo/hook/cmake_prefix_path.dsv'
[1.023s] INFO:colcon.colcon_core.shell:Creating environment hook '/home/louise/Development/rover_project/wave_rover_gazebo_ws/install/wave_rover_gazebo/share/wave_rover_gazebo/hook/cmake_prefix_path.sh'
[1.023s] Level 1:colcon.colcon_core.environment:checking '/home/louise/Development/rover_project/wave_rover_gazebo_ws/install/wave_rover_gazebo/bin'
[1.023s] Level 1:colcon.colcon_core.environment:checking '/home/louise/Development/rover_project/wave_rover_gazebo_ws/install/wave_rover_gazebo/lib/pkgconfig/wave_rover_gazebo.pc'
[1.023s] Level 1:colcon.colcon_core.environment:checking '/home/louise/Development/rover_project/wave_rover_gazebo_ws/install/wave_rover_gazebo/lib/python3.10/site-packages'
[1.024s] Level 1:colcon.colcon_core.environment:checking '/home/louise/Development/rover_project/wave_rover_gazebo_ws/install/wave_rover_gazebo/bin'
[1.024s] INFO:colcon.colcon_core.shell:Creating package script '/home/louise/Development/rover_project/wave_rover_gazebo_ws/install/wave_rover_gazebo/share/wave_rover_gazebo/package.ps1'
[1.025s] INFO:colcon.colcon_core.shell:Creating package descriptor '/home/louise/Development/rover_project/wave_rover_gazebo_ws/install/wave_rover_gazebo/share/wave_rover_gazebo/package.dsv'
[1.025s] INFO:colcon.colcon_core.shell:Creating package script '/home/louise/Development/rover_project/wave_rover_gazebo_ws/install/wave_rover_gazebo/share/wave_rover_gazebo/package.sh'
[1.026s] INFO:colcon.colcon_core.shell:Creating package script '/home/louise/Development/rover_project/wave_rover_gazebo_ws/install/wave_rover_gazebo/share/wave_rover_gazebo/package.bash'
[1.026s] INFO:colcon.colcon_core.shell:Creating package script '/home/louise/Development/rover_project/wave_rover_gazebo_ws/install/wave_rover_gazebo/share/wave_rover_gazebo/package.zsh'
[1.026s] Level 1:colcon.colcon_core.environment:create_file_with_runtime_dependencies(/home/louise/Development/rover_project/wave_rover_gazebo_ws/install/wave_rover_gazebo/share/colcon-core/packages/wave_rover_gazebo)
[1.028s] Level 1:colcon.colcon_core.environment:create_environment_scripts_only(wave_rover_description)
[1.028s] Level 1:colcon.colcon_core.environment:checking '/home/louise/Development/rover_project/wave_rover_gazebo_ws/install/wave_rover_description' for CMake module files
[1.028s] DEBUG:colcon.colcon_core.event_handler.log_command:Invoked command in '/home/louise/Development/rover_project/wave_rover_gazebo_ws/build/wave_rover_description' returned '0': CMAKE_PREFIX_PATH=/opt/ros/humble /usr/bin/cmake --install /home/louise/Development/rover_project/wave_rover_gazebo_ws/build/wave_rover_description
[1.029s] Level 1:colcon.colcon_core.environment:checking '/home/louise/Development/rover_project/wave_rover_gazebo_ws/install/wave_rover_description' for CMake config files
[1.029s] Level 1:colcon.colcon_core.shell:create_environment_hook('wave_rover_description', 'cmake_prefix_path')
[1.029s] INFO:colcon.colcon_core.shell:Creating environment hook '/home/louise/Development/rover_project/wave_rover_gazebo_ws/install/wave_rover_description/share/wave_rover_description/hook/cmake_prefix_path.ps1'
[1.029s] INFO:colcon.colcon_core.shell:Creating environment descriptor '/home/louise/Development/rover_project/wave_rover_gazebo_ws/install/wave_rover_description/share/wave_rover_description/hook/cmake_prefix_path.dsv'
[1.030s] INFO:colcon.colcon_core.shell:Creating environment hook '/home/louise/Development/rover_project/wave_rover_gazebo_ws/install/wave_rover_description/share/wave_rover_description/hook/cmake_prefix_path.sh'
[1.030s] Level 1:colcon.colcon_core.environment:checking '/home/louise/Development/rover_project/wave_rover_gazebo_ws/install/wave_rover_description/bin'
[1.030s] Level 1:colcon.colcon_core.environment:checking '/home/louise/Development/rover_project/wave_rover_gazebo_ws/install/wave_rover_description/lib/pkgconfig/wave_rover_description.pc'
[1.030s] Level 1:colcon.colcon_core.environment:checking '/home/louise/Development/rover_project/wave_rover_gazebo_ws/install/wave_rover_description/lib/python3.10/site-packages'
[1.030s] Level 1:colcon.colcon_core.environment:checking '/home/louise/Development/rover_project/wave_rover_gazebo_ws/install/wave_rover_description/bin'
[1.030s] INFO:colcon.colcon_core.shell:Creating package script '/home/louise/Development/rover_project/wave_rover_gazebo_ws/install/wave_rover_description/share/wave_rover_description/package.ps1'
[1.031s] INFO:colcon.colcon_core.shell:Creating package descriptor '/home/louise/Development/rover_project/wave_rover_gazebo_ws/install/wave_rover_description/share/wave_rover_description/package.dsv'
[1.031s] INFO:colcon.colcon_core.shell:Creating package script '/home/louise/Development/rover_project/wave_rover_gazebo_ws/install/wave_rover_description/share/wave_rover_description/package.sh'
[1.031s] INFO:colcon.colcon_core.shell:Creating package script '/home/louise/Development/rover_project/wave_rover_gazebo_ws/install/wave_rover_description/share/wave_rover_description/package.bash'
[1.031s] INFO:colcon.colcon_core.shell:Creating package script '/home/louise/Development/rover_project/wave_rover_gazebo_ws/install/wave_rover_description/share/wave_rover_description/package.zsh'
[1.032s] Level 1:colcon.colcon_core.environment:create_file_with_runtime_dependencies(/home/louise/Development/rover_project/wave_rover_gazebo_ws/install/wave_rover_description/share/colcon-core/packages/wave_rover_description)
[1.032s] Level 1:colcon.colcon_core.environment:create_environment_scripts_only(wave_rover_description)
[1.032s] Level 1:colcon.colcon_core.environment:checking '/home/louise/Development/rover_project/wave_rover_gazebo_ws/install/wave_rover_description' for CMake module files
[1.032s] Level 1:colcon.colcon_core.environment:checking '/home/louise/Development/rover_project/wave_rover_gazebo_ws/install/wave_rover_description' for CMake config files
[1.033s] Level 1:colcon.colcon_core.shell:create_environment_hook('wave_rover_description', 'cmake_prefix_path')
[1.033s] INFO:colcon.colcon_core.shell:Creating environment hook '/home/louise/Development/rover_project/wave_rover_gazebo_ws/install/wave_rover_description/share/wave_rover_description/hook/cmake_prefix_path.ps1'
[1.033s] INFO:colcon.colcon_core.shell:Creating environment descriptor '/home/louise/Development/rover_project/wave_rover_gazebo_ws/install/wave_rover_description/share/wave_rover_description/hook/cmake_prefix_path.dsv'
[1.033s] INFO:colcon.colcon_core.shell:Creating environment hook '/home/louise/Development/rover_project/wave_rover_gazebo_ws/install/wave_rover_description/share/wave_rover_description/hook/cmake_prefix_path.sh'
[1.033s] Level 1:colcon.colcon_core.environment:checking '/home/louise/Development/rover_project/wave_rover_gazebo_ws/install/wave_rover_description/bin'
[1.033s] Level 1:colcon.colcon_core.environment:checking '/home/louise/Development/rover_project/wave_rover_gazebo_ws/install/wave_rover_description/lib/pkgconfig/wave_rover_description.pc'
[1.034s] Level 1:colcon.colcon_core.environment:checking '/home/louise/Development/rover_project/wave_rover_gazebo_ws/install/wave_rover_description/lib/python3.10/site-packages'
[1.034s] Level 1:colcon.colcon_core.environment:checking '/home/louise/Development/rover_project/wave_rover_gazebo_ws/install/wave_rover_description/bin'
[1.034s] INFO:colcon.colcon_core.shell:Creating package script '/home/louise/Development/rover_project/wave_rover_gazebo_ws/install/wave_rover_description/share/wave_rover_description/package.ps1'
[1.034s] INFO:colcon.colcon_core.shell:Creating package descriptor '/home/louise/Development/rover_project/wave_rover_gazebo_ws/install/wave_rover_description/share/wave_rover_description/package.dsv'
[1.035s] INFO:colcon.colcon_core.shell:Creating package script '/home/louise/Development/rover_project/wave_rover_gazebo_ws/install/wave_rover_description/share/wave_rover_description/package.sh'
[1.035s] INFO:colcon.colcon_core.shell:Creating package script '/home/louise/Development/rover_project/wave_rover_gazebo_ws/install/wave_rover_description/share/wave_rover_description/package.bash'
[1.035s] INFO:colcon.colcon_core.shell:Creating package script '/home/louise/Development/rover_project/wave_rover_gazebo_ws/install/wave_rover_description/share/wave_rover_description/package.zsh'
[1.035s] Level 1:colcon.colcon_core.environment:create_file_with_runtime_dependencies(/home/louise/Development/rover_project/wave_rover_gazebo_ws/install/wave_rover_description/share/colcon-core/packages/wave_rover_description)
[1.248s] DEBUG:colcon.colcon_core.event_handler.log_command:Invoking command in '/home/louise/Development/rover_project/wave_rover_gazebo_ws/build/test_box_launch': PYTHONPATH=/home/louise/Development/rover_project/wave_rover_gazebo_ws/build/test_box_launch/prefix_override:/usr/lib/python3/dist-packages/colcon_core/task/python/colcon_distutils_commands:/home/louise/Development/rover_project/wave_rover_gazebo_ws/install/test_box_launch/lib/python3.10/site-packages:${PYTHONPATH} /usr/bin/python3 -W ignore:setup.py install is deprecated -W ignore:easy_install command is deprecated setup.py develop --editable --build-directory /home/louise/Development/rover_project/wave_rover_gazebo_ws/build/test_box_launch/build --no-deps symlink_data
[1.249s] DEBUG:colcon.colcon_core.event_handler.log_command:Invoking command in '/home/louise/Development/rover_project/wave_rover_gazebo_ws/build/launch_sim': PYTHONPATH=/home/louise/Development/rover_project/wave_rover_gazebo_ws/build/launch_sim/prefix_override:/usr/lib/python3/dist-packages/colcon_core/task/python/colcon_distutils_commands:/home/louise/Development/rover_project/wave_rover_gazebo_ws/install/launch_sim/lib/python3.10/site-packages:${PYTHONPATH} /usr/bin/python3 -W ignore:setup.py install is deprecated -W ignore:easy_install command is deprecated setup.py develop --editable --build-directory /home/louise/Development/rover_project/wave_rover_gazebo_ws/build/launch_sim/build --no-deps symlink_data
[1.579s] Level 1:colcon.colcon_core.shell:create_environment_hook('test_box_launch', 'pythonpath_develop')
[1.579s] INFO:colcon.colcon_core.shell:Creating environment hook '/home/louise/Development/rover_project/wave_rover_gazebo_ws/build/test_box_launch/share/test_box_launch/hook/pythonpath_develop.ps1'
[1.579s] DEBUG:colcon.colcon_core.event_handler.log_command:Invoked command in '/home/louise/Development/rover_project/wave_rover_gazebo_ws/build/test_box_launch' returned '0': PYTHONPATH=/home/louise/Development/rover_project/wave_rover_gazebo_ws/build/test_box_launch/prefix_override:/usr/lib/python3/dist-packages/colcon_core/task/python/colcon_distutils_commands:/home/louise/Development/rover_project/wave_rover_gazebo_ws/install/test_box_launch/lib/python3.10/site-packages:${PYTHONPATH} /usr/bin/python3 -W ignore:setup.py install is deprecated -W ignore:easy_install command is deprecated setup.py develop --editable --build-directory /home/louise/Development/rover_project/wave_rover_gazebo_ws/build/test_box_launch/build --no-deps symlink_data
[1.580s] INFO:colcon.colcon_core.shell:Creating environment descriptor '/home/louise/Development/rover_project/wave_rover_gazebo_ws/build/test_box_launch/share/test_box_launch/hook/pythonpath_develop.dsv'
[1.580s] INFO:colcon.colcon_core.shell:Creating environment hook '/home/louise/Development/rover_project/wave_rover_gazebo_ws/build/test_box_launch/share/test_box_launch/hook/pythonpath_develop.sh'
[1.581s] Level 1:colcon.colcon_core.environment:checking '/home/louise/Development/rover_project/wave_rover_gazebo_ws/install/test_box_launch' for CMake module files
[1.581s] Level 1:colcon.colcon_core.environment:checking '/home/louise/Development/rover_project/wave_rover_gazebo_ws/install/test_box_launch' for CMake config files
[1.581s] Level 1:colcon.colcon_core.environment:checking '/home/louise/Development/rover_project/wave_rover_gazebo_ws/install/test_box_launch/lib'
[1.581s] Level 1:colcon.colcon_core.environment:checking '/home/louise/Development/rover_project/wave_rover_gazebo_ws/install/test_box_launch/bin'
[1.581s] Level 1:colcon.colcon_core.environment:checking '/home/louise/Development/rover_project/wave_rover_gazebo_ws/install/test_box_launch/lib/pkgconfig/test_box_launch.pc'
[1.581s] Level 1:colcon.colcon_core.environment:checking '/home/louise/Development/rover_project/wave_rover_gazebo_ws/install/test_box_launch/lib/python3.10/site-packages'
[1.581s] Level 1:colcon.colcon_core.shell:create_environment_hook('test_box_launch', 'pythonpath')
[1.582s] INFO:colcon.colcon_core.shell:Creating environment hook '/home/louise/Development/rover_project/wave_rover_gazebo_ws/install/test_box_launch/share/test_box_launch/hook/pythonpath.ps1'
[1.582s] INFO:colcon.colcon_core.shell:Creating environment descriptor '/home/louise/Development/rover_project/wave_rover_gazebo_ws/install/test_box_launch/share/test_box_launch/hook/pythonpath.dsv'
[1.582s] INFO:colcon.colcon_core.shell:Creating environment hook '/home/louise/Development/rover_project/wave_rover_gazebo_ws/install/test_box_launch/share/test_box_launch/hook/pythonpath.sh'
[1.582s] Level 1:colcon.colcon_core.environment:checking '/home/louise/Development/rover_project/wave_rover_gazebo_ws/install/test_box_launch/bin'
[1.582s] Level 1:colcon.colcon_core.environment:create_environment_scripts_only(test_box_launch)
[1.583s] INFO:colcon.colcon_core.shell:Creating package script '/home/louise/Development/rover_project/wave_rover_gazebo_ws/install/test_box_launch/share/test_box_launch/package.ps1'
[1.583s] INFO:colcon.colcon_core.shell:Creating package descriptor '/home/louise/Development/rover_project/wave_rover_gazebo_ws/install/test_box_launch/share/test_box_launch/package.dsv'
[1.583s] INFO:colcon.colcon_core.shell:Creating package script '/home/louise/Development/rover_project/wave_rover_gazebo_ws/install/test_box_launch/share/test_box_launch/package.sh'
[1.584s] INFO:colcon.colcon_core.shell:Creating package script '/home/louise/Development/rover_project/wave_rover_gazebo_ws/install/test_box_launch/share/test_box_launch/package.bash'
[1.584s] INFO:colcon.colcon_core.shell:Creating package script '/home/louise/Development/rover_project/wave_rover_gazebo_ws/install/test_box_launch/share/test_box_launch/package.zsh'
[1.584s] Level 1:colcon.colcon_core.environment:create_file_with_runtime_dependencies(/home/louise/Development/rover_project/wave_rover_gazebo_ws/install/test_box_launch/share/colcon-core/packages/test_box_launch)
[1.585s] Level 1:colcon.colcon_core.shell:create_environment_hook('launch_sim', 'pythonpath_develop')
[1.585s] INFO:colcon.colcon_core.shell:Creating environment hook '/home/louise/Development/rover_project/wave_rover_gazebo_ws/build/launch_sim/share/launch_sim/hook/pythonpath_develop.ps1'
[1.585s] DEBUG:colcon.colcon_core.event_handler.log_command:Invoked command in '/home/louise/Development/rover_project/wave_rover_gazebo_ws/build/launch_sim' returned '0': PYTHONPATH=/home/louise/Development/rover_project/wave_rover_gazebo_ws/build/launch_sim/prefix_override:/usr/lib/python3/dist-packages/colcon_core/task/python/colcon_distutils_commands:/home/louise/Development/rover_project/wave_rover_gazebo_ws/install/launch_sim/lib/python3.10/site-packages:${PYTHONPATH} /usr/bin/python3 -W ignore:setup.py install is deprecated -W ignore:easy_install command is deprecated setup.py develop --editable --build-directory /home/louise/Development/rover_project/wave_rover_gazebo_ws/build/launch_sim/build --no-deps symlink_data
[1.585s] INFO:colcon.colcon_core.shell:Creating environment descriptor '/home/louise/Development/rover_project/wave_rover_gazebo_ws/build/launch_sim/share/launch_sim/hook/pythonpath_develop.dsv'
[1.586s] INFO:colcon.colcon_core.shell:Creating environment hook '/home/louise/Development/rover_project/wave_rover_gazebo_ws/build/launch_sim/share/launch_sim/hook/pythonpath_develop.sh'
[1.586s] Level 1:colcon.colcon_core.environment:checking '/home/louise/Development/rover_project/wave_rover_gazebo_ws/install/launch_sim' for CMake module files
[1.586s] Level 1:colcon.colcon_core.environment:checking '/home/louise/Development/rover_project/wave_rover_gazebo_ws/install/launch_sim' for CMake config files
[1.586s] Level 1:colcon.colcon_core.environment:checking '/home/louise/Development/rover_project/wave_rover_gazebo_ws/install/launch_sim/lib'
[1.587s] Level 1:colcon.colcon_core.environment:checking '/home/louise/Development/rover_project/wave_rover_gazebo_ws/install/launch_sim/bin'
[1.587s] Level 1:colcon.colcon_core.environment:checking '/home/louise/Development/rover_project/wave_rover_gazebo_ws/install/launch_sim/lib/pkgconfig/launch_sim.pc'
[1.587s] Level 1:colcon.colcon_core.environment:checking '/home/louise/Development/rover_project/wave_rover_gazebo_ws/install/launch_sim/lib/python3.10/site-packages'
[1.587s] Level 1:colcon.colcon_core.shell:create_environment_hook('launch_sim', 'pythonpath')
[1.587s] INFO:colcon.colcon_core.shell:Creating environment hook '/home/louise/Development/rover_project/wave_rover_gazebo_ws/install/launch_sim/share/launch_sim/hook/pythonpath.ps1'
[1.587s] INFO:colcon.colcon_core.shell:Creating environment descriptor '/home/louise/Development/rover_project/wave_rover_gazebo_ws/install/launch_sim/share/launch_sim/hook/pythonpath.dsv'
[1.587s] INFO:colcon.colcon_core.shell:Creating environment hook '/home/louise/Development/rover_project/wave_rover_gazebo_ws/install/launch_sim/share/launch_sim/hook/pythonpath.sh'
[1.588s] Level 1:colcon.colcon_core.environment:checking '/home/louise/Development/rover_project/wave_rover_gazebo_ws/install/launch_sim/bin'
[1.588s] Level 1:colcon.colcon_core.environment:create_environment_scripts_only(launch_sim)
[1.588s] INFO:colcon.colcon_core.shell:Creating package script '/home/louise/Development/rover_project/wave_rover_gazebo_ws/install/launch_sim/share/launch_sim/package.ps1'
[1.588s] INFO:colcon.colcon_core.shell:Creating package descriptor '/home/louise/Development/rover_project/wave_rover_gazebo_ws/install/launch_sim/share/launch_sim/package.dsv'
[1.589s] INFO:colcon.colcon_core.shell:Creating package script '/home/louise/Development/rover_project/wave_rover_gazebo_ws/install/launch_sim/share/launch_sim/package.sh'
[1.589s] INFO:colcon.colcon_core.shell:Creating package script '/home/louise/Development/rover_project/wave_rover_gazebo_ws/install/launch_sim/share/launch_sim/package.bash'
[1.589s] INFO:colcon.colcon_core.shell:Creating package script '/home/louise/Development/rover_project/wave_rover_gazebo_ws/install/launch_sim/share/launch_sim/package.zsh'
[1.589s] Level 1:colcon.colcon_core.environment:create_file_with_runtime_dependencies(/home/louise/Development/rover_project/wave_rover_gazebo_ws/install/launch_sim/share/colcon-core/packages/launch_sim)
[1.589s] DEBUG:colcon.colcon_parallel_executor.executor.parallel:closing loop
[1.590s] DEBUG:colcon.colcon_parallel_executor.executor.parallel:loop closed
[1.590s] DEBUG:colcon.colcon_parallel_executor.executor.parallel:run_until_complete finished with '0'
[1.590s] DEBUG:colcon.colcon_core.event_reactor:joining thread
[1.597s] INFO:colcon.colcon_core.plugin_system:Skipping extension 'colcon_notification.desktop_notification.terminal_notifier': Not used on non-Darwin systems
[1.597s] INFO:colcon.colcon_core.plugin_system:Skipping extension 'colcon_notification.desktop_notification.win32': Not used on non-Windows systems
[1.597s] INFO:colcon.colcon_notification.desktop_notification:Sending desktop notification using 'notify2'
[1.605s] DEBUG:colcon.colcon_core.event_reactor:joined thread
[1.606s] INFO:colcon.colcon_core.shell:Creating prefix script '/home/louise/Development/rover_project/wave_rover_gazebo_ws/install/local_setup.ps1'
[1.607s] INFO:colcon.colcon_core.shell:Creating prefix util module '/home/louise/Development/rover_project/wave_rover_gazebo_ws/install/_local_setup_util_ps1.py'
[1.608s] INFO:colcon.colcon_core.shell:Creating prefix chain script '/home/louise/Development/rover_project/wave_rover_gazebo_ws/install/setup.ps1'
[1.609s] INFO:colcon.colcon_core.shell:Creating prefix script '/home/louise/Development/rover_project/wave_rover_gazebo_ws/install/local_setup.sh'
[1.609s] INFO:colcon.colcon_core.shell:Creating prefix util module '/home/louise/Development/rover_project/wave_rover_gazebo_ws/install/_local_setup_util_sh.py'
[1.609s] INFO:colcon.colcon_core.shell:Creating prefix chain script '/home/louise/Development/rover_project/wave_rover_gazebo_ws/install/setup.sh'
[1.610s] INFO:colcon.colcon_core.shell:Creating prefix script '/home/louise/Development/rover_project/wave_rover_gazebo_ws/install/local_setup.bash'
[1.611s] INFO:colcon.colcon_core.shell:Creating prefix chain script '/home/louise/Development/rover_project/wave_rover_gazebo_ws/install/setup.bash'
[1.611s] INFO:colcon.colcon_core.shell:Creating prefix script '/home/louise/Development/rover_project/wave_rover_gazebo_ws/install/local_setup.zsh'
[1.612s] INFO:colcon.colcon_core.shell:Creating prefix chain script '/home/louise/Development/rover_project/wave_rover_gazebo_ws/install/setup.zsh'
