[0.008s] Invoking command in '/home/louise/Development/rover_project/rover_project_gazebo_ws/build/wave_rover_gazebo': CMAKE_PREFIX_PATH=${CMAKE_PREFIX_PATH}:/opt/ros/humble /usr/bin/cmake --build /home/louise/Development/rover_project/rover_project_gazebo_ws/build/wave_rover_gazebo -- -j8 -l8
[0.038s] Invoked command in '/home/louise/Development/rover_project/rover_project_gazebo_ws/build/wave_rover_gazebo' returned '0': CMAKE_PREFIX_PATH=${CMAKE_PREFIX_PATH}:/opt/ros/humble /usr/bin/cmake --build /home/louise/Development/rover_project/rover_project_gazebo_ws/build/wave_rover_gazebo -- -j8 -l8
[0.039s] Invoking command in '/home/louise/Development/rover_project/rover_project_gazebo_ws/build/wave_rover_gazebo': CMAKE_PREFIX_PATH=${CMAKE_PREFIX_PATH}:/opt/ros/humble /usr/bin/cmake --install /home/louise/Development/rover_project/rover_project_gazebo_ws/build/wave_rover_gazebo
[0.044s] -- Install configuration: ""
[0.044s] -- Execute custom install script
[0.044s] -- Up-to-date symlink: /home/louise/Development/rover_project/rover_project_gazebo_ws/install/wave_rover_gazebo/share/ament_index/resource_index/package_run_dependencies/wave_rover_gazebo
[0.045s] -- Up-to-date symlink: /home/louise/Development/rover_project/rover_project_gazebo_ws/install/wave_rover_gazebo/share/ament_index/resource_index/parent_prefix_path/wave_rover_gazebo
[0.045s] -- Up-to-date symlink: /home/louise/Development/rover_project/rover_project_gazebo_ws/install/wave_rover_gazebo/share/wave_rover_gazebo/environment/ament_prefix_path.sh
[0.045s] -- Up-to-date symlink: /home/louise/Development/rover_project/rover_project_gazebo_ws/install/wave_rover_gazebo/share/wave_rover_gazebo/environment/ament_prefix_path.dsv
[0.045s] -- Up-to-date symlink: /home/louise/Development/rover_project/rover_project_gazebo_ws/install/wave_rover_gazebo/share/wave_rover_gazebo/environment/path.sh
[0.045s] -- Up-to-date symlink: /home/louise/Development/rover_project/rover_project_gazebo_ws/install/wave_rover_gazebo/share/wave_rover_gazebo/environment/path.dsv
[0.045s] -- Up-to-date symlink: /home/louise/Development/rover_project/rover_project_gazebo_ws/install/wave_rover_gazebo/share/wave_rover_gazebo/local_setup.bash
[0.045s] -- Up-to-date symlink: /home/louise/Development/rover_project/rover_project_gazebo_ws/install/wave_rover_gazebo/share/wave_rover_gazebo/local_setup.sh
[0.045s] -- Up-to-date symlink: /home/louise/Development/rover_project/rover_project_gazebo_ws/install/wave_rover_gazebo/share/wave_rover_gazebo/local_setup.zsh
[0.045s] -- Up-to-date symlink: /home/louise/Development/rover_project/rover_project_gazebo_ws/install/wave_rover_gazebo/share/wave_rover_gazebo/local_setup.dsv
[0.045s] -- Symlinking: /home/louise/Development/rover_project/rover_project_gazebo_ws/install/wave_rover_gazebo/share/wave_rover_gazebo/package.dsv
[0.051s] -- Up-to-date symlink: /home/louise/Development/rover_project/rover_project_gazebo_ws/install/wave_rover_gazebo/share/ament_index/resource_index/packages/wave_rover_gazebo
[0.051s] -- Up-to-date symlink: /home/louise/Development/rover_project/rover_project_gazebo_ws/install/wave_rover_gazebo/share/wave_rover_gazebo/cmake/wave_rover_gazeboConfig.cmake
[0.051s] -- Up-to-date symlink: /home/louise/Development/rover_project/rover_project_gazebo_ws/install/wave_rover_gazebo/share/wave_rover_gazebo/cmake/wave_rover_gazeboConfig-version.cmake
[0.051s] -- Up-to-date symlink: /home/louise/Development/rover_project/rover_project_gazebo_ws/install/wave_rover_gazebo/share/wave_rover_gazebo/package.xml
[0.063s] Invoked command in '/home/louise/Development/rover_project/rover_project_gazebo_ws/build/wave_rover_gazebo' returned '0': CMAKE_PREFIX_PATH=${CMAKE_PREFIX_PATH}:/opt/ros/humble /usr/bin/cmake --install /home/louise/Development/rover_project/rover_project_gazebo_ws/build/wave_rover_gazebo
