running develop
running egg_info
creating launch_sim.egg-info
writing launch_sim.egg-info/PKG-INFO
writing dependency_links to launch_sim.egg-info/dependency_links.txt
writing entry points to launch_sim.egg-info/entry_points.txt
writing requirements to launch_sim.egg-info/requires.txt
writing top-level names to launch_sim.egg-info/top_level.txt
writing manifest file 'launch_sim.egg-info/SOURCES.txt'
reading manifest file 'launch_sim.egg-info/SOURCES.txt'
writing manifest file 'launch_sim.egg-info/SOURCES.txt'
running build_ext
Creating /home/louise/Development/rover_project/wave_rover_gazebo_ws/install/launch_sim/lib/python3.10/site-packages/launch-sim.egg-link (link to .)

Installed /home/louise/Development/rover_project/wave_rover_gazebo_ws/build/launch_sim
running symlink_data
creating /home/louise/Development/rover_project/wave_rover_gazebo_ws/install/launch_sim/share/ament_index
creating /home/louise/Development/rover_project/wave_rover_gazebo_ws/install/launch_sim/share/ament_index/resource_index
creating /home/louise/Development/rover_project/wave_rover_gazebo_ws/install/launch_sim/share/ament_index/resource_index/packages
symbolically linking /home/louise/Development/rover_project/wave_rover_gazebo_ws/build/launch_sim/resource/launch_sim -> /home/louise/Development/rover_project/wave_rover_gazebo_ws/install/launch_sim/share/ament_index/resource_index/packages
symbolically linking /home/louise/Development/rover_project/wave_rover_gazebo_ws/build/launch_sim/package.xml -> /home/louise/Development/rover_project/wave_rover_gazebo_ws/install/launch_sim/share/launch_sim
creating /home/louise/Development/rover_project/wave_rover_gazebo_ws/install/launch_sim/share/launch_sim/launch
symbolically linking /home/louise/Development/rover_project/wave_rover_gazebo_ws/build/launch_sim/launch/simulator.launch.py -> /home/louise/Development/rover_project/wave_rover_gazebo_ws/install/launch_sim/share/launch_sim/launch
symbolically linking /home/louise/Development/rover_project/wave_rover_gazebo_ws/build/launch_sim/launch/sim.launch.py -> /home/louise/Development/rover_project/wave_rover_gazebo_ws/install/launch_sim/share/launch_sim/launch
