[0.800s] Invoking command in '/home/louise/Development/rover_project/wave_rover_gazebo_ws/build/launch_sim': PYTHONPATH=/home/louise/Development/rover_project/wave_rover_gazebo_ws/build/launch_sim/prefix_override:/usr/lib/python3/dist-packages/colcon_core/task/python/colcon_distutils_commands:/home/louise/Development/rover_project/wave_rover_gazebo_ws/install/launch_sim/lib/python3.10/site-packages:${PYTHONPATH} /usr/bin/python3 -W ignore:setup.py install is deprecated -W ignore:easy_install command is deprecated setup.py develop --editable --build-directory /home/louise/Development/rover_project/wave_rover_gazebo_ws/build/launch_sim/build --no-deps symlink_data
[1.021s] running develop
[1.182s] running egg_info
[1.182s] creating launch_sim.egg-info
[1.182s] writing launch_sim.egg-info/PKG-INFO
[1.182s] writing dependency_links to launch_sim.egg-info/dependency_links.txt
[1.182s] writing entry points to launch_sim.egg-info/entry_points.txt
[1.182s] writing requirements to launch_sim.egg-info/requires.txt
[1.182s] writing top-level names to launch_sim.egg-info/top_level.txt
[1.183s] writing manifest file 'launch_sim.egg-info/SOURCES.txt'
[1.184s] reading manifest file 'launch_sim.egg-info/SOURCES.txt'
[1.184s] writing manifest file 'launch_sim.egg-info/SOURCES.txt'
[1.185s] running build_ext
[1.186s] Creating /home/louise/Development/rover_project/wave_rover_gazebo_ws/install/launch_sim/lib/python3.10/site-packages/launch-sim.egg-link (link to .)
[1.186s] 
[1.186s] Installed /home/louise/Development/rover_project/wave_rover_gazebo_ws/build/launch_sim
[1.186s] running symlink_data
[1.187s] creating /home/louise/Development/rover_project/wave_rover_gazebo_ws/install/launch_sim/share/ament_index
[1.187s] creating /home/louise/Development/rover_project/wave_rover_gazebo_ws/install/launch_sim/share/ament_index/resource_index
[1.187s] creating /home/louise/Development/rover_project/wave_rover_gazebo_ws/install/launch_sim/share/ament_index/resource_index/packages
[1.187s] symbolically linking /home/louise/Development/rover_project/wave_rover_gazebo_ws/build/launch_sim/resource/launch_sim -> /home/louise/Development/rover_project/wave_rover_gazebo_ws/install/launch_sim/share/ament_index/resource_index/packages
[1.187s] symbolically linking /home/louise/Development/rover_project/wave_rover_gazebo_ws/build/launch_sim/package.xml -> /home/louise/Development/rover_project/wave_rover_gazebo_ws/install/launch_sim/share/launch_sim
[1.187s] creating /home/louise/Development/rover_project/wave_rover_gazebo_ws/install/launch_sim/share/launch_sim/launch
[1.187s] symbolically linking /home/louise/Development/rover_project/wave_rover_gazebo_ws/build/launch_sim/launch/simulator.launch.py -> /home/louise/Development/rover_project/wave_rover_gazebo_ws/install/launch_sim/share/launch_sim/launch
[1.187s] symbolically linking /home/louise/Development/rover_project/wave_rover_gazebo_ws/build/launch_sim/launch/sim.launch.py -> /home/louise/Development/rover_project/wave_rover_gazebo_ws/install/launch_sim/share/launch_sim/launch
[1.209s] Invoked command in '/home/louise/Development/rover_project/wave_rover_gazebo_ws/build/launch_sim' returned '0': PYTHONPATH=/home/louise/Development/rover_project/wave_rover_gazebo_ws/build/launch_sim/prefix_override:/usr/lib/python3/dist-packages/colcon_core/task/python/colcon_distutils_commands:/home/louise/Development/rover_project/wave_rover_gazebo_ws/install/launch_sim/lib/python3.10/site-packages:${PYTHONPATH} /usr/bin/python3 -W ignore:setup.py install is deprecated -W ignore:easy_install command is deprecated setup.py develop --editable --build-directory /home/louise/Development/rover_project/wave_rover_gazebo_ws/build/launch_sim/build --no-deps symlink_data
