[0.008s] Invoking command in '/home/louise/Development/rover_project_gazebo/build/wave_rover_gazebo': CMAKE_PREFIX_PATH=/opt/ros/humble /usr/bin/cmake /home/louise/Development/rover_project_gazebo/src/wave_rover_gazebo -DAMENT_CMAKE_SYMLINK_INSTALL=1 -DCMAKE_INSTALL_PREFIX=/home/louise/Development/rover_project_gazebo/install/wave_rover_gazebo
[0.043s] -- The C compiler identification is GNU 11.4.0
[0.084s] -- The CXX compiler identification is GNU 11.4.0
[0.090s] -- Detecting C compiler ABI info
[0.140s] -- Detecting C compiler ABI info - done
[0.146s] -- Check for working C compiler: /usr/bin/cc - skipped
[0.146s] -- Detecting C compile features
[0.146s] -- Detecting C compile features - done
[0.148s] -- Detecting CXX compiler ABI info
[0.201s] -- Detecting CXX compiler ABI info - done
[0.206s] -- Check for working CXX compiler: /usr/bin/c++ - skipped
[0.206s] -- Detecting CXX compile features
[0.206s] -- Detecting CXX compile features - done
[0.208s] -- Found ament_cmake: 1.3.11 (/opt/ros/humble/share/ament_cmake/cmake)
[0.314s] -- Found Python3: /usr/bin/python3 (found version "3.10.12") found components: Interpreter 
[0.359s] -- Override CMake install command with custom implementation using symlinks instead of copying resources
[0.374s] -- Found ament_lint_auto: 0.12.12 (/opt/ros/humble/share/ament_lint_auto/cmake)
[0.427s] -- Added test 'lint_cmake' to check CMake code style
[0.427s] -- Added test 'xmllint' to check XML markup files
[0.428s] -- Configuring done
[0.429s] -- Generating done
[0.430s] -- Build files have been written to: /home/louise/Development/rover_project_gazebo/build/wave_rover_gazebo
