[0.007s] Invoking command in '/home/louise/Development/rover_project/rover_project_gazebo_ws/build/wave_rover_description': CMAKE_PREFIX_PATH=${CMAKE_PREFIX_PATH}:/opt/ros/humble /usr/bin/cmake /home/louise/Development/rover_project/rover_project_gazebo_ws/src/wave_rover_description -DAMENT_CMAKE_SYMLINK_INSTALL=1 -DCMAKE_INSTALL_PREFIX=/home/louise/Development/rover_project/rover_project_gazebo_ws/install/wave_rover_description
[0.046s] -- The C compiler identification is GNU 11.4.0
[0.083s] -- The CXX compiler identification is GNU 11.4.0
[0.088s] -- Detecting C compiler ABI info
[0.133s] -- Detecting C compiler ABI info - done
[0.140s] -- Check for working C compiler: /usr/bin/cc - skipped
[0.140s] -- Detecting C compile features
[0.140s] -- Detecting C compile features - done
[0.143s] -- Detecting CXX compiler ABI info
[0.195s] -- Detecting CXX compiler ABI info - done
[0.205s] -- Check for working CXX compiler: /usr/bin/c++ - skipped
[0.206s] -- Detecting CXX compile features
[0.206s] -- Detecting CXX compile features - done
[0.208s] -- Found ament_cmake: 1.3.11 (/opt/ros/humble/share/ament_cmake/cmake)
[0.310s] -- Found Python3: /usr/bin/python3 (found version "3.10.12") found components: Interpreter 
[0.358s] -- Override CMake install command with custom implementation using symlinks instead of copying resources
[0.380s] -- Found ament_lint_auto: 0.12.12 (/opt/ros/humble/share/ament_lint_auto/cmake)
[0.442s] -- Added test 'lint_cmake' to check CMake code style
[0.444s] -- Added test 'xmllint' to check XML markup files
[0.444s] -- Configuring done
[0.446s] -- Generating done
[0.447s] -- Build files have been written to: /home/louise/Development/rover_project/rover_project_gazebo_ws/build/wave_rover_description
[0.450s] Invoked command in '/home/louise/Development/rover_project/rover_project_gazebo_ws/build/wave_rover_description' returned '0': CMAKE_PREFIX_PATH=${CMAKE_PREFIX_PATH}:/opt/ros/humble /usr/bin/cmake /home/louise/Development/rover_project/rover_project_gazebo_ws/src/wave_rover_description -DAMENT_CMAKE_SYMLINK_INSTALL=1 -DCMAKE_INSTALL_PREFIX=/home/louise/Development/rover_project/rover_project_gazebo_ws/install/wave_rover_description
[0.451s] Invoking command in '/home/louise/Development/rover_project/rover_project_gazebo_ws/build/wave_rover_description': CMAKE_PREFIX_PATH=${CMAKE_PREFIX_PATH}:/opt/ros/humble /usr/bin/cmake --build /home/louise/Development/rover_project/rover_project_gazebo_ws/build/wave_rover_description -- -j8 -l8
[0.477s] Invoked command in '/home/louise/Development/rover_project/rover_project_gazebo_ws/build/wave_rover_description' returned '0': CMAKE_PREFIX_PATH=${CMAKE_PREFIX_PATH}:/opt/ros/humble /usr/bin/cmake --build /home/louise/Development/rover_project/rover_project_gazebo_ws/build/wave_rover_description -- -j8 -l8
[0.478s] Invoking command in '/home/louise/Development/rover_project/rover_project_gazebo_ws/build/wave_rover_description': CMAKE_PREFIX_PATH=${CMAKE_PREFIX_PATH}:/opt/ros/humble /usr/bin/cmake --install /home/louise/Development/rover_project/rover_project_gazebo_ws/build/wave_rover_description
[0.482s] -- Install configuration: ""
[0.483s] -- Execute custom install script
[0.483s] -- Symlinking: /home/louise/Development/rover_project/rover_project_gazebo_ws/install/wave_rover_description/share/wave_rover_description/meshes/d435.dae
[0.489s] -- Symlinking: /home/louise/Development/rover_project/rover_project_gazebo_ws/install/wave_rover_description/share/wave_rover_description/meshes/realsense_bracket.stl
[0.494s] -- Symlinking: /home/louise/Development/rover_project/rover_project_gazebo_ws/install/wave_rover_description/share/wave_rover_description/meshes/wave_rover_model.stl
[0.500s] -- Symlinking: /home/louise/Development/rover_project/rover_project_gazebo_ws/install/wave_rover_description/share/wave_rover_description/urdf/wave_rover.urdf.xacro
[0.506s] -- Symlinking: /home/louise/Development/rover_project/rover_project_gazebo_ws/install/wave_rover_description/share/ament_index/resource_index/package_run_dependencies/wave_rover_description
[0.512s] -- Symlinking: /home/louise/Development/rover_project/rover_project_gazebo_ws/install/wave_rover_description/share/ament_index/resource_index/parent_prefix_path/wave_rover_description
[0.518s] -- Symlinking: /home/louise/Development/rover_project/rover_project_gazebo_ws/install/wave_rover_description/share/wave_rover_description/environment/ament_prefix_path.sh
[0.524s] -- Symlinking: /home/louise/Development/rover_project/rover_project_gazebo_ws/install/wave_rover_description/share/wave_rover_description/environment/ament_prefix_path.dsv
[0.530s] -- Symlinking: /home/louise/Development/rover_project/rover_project_gazebo_ws/install/wave_rover_description/share/wave_rover_description/environment/path.sh
[0.536s] -- Symlinking: /home/louise/Development/rover_project/rover_project_gazebo_ws/install/wave_rover_description/share/wave_rover_description/environment/path.dsv
[0.542s] -- Symlinking: /home/louise/Development/rover_project/rover_project_gazebo_ws/install/wave_rover_description/share/wave_rover_description/local_setup.bash
[0.548s] -- Symlinking: /home/louise/Development/rover_project/rover_project_gazebo_ws/install/wave_rover_description/share/wave_rover_description/local_setup.sh
[0.554s] -- Symlinking: /home/louise/Development/rover_project/rover_project_gazebo_ws/install/wave_rover_description/share/wave_rover_description/local_setup.zsh
[0.560s] -- Symlinking: /home/louise/Development/rover_project/rover_project_gazebo_ws/install/wave_rover_description/share/wave_rover_description/local_setup.dsv
[0.566s] -- Symlinking: /home/louise/Development/rover_project/rover_project_gazebo_ws/install/wave_rover_description/share/wave_rover_description/package.dsv
[0.572s] -- Symlinking: /home/louise/Development/rover_project/rover_project_gazebo_ws/install/wave_rover_description/share/ament_index/resource_index/packages/wave_rover_description
[0.578s] -- Symlinking: /home/louise/Development/rover_project/rover_project_gazebo_ws/install/wave_rover_description/share/wave_rover_description/cmake/wave_rover_descriptionConfig.cmake
[0.584s] -- Symlinking: /home/louise/Development/rover_project/rover_project_gazebo_ws/install/wave_rover_description/share/wave_rover_description/cmake/wave_rover_descriptionConfig-version.cmake
[0.590s] -- Symlinking: /home/louise/Development/rover_project/rover_project_gazebo_ws/install/wave_rover_description/share/wave_rover_description/package.xml
[0.597s] Invoked command in '/home/louise/Development/rover_project/rover_project_gazebo_ws/build/wave_rover_description' returned '0': CMAKE_PREFIX_PATH=${CMAKE_PREFIX_PATH}:/opt/ros/humble /usr/bin/cmake --install /home/louise/Development/rover_project/rover_project_gazebo_ws/build/wave_rover_description
