[0.009s] Invoking command in '/home/louise/Development/rover_project/rover_project_gazebo_ws/build/wave_rover_description': CMAKE_PREFIX_PATH=${CMAKE_PREFIX_PATH}:/opt/ros/humble /usr/bin/cmake --build /home/louise/Development/rover_project/rover_project_gazebo_ws/build/wave_rover_description -- -j8 -l8
[0.036s] Invoked command in '/home/louise/Development/rover_project/rover_project_gazebo_ws/build/wave_rover_description' returned '0': CMAKE_PREFIX_PATH=${CMAKE_PREFIX_PATH}:/opt/ros/humble /usr/bin/cmake --build /home/louise/Development/rover_project/rover_project_gazebo_ws/build/wave_rover_description -- -j8 -l8
[0.043s] Invoking command in '/home/louise/Development/rover_project/rover_project_gazebo_ws/build/wave_rover_description': CMAKE_PREFIX_PATH=${CMAKE_PREFIX_PATH}:/opt/ros/humble /usr/bin/cmake --install /home/louise/Development/rover_project/rover_project_gazebo_ws/build/wave_rover_description
[0.048s] -- Install configuration: ""
[0.048s] -- Execute custom install script
[0.048s] -- Up-to-date symlink: /home/louise/Development/rover_project/rover_project_gazebo_ws/install/wave_rover_description/share/wave_rover_description/meshes/d435.dae
[0.049s] -- Up-to-date symlink: /home/louise/Development/rover_project/rover_project_gazebo_ws/install/wave_rover_description/share/wave_rover_description/meshes/realsense_bracket.stl
[0.049s] -- Up-to-date symlink: /home/louise/Development/rover_project/rover_project_gazebo_ws/install/wave_rover_description/share/wave_rover_description/meshes/wave_rover_model.stl
[0.049s] -- Up-to-date symlink: /home/louise/Development/rover_project/rover_project_gazebo_ws/install/wave_rover_description/share/wave_rover_description/urdf/wave_rover.urdf.xacro
[0.049s] -- Up-to-date symlink: /home/louise/Development/rover_project/rover_project_gazebo_ws/install/wave_rover_description/share/ament_index/resource_index/package_run_dependencies/wave_rover_description
[0.049s] -- Up-to-date symlink: /home/louise/Development/rover_project/rover_project_gazebo_ws/install/wave_rover_description/share/ament_index/resource_index/parent_prefix_path/wave_rover_description
[0.049s] -- Up-to-date symlink: /home/louise/Development/rover_project/rover_project_gazebo_ws/install/wave_rover_description/share/wave_rover_description/environment/ament_prefix_path.sh
[0.050s] -- Up-to-date symlink: /home/louise/Development/rover_project/rover_project_gazebo_ws/install/wave_rover_description/share/wave_rover_description/environment/ament_prefix_path.dsv
[0.050s] -- Up-to-date symlink: /home/louise/Development/rover_project/rover_project_gazebo_ws/install/wave_rover_description/share/wave_rover_description/environment/path.sh
[0.050s] -- Up-to-date symlink: /home/louise/Development/rover_project/rover_project_gazebo_ws/install/wave_rover_description/share/wave_rover_description/environment/path.dsv
[0.050s] -- Up-to-date symlink: /home/louise/Development/rover_project/rover_project_gazebo_ws/install/wave_rover_description/share/wave_rover_description/local_setup.bash
[0.050s] -- Up-to-date symlink: /home/louise/Development/rover_project/rover_project_gazebo_ws/install/wave_rover_description/share/wave_rover_description/local_setup.sh
[0.051s] -- Up-to-date symlink: /home/louise/Development/rover_project/rover_project_gazebo_ws/install/wave_rover_description/share/wave_rover_description/local_setup.zsh
[0.051s] -- Up-to-date symlink: /home/louise/Development/rover_project/rover_project_gazebo_ws/install/wave_rover_description/share/wave_rover_description/local_setup.dsv
[0.051s] -- Symlinking: /home/louise/Development/rover_project/rover_project_gazebo_ws/install/wave_rover_description/share/wave_rover_description/package.dsv
[0.057s] -- Up-to-date symlink: /home/louise/Development/rover_project/rover_project_gazebo_ws/install/wave_rover_description/share/ament_index/resource_index/packages/wave_rover_description
[0.057s] -- Up-to-date symlink: /home/louise/Development/rover_project/rover_project_gazebo_ws/install/wave_rover_description/share/wave_rover_description/cmake/wave_rover_descriptionConfig.cmake
[0.057s] -- Up-to-date symlink: /home/louise/Development/rover_project/rover_project_gazebo_ws/install/wave_rover_description/share/wave_rover_description/cmake/wave_rover_descriptionConfig-version.cmake
[0.058s] -- Up-to-date symlink: /home/louise/Development/rover_project/rover_project_gazebo_ws/install/wave_rover_description/share/wave_rover_description/package.xml
[0.070s] Invoked command in '/home/louise/Development/rover_project/rover_project_gazebo_ws/build/wave_rover_description' returned '0': CMAKE_PREFIX_PATH=${CMAKE_PREFIX_PATH}:/opt/ros/humble /usr/bin/cmake --install /home/louise/Development/rover_project/rover_project_gazebo_ws/build/wave_rover_description
