[0.262s] DEBUG:colcon:Command line arguments: ['/usr/bin/colcon', 'build', '--symlink-install']
[0.262s] DEBUG:colcon:Parsed command line arguments: Namespace(log_base=None, log_level=None, verb_name='build', build_base='build', install_base='install', merge_install=False, symlink_install=True, test_result_base=None, continue_on_error=False, executor='parallel', parallel_workers=8, event_handlers=None, ignore_user_meta=False, metas=['./colcon.meta'], base_paths=['.'], packages_ignore=None, packages_ignore_regex=None, paths=None, packages_up_to=None, packages_up_to_regex=None, packages_above=None, packages_above_and_dependencies=None, packages_above_depth=None, packages_select_by_dep=None, packages_skip_by_dep=None, packages_skip_up_to=None, packages_select_build_failed=False, packages_skip_build_finished=False, packages_select_test_failures=False, packages_skip_test_passed=False, packages_select=None, packages_skip=None, packages_select_regex=None, packages_skip_regex=None, packages_start=None, packages_end=None, allow_overriding=[], cmake_args=None, cmake_target=None, cmake_target_skip_unavailable=False, cmake_clean_cache=False, cmake_clean_first=False, cmake_force_configure=False, ament_cmake_args=None, catkin_cmake_args=None, catkin_skip_building_tests=False, verb_parser=<colcon_defaults.argument_parser.defaults.DefaultArgumentsDecorator object at 0x7d0c95f66da0>, verb_extension=<colcon_core.verb.build.BuildVerb object at 0x7d0c9605baf0>, main=<bound method BuildVerb.main of <colcon_core.verb.build.BuildVerb object at 0x7d0c9605baf0>>)
[0.491s] Level 1:colcon.colcon_core.package_discovery:discover_packages(colcon_meta) check parameters
[0.491s] Level 1:colcon.colcon_core.package_discovery:discover_packages(recursive) check parameters
[0.491s] Level 1:colcon.colcon_core.package_discovery:discover_packages(ignore) check parameters
[0.491s] Level 1:colcon.colcon_core.package_discovery:discover_packages(path) check parameters
[0.491s] Level 1:colcon.colcon_core.package_discovery:discover_packages(colcon_meta) discover
[0.491s] Level 1:colcon.colcon_core.package_discovery:discover_packages(recursive) discover
[0.491s] INFO:colcon.colcon_core.package_discovery:Crawling recursively for packages in '/home/louise/Development/rover_project/wave_rover_gazebo_ws/src/wave_rover_description'
[0.491s] Level 1:colcon.colcon_core.package_identification:_identify(.) by extensions ['ignore', 'ignore_ament_install']
[0.491s] Level 1:colcon.colcon_core.package_identification:_identify(.) by extension 'ignore'
[0.491s] Level 1:colcon.colcon_core.package_identification:_identify(.) by extension 'ignore_ament_install'
[0.491s] Level 1:colcon.colcon_core.package_identification:_identify(.) by extensions ['colcon_pkg']
[0.491s] Level 1:colcon.colcon_core.package_identification:_identify(.) by extension 'colcon_pkg'
[0.491s] Level 1:colcon.colcon_core.package_identification:_identify(.) by extensions ['colcon_meta']
[0.491s] Level 1:colcon.colcon_core.package_identification:_identify(.) by extension 'colcon_meta'
[0.491s] Level 1:colcon.colcon_core.package_identification:_identify(.) by extensions ['ros']
[0.491s] Level 1:colcon.colcon_core.package_identification:_identify(.) by extension 'ros'
[0.510s] DEBUG:colcon.colcon_core.package_identification:Package '.' with type 'ros.ament_cmake' and name 'wave_rover_description'
[0.510s] Level 1:colcon.colcon_core.package_discovery:discover_packages(recursive) using defaults
[0.510s] Level 1:colcon.colcon_core.package_discovery:discover_packages(ignore) discover
[0.510s] Level 1:colcon.colcon_core.package_discovery:discover_packages(ignore) using defaults
[0.510s] Level 1:colcon.colcon_core.package_discovery:discover_packages(path) discover
[0.510s] Level 1:colcon.colcon_core.package_discovery:discover_packages(path) using defaults
[0.532s] Level 1:colcon.colcon_core.package_discovery:discover_packages(prefix_path) check parameters
[0.532s] Level 1:colcon.colcon_core.package_discovery:discover_packages(prefix_path) discover
[0.535s] DEBUG:colcon.colcon_installed_package_information.package_discovery:Found 326 installed packages in /opt/ros/humble
[0.537s] Level 1:colcon.colcon_core.package_discovery:discover_packages(prefix_path) using defaults
[0.562s] Level 5:colcon.colcon_core.verb:set package 'wave_rover_description' build argument 'cmake_args' from command line to 'None'
[0.563s] Level 5:colcon.colcon_core.verb:set package 'wave_rover_description' build argument 'cmake_target' from command line to 'None'
[0.563s] Level 5:colcon.colcon_core.verb:set package 'wave_rover_description' build argument 'cmake_target_skip_unavailable' from command line to 'False'
[0.563s] Level 5:colcon.colcon_core.verb:set package 'wave_rover_description' build argument 'cmake_clean_cache' from command line to 'False'
[0.563s] Level 5:colcon.colcon_core.verb:set package 'wave_rover_description' build argument 'cmake_clean_first' from command line to 'False'
[0.563s] Level 5:colcon.colcon_core.verb:set package 'wave_rover_description' build argument 'cmake_force_configure' from command line to 'False'
[0.563s] Level 5:colcon.colcon_core.verb:set package 'wave_rover_description' build argument 'ament_cmake_args' from command line to 'None'
[0.563s] Level 5:colcon.colcon_core.verb:set package 'wave_rover_description' build argument 'catkin_cmake_args' from command line to 'None'
[0.563s] Level 5:colcon.colcon_core.verb:set package 'wave_rover_description' build argument 'catkin_skip_building_tests' from command line to 'False'
[0.563s] DEBUG:colcon.colcon_core.verb:Building package 'wave_rover_description' with the following arguments: {'ament_cmake_args': None, 'build_base': '/home/louise/Development/rover_project/wave_rover_gazebo_ws/src/wave_rover_description/build/wave_rover_description', 'catkin_cmake_args': None, 'catkin_skip_building_tests': False, 'cmake_args': None, 'cmake_clean_cache': False, 'cmake_clean_first': False, 'cmake_force_configure': False, 'cmake_target': None, 'cmake_target_skip_unavailable': False, 'install_base': '/home/louise/Development/rover_project/wave_rover_gazebo_ws/src/wave_rover_description/install/wave_rover_description', 'merge_install': False, 'path': '/home/louise/Development/rover_project/wave_rover_gazebo_ws/src/wave_rover_description', 'symlink_install': True, 'test_result_base': None}
[0.563s] INFO:colcon.colcon_core.executor:Executing jobs using 'parallel' executor
[0.564s] DEBUG:colcon.colcon_parallel_executor.executor.parallel:run_until_complete
[0.564s] INFO:colcon.colcon_ros.task.ament_cmake.build:Building ROS package in '/home/louise/Development/rover_project/wave_rover_gazebo_ws/src/wave_rover_description' with build type 'ament_cmake'
[0.564s] INFO:colcon.colcon_cmake.task.cmake.build:Building CMake package in '/home/louise/Development/rover_project/wave_rover_gazebo_ws/src/wave_rover_description'
[0.569s] INFO:colcon.colcon_core.plugin_system:Skipping extension 'colcon_core.shell.bat': Not used on non-Windows systems
[0.569s] INFO:colcon.colcon_core.shell:Skip shell extension 'powershell' for command environment: Not usable outside of PowerShell
[0.569s] DEBUG:colcon.colcon_core.shell:Skip shell extension 'dsv' for command environment
[0.573s] DEBUG:colcon.colcon_core.event_handler.log_command:Invoking command in '/home/louise/Development/rover_project/wave_rover_gazebo_ws/src/wave_rover_description/build/wave_rover_description': CMAKE_PREFIX_PATH=/opt/ros/humble /usr/bin/cmake /home/louise/Development/rover_project/wave_rover_gazebo_ws/src/wave_rover_description -DAMENT_CMAKE_SYMLINK_INSTALL=1 -DCMAKE_INSTALL_PREFIX=/home/louise/Development/rover_project/wave_rover_gazebo_ws/src/wave_rover_description/install/wave_rover_description
[1.194s] DEBUG:colcon.colcon_core.event_handler.log_command:Invoked command in '/home/louise/Development/rover_project/wave_rover_gazebo_ws/src/wave_rover_description/build/wave_rover_description' returned '0': CMAKE_PREFIX_PATH=/opt/ros/humble /usr/bin/cmake /home/louise/Development/rover_project/wave_rover_gazebo_ws/src/wave_rover_description -DAMENT_CMAKE_SYMLINK_INSTALL=1 -DCMAKE_INSTALL_PREFIX=/home/louise/Development/rover_project/wave_rover_gazebo_ws/src/wave_rover_description/install/wave_rover_description
[1.195s] DEBUG:colcon.colcon_core.event_handler.log_command:Invoking command in '/home/louise/Development/rover_project/wave_rover_gazebo_ws/src/wave_rover_description/build/wave_rover_description': CMAKE_PREFIX_PATH=/opt/ros/humble /usr/bin/cmake --build /home/louise/Development/rover_project/wave_rover_gazebo_ws/src/wave_rover_description/build/wave_rover_description -- -j8 -l8
[1.219s] DEBUG:colcon.colcon_core.event_handler.log_command:Invoked command in '/home/louise/Development/rover_project/wave_rover_gazebo_ws/src/wave_rover_description/build/wave_rover_description' returned '0': CMAKE_PREFIX_PATH=/opt/ros/humble /usr/bin/cmake --build /home/louise/Development/rover_project/wave_rover_gazebo_ws/src/wave_rover_description/build/wave_rover_description -- -j8 -l8
[1.225s] DEBUG:colcon.colcon_core.event_handler.log_command:Invoking command in '/home/louise/Development/rover_project/wave_rover_gazebo_ws/src/wave_rover_description/build/wave_rover_description': CMAKE_PREFIX_PATH=/opt/ros/humble /usr/bin/cmake --install /home/louise/Development/rover_project/wave_rover_gazebo_ws/src/wave_rover_description/build/wave_rover_description
[1.545s] Level 1:colcon.colcon_core.environment:create_environment_scripts_only(wave_rover_description)
[1.545s] DEBUG:colcon.colcon_core.event_handler.log_command:Invoked command in '/home/louise/Development/rover_project/wave_rover_gazebo_ws/src/wave_rover_description/build/wave_rover_description' returned '0': CMAKE_PREFIX_PATH=/opt/ros/humble /usr/bin/cmake --install /home/louise/Development/rover_project/wave_rover_gazebo_ws/src/wave_rover_description/build/wave_rover_description
[1.553s] Level 1:colcon.colcon_core.environment:checking '/home/louise/Development/rover_project/wave_rover_gazebo_ws/src/wave_rover_description/install/wave_rover_description' for CMake module files
[1.554s] Level 1:colcon.colcon_core.environment:checking '/home/louise/Development/rover_project/wave_rover_gazebo_ws/src/wave_rover_description/install/wave_rover_description' for CMake config files
[1.554s] Level 1:colcon.colcon_core.shell:create_environment_hook('wave_rover_description', 'cmake_prefix_path')
[1.554s] INFO:colcon.colcon_core.shell:Creating environment hook '/home/louise/Development/rover_project/wave_rover_gazebo_ws/src/wave_rover_description/install/wave_rover_description/share/wave_rover_description/hook/cmake_prefix_path.ps1'
[1.555s] INFO:colcon.colcon_core.shell:Creating environment descriptor '/home/louise/Development/rover_project/wave_rover_gazebo_ws/src/wave_rover_description/install/wave_rover_description/share/wave_rover_description/hook/cmake_prefix_path.dsv'
[1.556s] INFO:colcon.colcon_core.shell:Creating environment hook '/home/louise/Development/rover_project/wave_rover_gazebo_ws/src/wave_rover_description/install/wave_rover_description/share/wave_rover_description/hook/cmake_prefix_path.sh'
[1.557s] Level 1:colcon.colcon_core.environment:checking '/home/louise/Development/rover_project/wave_rover_gazebo_ws/src/wave_rover_description/install/wave_rover_description/bin'
[1.557s] Level 1:colcon.colcon_core.environment:checking '/home/louise/Development/rover_project/wave_rover_gazebo_ws/src/wave_rover_description/install/wave_rover_description/lib/pkgconfig/wave_rover_description.pc'
[1.557s] Level 1:colcon.colcon_core.environment:checking '/home/louise/Development/rover_project/wave_rover_gazebo_ws/src/wave_rover_description/install/wave_rover_description/lib/python3.10/site-packages'
[1.557s] Level 1:colcon.colcon_core.environment:checking '/home/louise/Development/rover_project/wave_rover_gazebo_ws/src/wave_rover_description/install/wave_rover_description/bin'
[1.557s] INFO:colcon.colcon_core.shell:Creating package script '/home/louise/Development/rover_project/wave_rover_gazebo_ws/src/wave_rover_description/install/wave_rover_description/share/wave_rover_description/package.ps1'
[1.558s] INFO:colcon.colcon_core.shell:Creating package descriptor '/home/louise/Development/rover_project/wave_rover_gazebo_ws/src/wave_rover_description/install/wave_rover_description/share/wave_rover_description/package.dsv'
[1.558s] INFO:colcon.colcon_core.shell:Creating package script '/home/louise/Development/rover_project/wave_rover_gazebo_ws/src/wave_rover_description/install/wave_rover_description/share/wave_rover_description/package.sh'
[1.559s] INFO:colcon.colcon_core.shell:Creating package script '/home/louise/Development/rover_project/wave_rover_gazebo_ws/src/wave_rover_description/install/wave_rover_description/share/wave_rover_description/package.bash'
[1.560s] INFO:colcon.colcon_core.shell:Creating package script '/home/louise/Development/rover_project/wave_rover_gazebo_ws/src/wave_rover_description/install/wave_rover_description/share/wave_rover_description/package.zsh'
[1.560s] Level 1:colcon.colcon_core.environment:create_file_with_runtime_dependencies(/home/louise/Development/rover_project/wave_rover_gazebo_ws/src/wave_rover_description/install/wave_rover_description/share/colcon-core/packages/wave_rover_description)
[1.561s] Level 1:colcon.colcon_core.environment:create_environment_scripts_only(wave_rover_description)
[1.561s] Level 1:colcon.colcon_core.environment:checking '/home/louise/Development/rover_project/wave_rover_gazebo_ws/src/wave_rover_description/install/wave_rover_description' for CMake module files
[1.561s] Level 1:colcon.colcon_core.environment:checking '/home/louise/Development/rover_project/wave_rover_gazebo_ws/src/wave_rover_description/install/wave_rover_description' for CMake config files
[1.562s] Level 1:colcon.colcon_core.shell:create_environment_hook('wave_rover_description', 'cmake_prefix_path')
[1.562s] INFO:colcon.colcon_core.shell:Creating environment hook '/home/louise/Development/rover_project/wave_rover_gazebo_ws/src/wave_rover_description/install/wave_rover_description/share/wave_rover_description/hook/cmake_prefix_path.ps1'
[1.562s] INFO:colcon.colcon_core.shell:Creating environment descriptor '/home/louise/Development/rover_project/wave_rover_gazebo_ws/src/wave_rover_description/install/wave_rover_description/share/wave_rover_description/hook/cmake_prefix_path.dsv'
[1.562s] INFO:colcon.colcon_core.shell:Creating environment hook '/home/louise/Development/rover_project/wave_rover_gazebo_ws/src/wave_rover_description/install/wave_rover_description/share/wave_rover_description/hook/cmake_prefix_path.sh'
[1.563s] Level 1:colcon.colcon_core.environment:checking '/home/louise/Development/rover_project/wave_rover_gazebo_ws/src/wave_rover_description/install/wave_rover_description/bin'
[1.563s] Level 1:colcon.colcon_core.environment:checking '/home/louise/Development/rover_project/wave_rover_gazebo_ws/src/wave_rover_description/install/wave_rover_description/lib/pkgconfig/wave_rover_description.pc'
[1.563s] Level 1:colcon.colcon_core.environment:checking '/home/louise/Development/rover_project/wave_rover_gazebo_ws/src/wave_rover_description/install/wave_rover_description/lib/python3.10/site-packages'
[1.563s] Level 1:colcon.colcon_core.environment:checking '/home/louise/Development/rover_project/wave_rover_gazebo_ws/src/wave_rover_description/install/wave_rover_description/bin'
[1.563s] INFO:colcon.colcon_core.shell:Creating package script '/home/louise/Development/rover_project/wave_rover_gazebo_ws/src/wave_rover_description/install/wave_rover_description/share/wave_rover_description/package.ps1'
[1.564s] INFO:colcon.colcon_core.shell:Creating package descriptor '/home/louise/Development/rover_project/wave_rover_gazebo_ws/src/wave_rover_description/install/wave_rover_description/share/wave_rover_description/package.dsv'
[1.564s] INFO:colcon.colcon_core.shell:Creating package script '/home/louise/Development/rover_project/wave_rover_gazebo_ws/src/wave_rover_description/install/wave_rover_description/share/wave_rover_description/package.sh'
[1.564s] INFO:colcon.colcon_core.shell:Creating package script '/home/louise/Development/rover_project/wave_rover_gazebo_ws/src/wave_rover_description/install/wave_rover_description/share/wave_rover_description/package.bash'
[1.564s] INFO:colcon.colcon_core.shell:Creating package script '/home/louise/Development/rover_project/wave_rover_gazebo_ws/src/wave_rover_description/install/wave_rover_description/share/wave_rover_description/package.zsh'
[1.565s] Level 1:colcon.colcon_core.environment:create_file_with_runtime_dependencies(/home/louise/Development/rover_project/wave_rover_gazebo_ws/src/wave_rover_description/install/wave_rover_description/share/colcon-core/packages/wave_rover_description)
[1.565s] DEBUG:colcon.colcon_parallel_executor.executor.parallel:closing loop
[1.565s] DEBUG:colcon.colcon_parallel_executor.executor.parallel:loop closed
[1.565s] DEBUG:colcon.colcon_parallel_executor.executor.parallel:run_until_complete finished with '0'
[1.565s] DEBUG:colcon.colcon_core.event_reactor:joining thread
[1.569s] INFO:colcon.colcon_core.plugin_system:Skipping extension 'colcon_notification.desktop_notification.terminal_notifier': Not used on non-Darwin systems
[1.569s] INFO:colcon.colcon_core.plugin_system:Skipping extension 'colcon_notification.desktop_notification.win32': Not used on non-Windows systems
[1.569s] INFO:colcon.colcon_notification.desktop_notification:Sending desktop notification using 'notify2'
[1.579s] DEBUG:colcon.colcon_core.event_reactor:joined thread
[1.579s] INFO:colcon.colcon_core.shell:Creating prefix script '/home/louise/Development/rover_project/wave_rover_gazebo_ws/src/wave_rover_description/install/local_setup.ps1'
[1.580s] INFO:colcon.colcon_core.shell:Creating prefix util module '/home/louise/Development/rover_project/wave_rover_gazebo_ws/src/wave_rover_description/install/_local_setup_util_ps1.py'
[1.582s] INFO:colcon.colcon_core.shell:Creating prefix chain script '/home/louise/Development/rover_project/wave_rover_gazebo_ws/src/wave_rover_description/install/setup.ps1'
[1.582s] INFO:colcon.colcon_core.shell:Creating prefix script '/home/louise/Development/rover_project/wave_rover_gazebo_ws/src/wave_rover_description/install/local_setup.sh'
[1.583s] INFO:colcon.colcon_core.shell:Creating prefix util module '/home/louise/Development/rover_project/wave_rover_gazebo_ws/src/wave_rover_description/install/_local_setup_util_sh.py'
[1.583s] INFO:colcon.colcon_core.shell:Creating prefix chain script '/home/louise/Development/rover_project/wave_rover_gazebo_ws/src/wave_rover_description/install/setup.sh'
[1.584s] INFO:colcon.colcon_core.shell:Creating prefix script '/home/louise/Development/rover_project/wave_rover_gazebo_ws/src/wave_rover_description/install/local_setup.bash'
[1.584s] INFO:colcon.colcon_core.shell:Creating prefix chain script '/home/louise/Development/rover_project/wave_rover_gazebo_ws/src/wave_rover_description/install/setup.bash'
[1.585s] INFO:colcon.colcon_core.shell:Creating prefix script '/home/louise/Development/rover_project/wave_rover_gazebo_ws/src/wave_rover_description/install/local_setup.zsh'
[1.586s] INFO:colcon.colcon_core.shell:Creating prefix chain script '/home/louise/Development/rover_project/wave_rover_gazebo_ws/src/wave_rover_description/install/setup.zsh'
