[0.009s] Invoking command in '/home/louise/Development/rover_project_gazebo/build/realsense2_description': /usr/bin/cmake /home/louise/Development/rover_project_gazebo/src/realsense2_description -DCATKIN_INSTALL_INTO_PREFIX_ROOT=0 -DCATKIN_SYMLINK_INSTALL=ON -DCMAKE_INSTALL_PREFIX=/home/louise/Development/rover_project_gazebo/install/realsense2_description
[0.015s] [0mCMake Deprecation Warning at CMakeLists.txt:1 (cmake_minimum_required):
[0.015s]   Compatibility with CMake < 2.8.12 will be removed from a future version of
[0.015s]   CMake.
[0.015s] 
[0.015s]   Update the VERSION argument <min> value or use a ...<max> suffix to tell
[0.015s]   CMake that the project does not need compatibility with older versions.
[0.015s] 
[0.015s] [0m
[0.048s] -- The C compiler identification is GNU 11.4.0
[0.092s] -- The CXX compiler identification is GNU 11.4.0
[0.101s] -- Detecting C compiler ABI info
[0.149s] -- Detecting C compiler ABI info - done
[0.157s] -- Check for working C compiler: /usr/bin/cc - skipped
[0.157s] -- Detecting C compile features
[0.158s] -- Detecting C compile features - done
[0.160s] -- Detecting CXX compiler ABI info
[0.215s] -- Detecting CXX compiler ABI info - done
[0.222s] -- Check for working CXX compiler: /usr/bin/c++ - skipped
[0.222s] -- Detecting CXX compile features
[0.223s] -- Detecting CXX compile features - done
[0.231s] [31mCMake Error at CMakeLists.txt:4 (find_package):
[0.231s]   By not providing "Findcatkin.cmake" in CMAKE_MODULE_PATH this project has
[0.231s]   asked CMake to find a package configuration file provided by "catkin", but
[0.231s]   CMake did not find one.
[0.231s] 
[0.231s]   Could not find a package configuration file provided by "catkin" with any
[0.231s]   of the following names:
[0.231s] 
[0.231s]     catkinConfig.cmake
[0.231s]     catkin-config.cmake
[0.232s] 
[0.232s]   Add the installation prefix of "catkin" to CMAKE_PREFIX_PATH or set
[0.232s]   "catkin_DIR" to a directory containing one of the above files.  If "catkin"
[0.232s]   provides a separate development package or SDK, be sure it has been
[0.232s]   installed.
[0.232s] 
[0.232s] [0m
[0.232s] -- Configuring incomplete, errors occurred!
[0.232s] See also "/home/louise/Development/rover_project_gazebo/build/realsense2_description/CMakeFiles/CMakeOutput.log".
[0.234s] Invoked command in '/home/louise/Development/rover_project_gazebo/build/realsense2_description' returned '1': /usr/bin/cmake /home/louise/Development/rover_project_gazebo/src/realsense2_description -DCATKIN_INSTALL_INTO_PREFIX_ROOT=0 -DCATKIN_SYMLINK_INSTALL=ON -DCMAKE_INSTALL_PREFIX=/home/louise/Development/rover_project_gazebo/install/realsense2_description
